SF:/home/runner/work/figmage/figmage/packages/figma_variables_api/lib/src/client.dart
DA:30,0
DA:56,0
DA:57,0
DA:58,0
DA:59,0
DA:60,0
DA:62,0
DA:69,0
DA:70,0
DA:71,0
DA:75,0
DA:76,0
DA:77,0
DA:80,0
DA:81,0
DA:82,0
DA:86,0
DA:92,0
DA:95,0
DA:97,0
DA:99,0
DA:100,0
DA:105,0
DA:109,0
DA:110,0
DA:114,0
DA:118,0
DA:120,0
DA:121,0
DA:122,0
DA:124,0
DA:129,0
DA:137,0
DA:138,0
DA:140,0
DA:141,0
DA:142,0
DA:143,0
DA:144,0
DA:146,0
DA:150,0
DA:151,0
DA:152,0
DA:153,0
DA:154,0
DA:158,0
DA:159,0
DA:160,0
DA:161,0
DA:162,0
DA:163,0
DA:164,0
DA:165,0
DA:171,0
DA:174,0
DA:175,0
DA:176,0
DA:177,0
DA:178,0
DA:179,0
DA:180,0
DA:181,0
DA:184,0
DA:185,0
DA:188,0
DA:190,0
DA:193,0
DA:194,0
DA:197,0
DA:198,0
DA:200,0
DA:207,0
DA:215,0
LF:73
LH:0
end_of_record
SF:/home/runner/work/figmage/figmage/packages/figma_variables_api/lib/src/dto/file_styles_response/file_styles_response.dart
DA:13,0
DA:23,0
DA:24,0
DA:47,0
DA:49,0
DA:50,0
DA:51,0
DA:52,0
DA:53,0
DA:54,0
DA:55,0
DA:56,0
DA:57,0
LF:13
LH:0
end_of_record
SF:/home/runner/work/figmage/figmage/packages/figma_variables_api/lib/src/dto/file_styles_response/file_styles_response.g.dart
DA:43,0
DA:47,0
DA:48,0
DA:50,0
DA:51,0
DA:53,0
DA:55,0
DA:57,0
DA:59,0
DA:61,0
DA:62,0
DA:64,0
DA:66,0
DA:68,0
DA:69,0
DA:71,0
DA:88,0
DA:89,0
DA:90,0
DA:93,0
DA:94,0
DA:97,0
DA:98,0
DA:101,0
DA:102,0
DA:105,0
DA:106,0
DA:109,0
DA:110,0
DA:113,0
DA:114,0
DA:124,0
DA:125,0
DA:132,0
DA:133,0
DA:134,0
DA:135,0
DA:136,0
DA:138,0
DA:139,0
DA:140,0
DA:141,0
DA:142,0
DA:143,0
DA:147,0
DA:148,0
DA:149,0
DA:150,0
DA:151,0
DA:152,0
DA:153,0
DA:154,0
DA:155,0
LF:53
LH:0
end_of_record
SF:/home/runner/work/figmage/figmage/packages/figma_variables_api/lib/src/dto/nodes/node_content.dart
DA:14,1
DA:27,1
DA:28,1
DA:61,2
DA:63,1
DA:64,1
DA:65,1
DA:66,1
DA:67,1
DA:68,1
DA:69,1
DA:70,1
DA:71,1
DA:72,1
DA:73,1
DA:74,1
LF:16
LH:16
end_of_record
SF:/home/runner/work/figmage/figmage/packages/figma_variables_api/lib/src/dto/nodes/node_content.g.dart
DA:52,0
DA:56,0
DA:57,0
DA:59,0
DA:60,0
DA:62,0
DA:64,0
DA:66,0
DA:68,0
DA:70,0
DA:71,0
DA:73,0
DA:74,0
DA:76,0
DA:78,0
DA:80,0
DA:82,0
DA:84,0
DA:86,0
DA:88,0
DA:89,0
DA:91,0
DA:111,0
DA:112,0
DA:113,0
DA:116,0
DA:117,0
DA:120,0
DA:121,0
DA:124,0
DA:125,0
DA:128,0
DA:129,0
DA:132,0
DA:133,0
DA:136,0
DA:137,0
DA:140,0
DA:141,0
DA:144,0
DA:145,0
DA:148,0
DA:149,0
DA:159,0
DA:166,2
DA:167,1
DA:168,1
DA:169,1
DA:171,2
DA:172,1
DA:173,1
DA:174,2
DA:175,2
DA:176,0
DA:178,2
DA:179,0
DA:181,2
DA:182,2
DA:183,0
DA:187,1
DA:188,1
DA:189,1
DA:190,1
DA:191,2
DA:192,1
DA:193,1
DA:194,2
DA:195,1
DA:196,1
DA:197,1
DA:198,1
LF:71
LH:24
end_of_record
SF:/home/runner/work/figmage/figmage/packages/figma_variables_api/lib/src/dto/nodes/nodes_response.g.dart
DA:40,0
DA:44,0
DA:45,0
DA:47,0
DA:48,0
DA:50,0
DA:52,0
DA:54,0
DA:56,0
DA:58,0
DA:59,0
DA:61,0
DA:62,0
DA:64,0
DA:80,0
DA:81,0
DA:82,0
DA:85,0
DA:86,0
DA:89,0
DA:90,0
DA:93,0
DA:94,0
DA:97,0
DA:98,0
DA:101,0
DA:102,0
DA:112,0
DA:119,0
DA:120,0
DA:121,0
DA:122,0
DA:123,0
DA:125,0
DA:126,0
DA:127,0
DA:128,0
DA:129,0
DA:133,0
DA:134,0
DA:135,0
DA:136,0
DA:137,0
DA:138,0
DA:139,0
DA:140,0
LF:46
LH:0
end_of_record
SF:/home/runner/work/figmage/figmage/packages/figma_variables_api/lib/src/dto/nodes/nodes_response.dart
DA:14,0
DA:23,0
DA:24,0
DA:44,0
DA:46,0
DA:47,0
DA:48,0
DA:49,0
DA:50,0
DA:51,0
DA:52,0
DA:53,0
LF:12
LH:0
end_of_record
SF:/home/runner/work/figmage/figmage/packages/figma_variables_api/lib/src/dto/styles/styles_response.g.dart
DA:31,0
DA:35,0
DA:36,0
DA:38,0
DA:39,0
DA:41,0
DA:42,0
DA:44,0
DA:57,0
DA:58,0
DA:59,0
DA:62,0
DA:63,0
DA:66,0
DA:67,0
DA:77,0
DA:96,0
DA:100,0
DA:101,0
DA:103,0
DA:114,0
DA:115,0
DA:116,0
DA:126,0
DA:127,0
DA:134,0
DA:135,0
DA:136,0
DA:137,0
DA:138,0
DA:140,0
DA:143,0
DA:144,0
DA:145,0
DA:146,0
DA:147,0
DA:150,0
DA:151,0
DA:152,0
DA:153,0
DA:154,0
DA:157,0
DA:158,0
DA:159,0
LF:44
LH:0
end_of_record
SF:/home/runner/work/figmage/figmage/packages/figma_variables_api/lib/src/dto/styles/styles_response.dart
DA:12,0
DA:14,0
DA:15,0
DA:26,0
DA:27,0
DA:29,0
DA:35,0
DA:37,0
DA:38,0
DA:42,0
DA:43,0
DA:45,0
LF:12
LH:0
end_of_record
SF:/home/runner/work/figmage/figmage/packages/figma_variables_api/lib/src/dto/variable/variable_dto.dart
DA:14,3
DA:29,3
DA:30,3
DA:45,1
DA:46,1
DA:47,1
DA:48,1
DA:49,1
DA:50,1
DA:51,1
DA:52,1
DA:53,1
DA:54,1
DA:55,1
DA:56,1
DA:57,1
DA:58,1
DA:61,4
LF:18
LH:18
end_of_record
SF:/home/runner/work/figmage/figmage/packages/figma_variables_api/lib/src/dto/variable/variable_dto.g.dart
DA:58,2
DA:62,0
DA:63,0
DA:65,0
DA:66,0
DA:68,0
DA:69,0
DA:71,0
DA:72,0
DA:74,0
DA:76,0
DA:78,0
DA:80,0
DA:82,0
DA:83,0
DA:85,0
DA:87,0
DA:89,0
DA:91,0
DA:93,0
DA:94,0
DA:96,0
DA:98,0
DA:100,0
DA:102,0
DA:104,2
DA:126,2
DA:127,2
DA:128,4
DA:131,2
DA:132,0
DA:135,2
DA:136,4
DA:139,2
DA:140,4
DA:143,2
DA:144,4
DA:147,2
DA:148,4
DA:151,2
DA:152,4
DA:155,2
DA:156,4
DA:159,2
DA:160,4
DA:163,2
DA:164,4
DA:167,2
DA:168,4
DA:171,2
DA:172,4
DA:182,4
DA:189,6
DA:190,3
DA:191,3
DA:192,3
DA:193,3
DA:194,3
DA:195,6
DA:196,3
DA:197,3
DA:198,6
DA:199,9
DA:202,12
DA:203,6
DA:204,3
DA:207,2
DA:208,2
DA:209,2
DA:210,2
DA:211,2
DA:212,2
DA:213,2
DA:214,4
DA:215,2
DA:216,2
DA:218,10
DA:219,2
DA:220,2
DA:221,2
LF:80
LH:55
end_of_record
SF:/home/runner/work/figmage/figmage/packages/figma_variables_api/lib/src/dto/variable_collection/variable_collection_dto.g.dart
DA:47,1
DA:51,0
DA:53,0
DA:55,0
DA:56,0
DA:58,0
DA:59,0
DA:61,0
DA:62,0
DA:64,0
DA:66,0
DA:68,0
DA:69,0
DA:71,0
DA:73,0
DA:75,0
DA:77,0
DA:79,1
DA:97,1
DA:98,1
DA:99,2
DA:102,1
DA:103,2
DA:106,1
DA:107,0
DA:110,1
DA:111,2
DA:114,1
DA:115,2
DA:118,1
DA:119,2
DA:122,1
DA:123,2
DA:126,1
DA:127,2
DA:137,1
DA:138,1
DA:145,3
DA:147,3
DA:148,3
DA:149,3
DA:150,3
DA:151,3
DA:152,3
DA:153,9
DA:154,3
DA:155,3
DA:156,3
DA:157,3
DA:158,6
DA:159,3
DA:162,2
DA:164,2
DA:165,2
DA:166,2
DA:167,2
DA:168,2
DA:169,10
DA:170,2
DA:171,2
DA:172,2
LF:61
LH:44
end_of_record
SF:/home/runner/work/figmage/figmage/packages/figma_variables_api/lib/src/dto/variable_collection/variable_collection_dto.dart
DA:11,3
DA:22,3
DA:23,3
DA:33,1
DA:34,1
DA:35,1
DA:36,1
DA:37,1
DA:38,1
DA:39,1
DA:40,1
DA:41,1
DA:42,1
DA:45,4
LF:14
LH:14
end_of_record
SF:/home/runner/work/figmage/figmage/packages/figma_variables_api/lib/src/dto/variable_mode/variable_mode_dto.dart
DA:10,3
DA:15,3
DA:16,3
DA:21,1
DA:22,3
DA:24,4
LF:6
LH:6
end_of_record
SF:/home/runner/work/figmage/figmage/packages/figma_variables_api/lib/src/dto/variable_mode/variable_mode_dto.g.dart
DA:28,0
DA:32,0
DA:33,0
DA:35,0
DA:36,0
DA:38,0
DA:50,0
DA:51,0
DA:52,0
DA:55,0
DA:56,0
DA:66,0
DA:73,3
DA:74,3
DA:75,3
DA:76,3
DA:79,2
DA:80,2
DA:81,2
DA:82,2
LF:20
LH:8
end_of_record
SF:/home/runner/work/figmage/figmage/packages/figma_variables_api/lib/src/dto/variable_mode_value/variable_mode_value_dto.dart
DA:7,4
DA:9,4
DA:10,4
DA:11,1
DA:12,4
DA:13,4
DA:14,4
DA:15,1
DA:16,4
DA:17,4
DA:18,3
DA:19,3
DA:20,3
DA:21,3
DA:22,12
DA:23,4
DA:26,1
DA:34,1
DA:38,1
DA:39,1
DA:41,1
DA:42,2
DA:47,2
DA:51,2
DA:52,2
DA:54,1
DA:55,2
DA:60,1
DA:64,1
DA:65,1
DA:67,1
DA:68,2
DA:73,3
DA:80,3
DA:81,3
DA:91,1
DA:92,3
DA:93,3
DA:94,3
DA:95,3
DA:96,6
DA:99,2
DA:100,2
DA:102,1
DA:103,2
DA:108,4
DA:110,4
DA:111,4
DA:117,3
DA:118,3
DA:120,1
DA:121,3
LF:52
LH:52
end_of_record
SF:/home/runner/work/figmage/figmage/packages/figma_variables_api/lib/src/dto/variable_mode_value/variable_mode_value_dto.g.dart
DA:9,0
DA:11,0
DA:12,0
DA:15,0
DA:17,0
DA:18,0
DA:21,0
DA:23,0
DA:24,0
DA:27,0
DA:29,0
DA:30,0
DA:33,0
DA:35,0
DA:36,0
DA:39,0
DA:41,0
DA:42,0
DA:45,3
DA:47,3
DA:48,6
DA:49,6
DA:50,6
DA:51,6
DA:54,2
DA:56,2
DA:57,2
DA:58,2
DA:59,2
DA:60,2
DA:63,4
DA:65,4
DA:66,4
DA:67,4
DA:70,3
DA:72,3
DA:73,3
DA:74,3
LF:38
LH:20
end_of_record
SF:/home/runner/work/figmage/figmage/packages/figma_variables_api/lib/src/dto/variable_response/variables_response_dto.g.dart
DA:32,0
DA:36,0
DA:37,0
DA:39,0
DA:40,0
DA:42,0
DA:43,0
DA:45,0
DA:58,0
DA:59,0
DA:60,0
DA:63,0
DA:64,0
DA:67,0
DA:68,0
DA:78,0
DA:79,0
DA:86,2
DA:88,2
DA:89,4
DA:90,2
DA:91,4
DA:94,1
DA:96,1
DA:97,1
DA:98,1
DA:99,2
LF:27
LH:10
end_of_record
SF:/home/runner/work/figmage/figmage/packages/figma_variables_api/lib/src/dto/variable_response/variables_response_dto.dart
DA:12,2
DA:18,2
DA:19,2
DA:30,1
DA:31,4
DA:33,2
LF:6
LH:6
end_of_record
SF:/home/runner/work/figmage/figmage/packages/figma_variables_api/lib/src/dto/variables_meta/variables_meta_dto.dart
DA:12,2
DA:17,2
DA:18,2
DA:22,0
DA:23,0
DA:25,2
LF:6
LH:4
end_of_record
SF:/home/runner/work/figmage/figmage/packages/figma_variables_api/lib/src/dto/variables_meta/variables_meta_dto.g.dart
DA:29,0
DA:33,0
DA:35,0
DA:37,0
DA:40,0
DA:42,0
DA:54,0
DA:55,0
DA:56,0
DA:59,0
DA:60,0
DA:70,0
DA:77,2
DA:78,2
DA:79,4
DA:80,6
DA:83,4
DA:84,4
DA:85,2
DA:89,1
DA:90,1
DA:91,5
DA:93,5
LF:23
LH:11
end_of_record
SF:/home/runner/work/figmage/figmage/packages/figma_variables_api/lib/src/query.dart
DA:6,0
DA:71,0
DA:72,0
DA:73,0
DA:74,0
DA:75,0
DA:76,0
DA:77,0
DA:78,0
DA:79,0
DA:80,0
DA:81,0
DA:82,0
DA:83,0
DA:84,0
DA:87,0
LF:16
LH:0
end_of_record
