SF:/home/runner/work/figmage/figmage/packages/figma_variables_api/lib/src/client.dart
DA:31,0
DA:57,0
DA:58,0
DA:59,0
DA:60,0
DA:61,0
DA:63,0
DA:69,0
DA:70,0
DA:71,0
DA:75,0
DA:79,0
DA:81,0
DA:82,0
DA:83,0
DA:85,0
DA:90,0
DA:98,0
DA:99,0
DA:101,0
DA:102,0
DA:103,0
DA:104,0
DA:105,0
DA:107,0
DA:111,0
DA:112,0
DA:113,0
DA:114,0
DA:115,0
DA:119,0
DA:120,0
DA:121,0
DA:122,0
DA:123,0
DA:124,0
DA:125,0
DA:126,0
DA:132,0
DA:135,0
DA:136,0
DA:137,0
DA:138,0
DA:139,0
DA:140,0
DA:141,0
DA:142,0
DA:145,0
DA:146,0
DA:149,0
DA:151,0
DA:154,0
DA:155,0
DA:158,0
DA:159,0
DA:161,0
DA:168,0
DA:176,1
LF:58
LH:1
end_of_record
SF:/home/runner/work/figmage/figmage/packages/figma_variables_api/lib/src/models/dto/variable/variable_dto.g.dart
DA:55,2
DA:59,0
DA:60,0
DA:62,0
DA:63,0
DA:65,0
DA:66,0
DA:68,0
DA:69,0
DA:71,0
DA:73,0
DA:75,0
DA:77,0
DA:79,0
DA:80,0
DA:82,0
DA:84,0
DA:86,0
DA:88,0
DA:90,0
DA:91,0
DA:93,0
DA:95,0
DA:97,2
DA:118,2
DA:119,2
DA:120,4
DA:123,2
DA:124,0
DA:127,2
DA:128,4
DA:131,2
DA:132,4
DA:136,2
DA:138,4
DA:142,2
DA:143,4
DA:147,2
DA:148,4
DA:152,2
DA:154,4
DA:158,2
DA:159,4
DA:162,2
DA:163,4
DA:167,2
DA:168,4
DA:178,4
DA:185,4
DA:186,2
DA:187,2
DA:188,2
DA:189,2
DA:190,2
DA:191,2
DA:192,2
DA:193,2
DA:194,4
DA:195,6
DA:198,8
DA:199,4
DA:202,2
DA:203,2
DA:204,2
DA:205,2
DA:206,2
DA:207,2
DA:208,2
DA:209,2
DA:210,2
DA:211,2
DA:213,10
DA:214,2
DA:215,2
LF:74
LH:51
end_of_record
SF:/home/runner/work/figmage/figmage/packages/figma_variables_api/lib/src/models/dto/variable/variable_dto.dart
DA:11,2
DA:25,2
DA:26,2
DA:40,1
DA:41,1
DA:42,1
DA:43,1
DA:44,1
DA:45,1
DA:46,1
DA:47,1
DA:48,1
DA:49,1
DA:50,1
DA:51,1
DA:52,1
DA:55,4
LF:17
LH:17
end_of_record
SF:/home/runner/work/figmage/figmage/packages/figma_variables_api/lib/src/models/dto/variable_collection/variable_collection_dto.g.dart
DA:47,1
DA:51,0
DA:53,0
DA:55,0
DA:56,0
DA:58,0
DA:59,0
DA:61,0
DA:62,0
DA:64,0
DA:66,0
DA:68,0
DA:69,0
DA:71,0
DA:73,0
DA:75,0
DA:77,0
DA:79,1
DA:97,1
DA:99,1
DA:100,2
DA:103,1
DA:104,2
DA:107,1
DA:108,0
DA:111,1
DA:112,2
DA:115,1
DA:116,2
DA:119,1
DA:120,2
DA:124,1
DA:126,2
DA:130,1
DA:131,2
DA:141,1
DA:142,1
DA:149,2
DA:151,2
DA:152,2
DA:153,2
DA:154,2
DA:155,2
DA:156,2
DA:157,6
DA:158,2
DA:159,2
DA:160,2
DA:161,2
DA:162,4
DA:163,2
DA:166,2
DA:168,2
DA:169,2
DA:170,2
DA:171,2
DA:172,2
DA:173,10
DA:174,2
DA:175,2
DA:176,2
LF:61
LH:44
end_of_record
SF:/home/runner/work/figmage/figmage/packages/figma_variables_api/lib/src/models/dto/variable_collection/variable_collection_dto.dart
DA:11,2
DA:22,2
DA:23,2
DA:33,1
DA:34,1
DA:35,1
DA:36,1
DA:37,1
DA:38,1
DA:39,1
DA:40,1
DA:41,1
DA:42,1
DA:45,4
LF:14
LH:14
end_of_record
SF:/home/runner/work/figmage/figmage/packages/figma_variables_api/lib/src/models/dto/variable_mode/variable_mode_dto.g.dart
DA:28,0
DA:32,0
DA:33,0
DA:35,0
DA:36,0
DA:38,0
DA:50,0
DA:51,0
DA:52,0
DA:55,0
DA:56,0
DA:66,0
DA:73,2
DA:74,2
DA:75,2
DA:76,2
DA:79,2
DA:80,2
DA:81,2
DA:82,2
LF:20
LH:8
end_of_record
SF:/home/runner/work/figmage/figmage/packages/figma_variables_api/lib/src/models/dto/variable_mode/variable_mode_dto.dart
DA:10,2
DA:15,2
DA:16,2
DA:21,1
DA:22,3
DA:24,4
LF:6
LH:6
end_of_record
SF:/home/runner/work/figmage/figmage/packages/figma_variables_api/lib/src/models/dto/variable_mode_value/variable_mode_value_dto.dart
DA:7,3
DA:9,3
DA:10,3
DA:11,1
DA:12,3
DA:13,4
DA:14,3
DA:15,1
DA:16,3
DA:17,3
DA:18,2
DA:19,2
DA:20,2
DA:21,2
DA:22,9
DA:23,3
DA:26,1
DA:34,1
DA:38,1
DA:39,1
DA:41,1
DA:42,2
DA:47,2
DA:51,2
DA:52,2
DA:54,1
DA:55,2
DA:60,1
DA:64,1
DA:65,1
DA:67,1
DA:68,2
DA:73,2
DA:80,2
DA:81,2
DA:91,1
DA:92,3
DA:93,3
DA:94,3
DA:95,3
DA:96,6
DA:99,2
DA:100,2
DA:102,1
DA:103,2
DA:108,3
DA:110,3
DA:111,3
DA:117,3
DA:118,3
DA:120,1
DA:121,3
LF:52
LH:52
end_of_record
SF:/home/runner/work/figmage/figmage/packages/figma_variables_api/lib/src/models/dto/variable_mode_value/variable_mode_value_dto.g.dart
DA:9,0
DA:11,0
DA:12,0
DA:15,0
DA:17,0
DA:18,0
DA:21,0
DA:23,0
DA:24,0
DA:27,0
DA:29,0
DA:30,0
DA:33,0
DA:35,0
DA:36,0
DA:39,0
DA:41,0
DA:42,0
DA:45,2
DA:47,2
DA:48,4
DA:49,4
DA:50,4
DA:51,4
DA:54,2
DA:56,2
DA:57,2
DA:58,2
DA:59,2
DA:60,2
DA:63,3
DA:65,3
DA:66,3
DA:67,3
DA:70,3
DA:72,3
DA:73,3
DA:74,3
LF:38
LH:20
end_of_record
SF:/home/runner/work/figmage/figmage/packages/figma_variables_api/lib/src/models/dto/variable_response/variables_response_dto.dart
DA:12,2
DA:18,1
DA:19,1
DA:30,1
DA:31,4
DA:33,2
LF:6
LH:6
end_of_record
SF:/home/runner/work/figmage/figmage/packages/figma_variables_api/lib/src/models/dto/variable_response/variables_response_dto.g.dart
DA:32,0
DA:36,0
DA:37,0
DA:39,0
DA:40,0
DA:42,0
DA:43,0
DA:45,0
DA:58,0
DA:59,0
DA:60,0
DA:63,0
DA:64,0
DA:67,0
DA:68,0
DA:78,0
DA:79,0
DA:86,1
DA:88,1
DA:89,1
DA:90,1
DA:91,2
DA:94,1
DA:96,1
DA:97,1
DA:98,1
DA:99,2
LF:27
LH:10
end_of_record
SF:/home/runner/work/figmage/figmage/packages/figma_variables_api/lib/src/models/dto/variables_meta/variables_meta_dto.dart
DA:12,2
DA:17,1
DA:18,1
DA:22,0
DA:23,0
DA:25,2
LF:6
LH:4
end_of_record
SF:/home/runner/work/figmage/figmage/packages/figma_variables_api/lib/src/models/dto/variables_meta/variables_meta_dto.g.dart
DA:29,0
DA:33,0
DA:35,0
DA:37,0
DA:40,0
DA:42,0
DA:54,0
DA:55,0
DA:56,0
DA:60,0
DA:62,0
DA:72,0
DA:79,1
DA:80,1
DA:81,2
DA:82,3
DA:85,2
DA:86,2
DA:87,1
DA:91,1
DA:92,1
DA:93,5
DA:95,5
LF:23
LH:11
end_of_record
SF:/home/runner/work/figmage/figmage/packages/figma_variables_api/lib/src/query.dart
DA:6,0
DA:71,0
DA:72,0
DA:73,0
DA:74,0
DA:75,0
DA:76,0
DA:77,0
DA:78,0
DA:79,0
DA:80,0
DA:81,0
DA:82,0
DA:83,0
DA:84,0
DA:87,0
LF:16
LH:0
end_of_record
