SF:/Users/tim/Developer/whynotmake.it/figmage/packages/figmage_package_generator/test/src/figmage_package_generator_test.dart
DA:7,1
DA:8,2
DA:9,2
DA:10,2
DA:15,2
DA:16,1
DA:19,2
DA:22,2
DA:23,4
DA:24,2
DA:25,1
DA:29,2
DA:30,1
DA:33,2
DA:34,1
DA:39,1
DA:45,3
DA:46,1
DA:47,1
DA:53,3
DA:54,1
DA:55,1
DA:60,3
DA:61,1
DA:62,1
LF:25
LH:25
end_of_record
SF:/Users/tim/.pub-cache/hosted/pub.dev/test_core-0.5.7/lib/src/bootstrap/vm.dart
DA:16,1
DA:18,2
DA:19,1
DA:20,2
DA:21,3
DA:23,2
DA:24,0
DA:25,0
DA:26,0
DA:32,0
DA:34,0
DA:35,0
DA:36,0
DA:38,0
DA:39,0
DA:40,0
DA:41,0
DA:42,0
DA:44,0
DA:45,0
DA:46,0
DA:47,0
LF:22
LH:6
end_of_record
SF:/Users/tim/.pub-cache/hosted/pub.dev/yaml-3.1.2/lib/src/equality.dart
DA:15,1
DA:16,1
DA:22,3
DA:31,1
DA:32,1
DA:33,2
DA:36,3
DA:37,0
DA:38,0
DA:46,2
DA:47,2
DA:49,1
DA:50,0
DA:51,1
DA:52,0
DA:53,1
DA:54,0
DA:56,1
DA:59,2
DA:60,2
DA:65,0
DA:66,0
DA:68,0
DA:69,0
DA:76,0
DA:77,0
DA:79,0
DA:80,0
DA:81,0
DA:91,0
DA:92,0
DA:93,0
DA:103,1
DA:104,1
DA:106,1
DA:107,1
DA:109,1
DA:111,1
DA:113,0
DA:114,0
DA:115,1
DA:116,0
DA:117,1
DA:118,2
DA:120,1
DA:123,1
DA:127,1
LF:47
LH:27
end_of_record
SF:/Users/tim/.pub-cache/hosted/pub.dev/yaml-3.1.2/lib/src/yaml_node.dart
DA:32,0
DA:35,1
DA:60,1
DA:63,1
DA:64,5
DA:73,0
DA:84,0
DA:86,0
DA:89,1
DA:90,1
DA:91,1
DA:93,1
DA:94,3
DA:105,0
DA:108,0
DA:109,0
DA:111,0
DA:113,0
DA:123,0
DA:134,0
DA:136,0
DA:139,0
DA:140,0
DA:141,0
DA:143,0
DA:144,0
DA:146,0
DA:148,0
DA:167,0
DA:168,0
DA:169,0
DA:173,1
DA:174,1
DA:175,2
DA:178,0
DA:180,0
DA:182,0
DA:183,0
DA:189,1
DA:190,1
LF:40
LH:14
end_of_record
SF:/Users/tim/.pub-cache/hosted/pub.dev/collection-1.18.0/lib/src/unmodifiable_wrappers.dart
DA:23,0
DA:29,0
DA:30,0
DA:35,0
DA:36,0
DA:40,0
DA:41,0
DA:45,0
DA:46,0
DA:50,0
DA:51,0
DA:55,0
DA:56,0
DA:60,0
DA:61,0
DA:65,0
DA:66,0
DA:70,0
DA:71,0
DA:75,0
DA:76,0
DA:80,0
DA:81,0
DA:85,0
DA:86,0
DA:90,0
DA:91,0
DA:95,0
DA:96,0
DA:108,1
DA:120,0
DA:121,0
DA:126,0
DA:127,0
DA:131,0
DA:132,0
DA:136,0
DA:137,0
DA:141,0
DA:142,0
DA:146,0
DA:147,0
DA:151,0
DA:152,0
DA:156,0
DA:157,0
DA:161,0
DA:162,0
DA:168,0
DA:169,0
DA:174,0
DA:175,0
DA:179,0
DA:180,0
DA:184,0
DA:185,0
DA:189,0
DA:190,0
DA:194,0
DA:195,0
DA:199,0
DA:203,0
LF:62
LH:1
end_of_record
SF:/Users/tim/.pub-cache/hosted/pub.dev/yaml-3.1.2/lib/src/error_listener.dart
DA:20,0
DA:21,0
LF:2
LH:0
end_of_record
SF:/Users/tim/.pub-cache/hosted/pub.dev/yaml-3.1.2/lib/src/yaml_exception.dart
DA:12,0
LF:1
LH:0
end_of_record
SF:/Users/tim/.pub-cache/hosted/pub.dev/yaml-3.1.2/lib/src/event.dart
DA:18,1
DA:20,0
DA:21,0
DA:26,1
DA:41,1
DA:45,1
DA:47,0
DA:53,1
DA:62,1
DA:64,0
DA:70,0
DA:78,0
DA:80,0
DA:81,0
DA:92,0
DA:94,0
DA:95,0
DA:96,0
DA:97,0
DA:103,1
DA:118,1
DA:120,0
DA:121,0
DA:126,0
DA:138,0
DA:143,1
DA:155,1
LF:27
LH:10
end_of_record
SF:/Users/tim/.pub-cache/hosted/pub.dev/yaml-3.1.2/lib/src/style.dart
DA:45,0
DA:47,1
DA:49,0
DA:50,0
DA:73,1
DA:75,0
DA:76,0
LF:7
LH:2
end_of_record
SF:/Users/tim/.pub-cache/hosted/pub.dev/yaml-3.1.2/lib/src/yaml_document.dart
DA:36,1
DA:39,1
DA:41,0
DA:42,0
DA:53,0
DA:55,0
DA:56,0
DA:67,1
DA:69,0
DA:70,0
LF:10
LH:3
end_of_record
SF:/Users/tim/.pub-cache/hosted/pub.dev/yaml-3.1.2/lib/src/loader.dart
DA:33,0
DA:37,1
DA:39,1
DA:41,1
DA:42,3
DA:43,2
DA:46,1
DA:51,1
DA:52,2
DA:54,2
DA:55,2
DA:56,4
DA:60,1
DA:61,4
DA:62,2
DA:67,1
DA:68,3
DA:70,2
DA:71,3
DA:73,1
DA:75,3
DA:76,1
DA:77,1
DA:78,1
DA:79,1
DA:83,1
DA:84,1
DA:85,1
DA:86,0
DA:87,1
DA:88,1
DA:89,1
DA:90,0
DA:91,1
DA:92,1
DA:94,0
DA:99,1
DA:106,0
DA:110,0
DA:111,0
DA:114,0
DA:118,1
DA:120,2
DA:121,2
DA:122,1
DA:123,0
DA:125,1
DA:128,2
DA:133,0
DA:134,0
DA:135,0
DA:136,0
DA:137,0
DA:140,0
DA:141,0
DA:142,0
DA:144,0
DA:145,0
DA:146,0
DA:147,0
DA:150,0
DA:155,1
DA:156,2
DA:157,1
DA:158,0
DA:159,0
DA:162,1
DA:163,3
DA:164,2
DA:166,2
DA:167,2
DA:168,1
DA:169,3
DA:170,1
DA:171,0
DA:174,1
DA:175,2
DA:178,4
DA:183,0
DA:184,0
DA:185,0
DA:186,0
DA:188,0
DA:189,0
DA:190,0
DA:192,0
DA:193,0
DA:194,0
DA:196,0
DA:197,0
DA:198,0
DA:200,0
DA:201,0
DA:202,0
DA:204,0
DA:209,1
DA:210,3
DA:216,1
DA:218,2
DA:219,1
DA:222,2
DA:224,1
DA:225,1
DA:226,1
DA:227,0
DA:228,1
DA:229,1
DA:230,2
DA:231,1
DA:232,1
DA:233,2
DA:234,1
DA:235,1
DA:236,1
DA:237,1
DA:238,0
DA:240,3
DA:248,1
DA:249,1
DA:250,1
DA:251,1
DA:252,1
DA:253,1
DA:254,1
DA:255,0
DA:264,1
DA:265,1
DA:266,1
DA:267,1
DA:268,1
DA:269,0
DA:270,1
DA:271,1
DA:272,1
DA:273,0
DA:282,1
DA:284,2
DA:286,0
DA:292,1
DA:294,1
DA:296,1
DA:297,1
DA:300,1
DA:301,0
DA:302,0
DA:305,1
DA:308,1
DA:310,1
DA:312,1
DA:313,0
DA:314,0
DA:319,2
DA:320,0
DA:321,0
DA:322,0
DA:328,1
DA:331,1
DA:339,0
DA:340,0
DA:342,0
DA:344,0
DA:345,0
DA:346,0
DA:348,0
DA:349,0
DA:350,0
DA:351,0
DA:355,0
DA:358,0
DA:360,0
DA:361,0
DA:362,0
DA:364,0
DA:365,0
DA:366,0
LF:175
LH:102
end_of_record
SF:/Users/tim/.pub-cache/hosted/pub.dev/yaml-3.1.2/lib/src/parser.dart
DA:41,3
DA:49,1
DA:51,1
DA:52,1
DA:58,1
DA:60,1
DA:61,1
DA:63,0
DA:64,0
DA:69,1
DA:70,1
DA:71,1
DA:72,1
DA:73,1
DA:74,1
DA:75,1
DA:76,0
DA:77,1
DA:78,1
DA:79,1
DA:80,1
DA:81,1
DA:82,0
DA:83,1
DA:84,0
DA:85,1
DA:88,0
DA:89,0
DA:90,1
DA:91,0
DA:92,1
DA:93,0
DA:94,1
DA:97,2
DA:98,1
DA:99,1
DA:100,1
DA:101,1
DA:102,1
DA:103,0
DA:104,0
DA:105,0
DA:106,0
DA:107,0
DA:108,0
DA:109,0
DA:110,0
DA:111,0
DA:112,0
DA:113,0
DA:114,0
DA:115,0
DA:116,0
DA:117,0
DA:118,0
DA:119,0
DA:120,0
DA:122,0
DA:131,1
DA:132,2
DA:133,3
DA:135,1
DA:136,2
DA:146,1
DA:147,2
DA:154,2
DA:155,0
DA:158,2
DA:159,2
DA:160,2
DA:161,2
DA:163,1
DA:164,2
DA:165,1
DA:166,4
DA:169,2
DA:170,1
DA:171,2
DA:172,2
DA:176,0
DA:177,0
DA:178,0
DA:179,0
DA:180,0
DA:181,0
DA:182,0
DA:185,0
DA:186,0
DA:187,0
DA:188,0
DA:199,0
DA:200,0
DA:202,0
DA:203,0
DA:204,0
DA:205,0
DA:206,0
DA:207,0
DA:208,0
DA:209,0
DA:211,0
DA:222,1
DA:223,2
DA:224,1
DA:226,2
DA:227,2
DA:228,0
DA:229,0
DA:231,4
DA:262,1
DA:263,2
DA:265,1
DA:266,0
DA:267,0
DA:268,0
DA:273,3
DA:274,0
DA:275,0
DA:276,0
DA:277,0
DA:280,0
DA:282,0
DA:283,0
DA:286,1
DA:287,0
DA:288,0
DA:289,1
DA:290,0
DA:291,0
DA:296,0
DA:297,0
DA:299,0
DA:301,0
DA:304,0
DA:308,2
DA:309,0
DA:310,0
DA:314,1
DA:316,2
DA:318,3
DA:319,2
DA:320,5
DA:324,2
DA:325,0
DA:326,0
DA:330,2
DA:331,0
DA:332,0
DA:336,2
DA:337,0
DA:338,0
DA:342,2
DA:343,1
DA:344,3
DA:349,0
DA:350,0
DA:353,0
DA:361,0
DA:362,0
DA:364,0
DA:365,0
DA:366,0
DA:368,0
DA:369,0
DA:370,0
DA:371,0
DA:373,0
DA:374,0
DA:378,0
DA:379,0
DA:380,0
DA:381,0
DA:384,0
DA:385,0
DA:392,0
DA:393,0
DA:395,0
DA:396,0
DA:397,0
DA:400,0
DA:401,0
DA:403,0
DA:404,0
DA:405,0
DA:406,0
DA:407,0
DA:408,0
DA:410,0
DA:411,0
DA:425,1
DA:426,2
DA:427,2
DA:428,2
DA:429,2
DA:431,2
DA:432,2
DA:433,2
DA:434,0
DA:435,0
DA:437,2
DA:438,1
DA:445,2
DA:446,0
DA:447,0
DA:450,2
DA:451,2
DA:452,3
DA:453,2
DA:456,0
DA:457,0
DA:470,1
DA:471,2
DA:473,2
DA:474,0
DA:475,0
DA:478,2
DA:479,2
DA:480,2
DA:481,2
DA:482,2
DA:483,0
DA:484,0
DA:486,2
DA:487,1
DA:504,0
DA:505,0
DA:506,0
DA:508,0
DA:510,0
DA:511,0
DA:513,0
DA:516,0
DA:519,0
DA:520,0
DA:521,0
DA:522,0
DA:523,0
DA:524,0
DA:525,0
DA:529,0
DA:530,0
DA:531,0
DA:539,0
DA:540,0
DA:542,0
DA:543,0
DA:544,0
DA:549,0
DA:550,0
DA:551,0
DA:553,0
DA:554,0
DA:563,0
DA:564,0
DA:566,0
DA:567,0
DA:568,0
DA:569,0
DA:570,0
DA:571,0
DA:575,0
DA:576,0
DA:584,0
DA:585,0
DA:586,0
DA:602,0
DA:603,0
DA:604,0
DA:606,0
DA:608,0
DA:609,0
DA:611,0
DA:614,0
DA:617,0
DA:618,0
DA:619,0
DA:620,0
DA:621,0
DA:622,0
DA:623,0
DA:625,0
DA:626,0
DA:628,0
DA:629,0
DA:630,0
DA:634,0
DA:635,0
DA:636,0
DA:644,0
DA:645,0
DA:648,0
DA:649,0
DA:652,0
DA:653,0
DA:654,0
DA:655,0
DA:656,0
DA:657,0
DA:661,0
DA:662,0
DA:666,0
DA:667,0
DA:670,1
DA:671,2
DA:674,1
DA:675,2
DA:676,2
DA:677,0
DA:679,0
DA:682,0
DA:683,0
DA:686,0
DA:687,0
DA:690,0
DA:691,0
DA:694,0
DA:695,0
DA:696,0
DA:697,0
DA:698,0
DA:701,0
DA:704,5
DA:706,1
DA:707,4
DA:710,1
DA:714,1
DA:716,3
DA:718,0
DA:721,3
DA:803,1
DA:805,0
DA:806,0
LF:332
LH:112
end_of_record
SF:/Users/tim/.pub-cache/hosted/pub.dev/yaml-3.1.2/lib/src/null_span.dart
DA:18,0
DA:19,0
DA:23,0
LF:3
LH:0
end_of_record
SF:/Users/tim/.pub-cache/hosted/pub.dev/source_span-1.10.0/lib/src/span_mixin.dart
DA:19,0
DA:20,0
DA:22,0
DA:23,0
DA:25,0
DA:27,0
DA:28,0
DA:31,0
DA:33,0
DA:34,0
DA:35,0
DA:38,0
DA:39,0
DA:40,0
DA:41,0
DA:43,0
DA:44,0
DA:47,0
DA:48,0
DA:49,0
DA:52,0
DA:54,0
DA:55,0
DA:56,0
DA:57,0
DA:59,0
DA:60,0
DA:62,0
DA:63,0
DA:66,0
DA:69,0
DA:71,0
DA:72,0
DA:75,0
DA:77,0
DA:79,0
DA:80,0
DA:82,0
DA:83,0
LF:39
LH:0
end_of_record
SF:/Users/tim/.pub-cache/hosted/pub.dev/yaml-3.1.2/lib/src/scanner.dart
DA:157,3
DA:161,4
DA:164,0
DA:167,2
DA:170,2
DA:173,2
DA:178,0
DA:179,0
DA:182,0
DA:183,0
DA:184,0
DA:185,0
DA:186,0
DA:187,0
DA:188,0
DA:189,0
DA:190,0
DA:191,0
DA:192,0
DA:193,0
DA:194,0
DA:195,0
DA:196,0
DA:197,0
DA:198,0
DA:201,0
DA:202,0
DA:203,0
DA:210,0
DA:211,0
DA:213,0
DA:214,0
DA:215,0
DA:216,0
DA:217,0
DA:218,0
DA:226,0
DA:227,0
DA:228,0
DA:233,0
DA:234,0
DA:236,0
DA:237,0
DA:238,0
DA:244,2
DA:250,1
DA:251,2
DA:254,1
DA:255,1
DA:256,1
DA:258,1
DA:259,1
DA:262,2
DA:263,0
DA:264,0
DA:265,0
DA:273,0
DA:274,0
DA:277,0
DA:278,0
DA:279,0
DA:280,0
DA:282,0
DA:285,0
DA:286,0
DA:287,0
DA:288,0
DA:296,1
DA:297,3
DA:298,1
DA:299,0
DA:302,1
DA:306,1
DA:309,1
DA:310,1
DA:311,2
DA:313,2
DA:314,1
DA:315,2
DA:316,3
DA:321,1
DA:322,1
DA:323,1
DA:327,1
DA:328,1
DA:329,2
DA:330,2
DA:334,1
DA:336,2
DA:337,1
DA:340,4
DA:345,1
DA:346,5
DA:351,1
DA:353,1
DA:357,1
DA:358,1
DA:359,1
DA:363,1
DA:364,1
DA:365,3
DA:367,2
DA:368,1
DA:372,3
DA:373,3
DA:374,0
DA:378,1
DA:379,0
DA:380,0
DA:384,0
DA:385,0
DA:391,2
DA:392,1
DA:393,0
DA:395,1
DA:396,0
DA:398,1
DA:399,0
DA:401,1
DA:402,0
DA:404,1
DA:405,0
DA:407,1
DA:408,0
DA:410,1
DA:411,0
DA:413,1
DA:414,0
DA:416,1
DA:417,0
DA:419,1
DA:420,1
DA:422,1
DA:423,0
DA:424,0
DA:426,1
DA:427,0
DA:428,0
DA:430,1
DA:431,1
DA:432,1
DA:433,0
DA:437,1
DA:438,0
DA:439,0
DA:441,0
DA:444,1
DA:445,0
DA:446,0
DA:448,0
DA:451,1
DA:452,1
DA:456,0
DA:457,0
DA:458,0
DA:459,0
DA:460,0
DA:461,0
DA:466,1
DA:467,0
DA:469,1
DA:473,1
DA:475,1
DA:481,0
DA:482,0
DA:486,1
DA:487,4
DA:488,2
DA:498,1
DA:500,4
DA:502,0
DA:503,0
DA:504,0
DA:505,0
DA:508,0
DA:514,1
DA:518,5
DA:522,1
DA:524,1
DA:527,1
DA:528,6
DA:529,4
DA:530,2
DA:531,2
DA:532,2
DA:537,1
DA:538,2
DA:539,0
DA:540,0
DA:541,0
DA:544,5
DA:548,0
DA:549,0
DA:553,0
DA:554,0
DA:555,0
DA:564,1
DA:566,1
DA:567,5
DA:571,2
DA:574,2
DA:576,0
DA:578,4
DA:586,1
DA:587,1
DA:589,2
DA:590,5
DA:591,2
DA:599,3
DA:602,1
DA:605,1
DA:606,5
DA:610,1
DA:611,1
DA:612,1
DA:613,1
DA:614,5
DA:619,0
DA:620,0
DA:621,0
DA:622,0
DA:623,0
DA:624,0
DA:628,0
DA:629,0
DA:630,0
DA:631,0
DA:634,0
DA:635,0
DA:636,0
DA:637,0
DA:639,0
DA:644,0
DA:645,0
DA:646,0
DA:647,0
DA:648,0
DA:653,0
DA:654,0
DA:655,0
DA:656,0
DA:657,0
DA:661,0
DA:662,0
DA:663,0
DA:664,0
DA:668,0
DA:669,0
DA:670,0
DA:671,0
DA:672,0
DA:675,0
DA:676,0
DA:683,0
DA:684,0
DA:685,0
DA:689,0
DA:690,0
DA:691,0
DA:692,0
DA:693,0
DA:696,0
DA:697,0
DA:701,0
DA:702,0
DA:706,1
DA:707,2
DA:711,5
DA:712,3
DA:716,1
DA:717,2
DA:718,1
DA:721,5
DA:724,1
DA:725,0
DA:726,0
DA:727,0
DA:730,0
DA:735,0
DA:736,0
DA:737,0
DA:738,0
DA:741,0
DA:742,0
DA:745,1
DA:751,1
DA:752,2
DA:753,2
DA:754,5
DA:758,0
DA:759,0
DA:760,0
DA:761,0
DA:765,0
DA:766,0
DA:767,0
DA:768,0
DA:773,0
DA:774,0
DA:775,0
DA:776,0
DA:781,1
DA:782,1
DA:783,1
DA:784,3
DA:788,1
DA:789,1
DA:790,1
DA:791,3
DA:795,1
DA:799,5
DA:805,3
DA:806,1
DA:807,3
DA:808,2
DA:811,3
DA:812,0
DA:817,1
DA:820,1
DA:821,1
DA:824,2
DA:839,0
DA:840,0
DA:843,0
DA:846,0
DA:847,0
DA:848,0
DA:849,0
DA:850,0
DA:852,0
DA:856,0
DA:857,0
DA:864,0
DA:865,0
DA:867,0
DA:868,0
DA:869,0
DA:872,0
DA:882,0
DA:885,0
DA:886,0
DA:887,0
DA:890,0
DA:891,0
DA:892,0
DA:893,0
DA:894,0
DA:895,0
DA:905,0
DA:906,0
DA:908,0
DA:909,0
DA:910,0
DA:912,0
DA:921,0
DA:922,0
DA:923,0
DA:924,0
DA:927,0
DA:928,0
DA:929,0
DA:932,0
DA:939,0
DA:940,0
DA:942,0
DA:943,0
DA:944,0
DA:947,0
DA:949,0
DA:950,0
DA:951,0
DA:954,0
DA:958,0
DA:959,0
DA:962,0
DA:966,0
DA:967,0
DA:968,0
DA:970,0
DA:972,0
DA:973,0
DA:974,0
DA:975,0
DA:976,0
DA:977,0
DA:978,0
DA:979,0
DA:980,0
DA:981,0
DA:982,0
DA:983,0
DA:984,0
DA:988,0
DA:990,0
DA:995,0
DA:998,0
DA:1001,0
DA:1003,0
DA:1004,0
DA:1007,0
DA:1009,0
DA:1014,0
DA:1016,0
DA:1017,0
DA:1019,0
DA:1022,0
DA:1035,0
DA:1039,0
DA:1040,0
DA:1042,0
DA:1046,0
DA:1047,0
DA:1048,0
DA:1050,0
DA:1052,0
DA:1053,0
DA:1058,0
DA:1061,0
DA:1069,0
DA:1070,0
DA:1071,0
DA:1076,0
DA:1086,0
DA:1087,0
DA:1088,0
DA:1090,0
DA:1091,0
DA:1092,0
DA:1096,0
DA:1100,0
DA:1101,0
DA:1104,0
DA:1109,0
DA:1110,0
DA:1111,0
DA:1112,0
DA:1115,0
DA:1117,0
DA:1118,0
DA:1119,0
DA:1122,0
DA:1124,0
DA:1126,0
DA:1127,0
DA:1128,0
DA:1131,0
DA:1133,0
DA:1134,0
DA:1135,0
DA:1136,0
DA:1141,0
DA:1142,0
DA:1145,0
DA:1146,0
DA:1147,0
DA:1150,0
DA:1156,0
DA:1157,0
DA:1162,0
DA:1163,0
DA:1164,0
DA:1167,0
DA:1171,0
DA:1172,0
DA:1176,0
DA:1181,0
DA:1185,0
DA:1189,0
DA:1191,0
DA:1196,0
DA:1199,0
DA:1201,0
DA:1202,0
DA:1203,0
DA:1205,0
DA:1206,0
DA:1211,0
DA:1214,0
DA:1215,0
DA:1216,0
DA:1220,0
DA:1221,0
DA:1223,0
DA:1231,0
DA:1233,0
DA:1236,0
DA:1237,0
DA:1238,0
DA:1241,0
DA:1247,0
DA:1248,0
DA:1251,0
DA:1253,0
DA:1259,0
DA:1263,1
DA:1264,2
DA:1265,1
DA:1268,2
DA:1273,1
DA:1274,0
DA:1277,2
DA:1278,0
DA:1282,1
DA:1283,2
DA:1285,0
DA:1286,0
DA:1288,0
DA:1289,0
DA:1290,0
DA:1291,1
DA:1294,1
DA:1296,0
DA:1297,0
DA:1300,1
DA:1301,0
DA:1305,0
DA:1306,0
DA:1307,0
DA:1309,0
DA:1310,0
DA:1312,0
DA:1313,0
DA:1315,0
DA:1316,0
DA:1317,0
DA:1319,0
DA:1320,0
DA:1322,0
DA:1323,0
DA:1325,0
DA:1326,0
DA:1328,0
DA:1329,0
DA:1331,0
DA:1332,0
DA:1334,0
DA:1335,0
DA:1336,0
DA:1337,0
DA:1341,0
DA:1343,0
DA:1344,0
DA:1346,0
DA:1347,0
DA:1349,0
DA:1350,0
DA:1352,0
DA:1353,0
DA:1355,0
DA:1358,0
DA:1361,0
DA:1365,0
DA:1366,0
DA:1369,0
DA:1370,0
DA:1374,0
DA:1375,0
DA:1376,0
DA:1377,0
DA:1378,0
DA:1379,0
DA:1382,0
DA:1386,0
DA:1387,0
DA:1388,0
DA:1391,0
DA:1394,3
DA:1399,3
DA:1403,1
DA:1405,1
DA:1406,2
DA:1407,1
DA:1410,3
DA:1412,0
DA:1417,0
DA:1418,0
DA:1421,0
DA:1428,0
DA:1429,0
DA:1431,0
DA:1434,1
DA:1435,1
DA:1440,2
DA:1442,4
DA:1447,1
DA:1448,2
DA:1449,2
DA:1450,1
DA:1453,1
DA:1454,2
DA:1458,1
DA:1461,3
DA:1463,1
DA:1465,1
DA:1466,0
DA:1467,0
DA:1469,0
DA:1474,1
DA:1475,1
DA:1481,2
DA:1482,1
DA:1483,2
DA:1485,3
DA:1486,2
DA:1489,2
DA:1491,2
DA:1492,1
DA:1494,1
DA:1495,3
DA:1496,3
DA:1497,0
DA:1500,1
DA:1501,3
DA:1503,2
DA:1507,1
DA:1508,1
DA:1509,1
DA:1511,1
DA:1517,4
DA:1521,2
DA:1523,1
DA:1524,3
DA:1528,1
DA:1529,2
DA:1530,2
DA:1531,2
DA:1532,1
DA:1536,1
DA:1537,2
DA:1541,2
DA:1542,0
DA:1545,2
DA:1547,1
DA:1552,1
DA:1553,2
DA:1554,2
DA:1558,1
DA:1561,2
DA:1562,2
DA:1567,1
DA:1568,2
DA:1570,1
DA:1571,1
DA:1572,1
DA:1573,1
DA:1579,1
DA:1580,2
DA:1581,1
DA:1582,2
DA:1583,1
DA:1584,0
DA:1585,0
DA:1587,1
DA:1594,1
DA:1595,2
DA:1597,1
DA:1598,1
DA:1599,1
DA:1600,1
DA:1601,1
DA:1604,0
DA:1605,1
DA:1606,1
DA:1607,1
DA:1608,1
DA:1609,1
DA:1611,1
DA:1615,2
DA:1616,0
DA:1617,0
DA:1618,0
DA:1623,0
DA:1624,0
DA:1625,0
DA:1626,0
DA:1630,0
DA:1631,0
DA:1632,0
DA:1637,1
DA:1638,3
DA:1639,0
DA:1640,0
DA:1646,0
DA:1647,0
DA:1650,0
DA:1683,1
LF:686
LH:249
end_of_record
SF:/Users/tim/.pub-cache/hosted/pub.dev/yaml-3.1.2/lib/src/token.dart
DA:17,1
DA:19,0
DA:20,0
DA:25,0
DA:36,0
DA:38,0
DA:39,0
DA:44,0
DA:55,0
DA:57,0
DA:58,0
DA:63,0
DA:70,0
DA:72,0
DA:73,0
DA:78,0
DA:85,0
DA:87,0
DA:88,0
DA:93,0
DA:104,0
DA:106,0
DA:107,0
DA:112,1
DA:123,1
DA:125,0
DA:126,0
LF:27
LH:3
end_of_record
SF:/Users/tim/.pub-cache/hosted/pub.dev/yaml-3.1.2/lib/src/utils.dart
DA:15,1
DA:17,0
DA:18,0
DA:24,0
DA:25,0
DA:40,0
DA:43,0
DA:44,0
LF:8
LH:1
end_of_record
SF:/Users/tim/.pub-cache/hosted/pub.dev/source_span-1.10.0/lib/src/span_exception.dart
DA:11,0
DA:18,0
DA:21,0
DA:30,0
DA:32,0
DA:33,0
DA:43,0
DA:44,0
DA:46,0
DA:66,0
DA:68,0
DA:80,0
DA:82,0
DA:86,0
DA:89,0
DA:93,0
DA:94,0
DA:98,0
DA:108,0
DA:109,0
DA:111,0
LF:21
LH:0
end_of_record
SF:/Users/tim/.pub-cache/hosted/pub.dev/yaml-3.1.2/lib/src/yaml_node_wrapper.dart
DA:32,0
DA:35,0
DA:36,0
DA:38,0
DA:40,0
DA:42,0
DA:44,0
DA:45,0
DA:48,0
DA:50,0
DA:51,0
DA:52,0
DA:56,0
DA:57,0
DA:59,0
DA:61,0
DA:72,0
DA:74,0
DA:76,0
DA:78,0
DA:81,0
DA:82,0
DA:83,0
DA:86,0
DA:87,0
DA:89,0
DA:91,0
DA:108,0
DA:111,0
DA:112,0
DA:114,0
DA:116,0
DA:119,0
DA:121,0
DA:123,0
DA:126,0
DA:127,0
DA:130,0
DA:132,0
DA:133,0
DA:134,0
DA:138,0
DA:140,0
DA:143,0
DA:144,0
DA:146,0
DA:148,0
DA:159,0
DA:160,0
DA:162,0
DA:164,0
DA:167,0
DA:169,0
DA:170,0
DA:172,0
DA:174,0
DA:177,0
DA:178,0
DA:180,0
DA:182,0
DA:185,0
DA:186,0
DA:187,0
DA:188,0
LF:64
LH:0
end_of_record
SF:/Users/tim/.pub-cache/hosted/pub.dev/yaml-3.1.2/lib/yaml.dart
DA:42,0
DA:44,0
DA:48,0
DA:55,1
DA:57,1
DA:61,1
DA:68,1
DA:70,1
DA:72,1
DA:74,0
DA:75,0
DA:78,1
DA:80,0
DA:99,0
DA:100,0
DA:102,0
DA:103,0
DA:105,0
DA:106,0
DA:111,0
DA:112,0
DA:113,0
DA:121,0
DA:122,0
DA:124,0
DA:125,0
DA:127,0
DA:128,0
LF:28
LH:7
end_of_record
SF:/Users/tim/.pub-cache/hosted/pub.dev/win32-5.0.9/lib/src/bstr.dart
DA:45,0
DA:50,0
DA:51,0
DA:52,0
DA:53,0
DA:54,0
DA:58,0
DA:61,0
DA:64,0
DA:68,0
DA:70,0
DA:71,0
DA:72,0
DA:77,0
DA:80,0
DA:81,0
LF:16
LH:0
end_of_record
SF:/Users/tim/.pub-cache/hosted/pub.dev/win32-5.0.9/lib/src/win32/oleaut32.g.dart
DA:22,0
DA:35,0
DA:37,0
DA:39,0
DA:55,0
DA:57,0
DA:59,0
DA:73,0
DA:75,0
DA:89,0
DA:90,0
DA:92,0
DA:107,0
DA:108,0
DA:110,0
DA:124,0
DA:126,0
DA:140,0
DA:141,0
DA:143,0
DA:159,0
DA:161,0
DA:163,0
DA:179,0
DA:180,0
DA:182,0
DA:194,0
DA:196,0
DA:208,0
DA:210,0
DA:224,0
DA:226,0
DA:228,0
DA:245,0
DA:247,0
DA:249,0
DA:266,0
DA:268,0
DA:270,0
DA:284,0
DA:286,0
DA:299,0
DA:300,0
DA:302,0
DA:315,0
DA:317,0
DA:332,0
DA:334,0
DA:336,0
DA:351,0
DA:352,0
DA:354,0
LF:52
LH:0
end_of_record
SF:/Users/tim/.pub-cache/hosted/pub.dev/win32-5.0.9/lib/src/structs.g.dart
DA:366,0
DA:367,0
DA:369,0
DA:370,0
DA:403,0
DA:404,0
DA:406,0
DA:407,0
DA:409,0
DA:410,0
DA:411,0
DA:412,0
DA:414,0
DA:415,0
DA:416,0
DA:452,0
DA:453,0
DA:455,0
DA:456,0
DA:499,0
DA:500,0
DA:501,0
DA:502,0
DA:503,0
DA:505,0
DA:508,0
DA:509,0
DA:510,0
DA:511,0
DA:637,0
DA:638,0
DA:639,0
DA:640,0
DA:641,0
DA:643,0
DA:646,0
DA:647,0
DA:648,0
DA:649,0
DA:897,0
DA:898,0
DA:899,0
DA:900,0
DA:903,0
DA:904,0
DA:905,0
DA:906,0
DA:922,0
DA:923,0
DA:924,0
DA:925,0
DA:926,0
DA:927,0
DA:928,0
DA:929,0
DA:931,0
DA:932,0
DA:933,0
DA:934,0
DA:947,0
DA:948,0
DA:949,0
DA:950,0
DA:972,0
DA:973,0
DA:975,0
DA:976,0
DA:977,0
DA:979,0
DA:980,0
DA:981,0
DA:983,0
DA:984,0
DA:985,0
DA:987,0
DA:988,0
DA:989,0
DA:990,0
DA:995,0
DA:997,0
DA:998,0
DA:1001,0
DA:1003,0
DA:1005,0
DA:1006,0
DA:1009,0
DA:1011,0
DA:1013,0
DA:1014,0
DA:1017,0
DA:1019,0
DA:1020,0
DA:1021,0
DA:1024,0
DA:1058,0
DA:1059,0
DA:1061,0
DA:1062,0
DA:1319,0
DA:1320,0
DA:1322,0
DA:1323,0
DA:1489,0
DA:1490,0
DA:1491,0
DA:1492,0
DA:1493,0
DA:1495,0
DA:1498,0
DA:1499,0
DA:1500,0
DA:1501,0
DA:1564,0
DA:1565,0
DA:1566,0
DA:1567,0
DA:1568,0
DA:1570,0
DA:1573,0
DA:1574,0
DA:1575,0
DA:1576,0
DA:1945,0
DA:1946,0
DA:1948,0
DA:1949,0
DA:2060,0
DA:2061,0
DA:2063,0
DA:2064,0
DA:2068,0
DA:2069,0
DA:2070,0
DA:2071,0
DA:2073,0
DA:2074,0
DA:2095,0
DA:2096,0
DA:2098,0
DA:2099,0
DA:2103,0
DA:2104,0
DA:2105,0
DA:2106,0
DA:2108,0
DA:2109,0
DA:2135,0
DA:2136,0
DA:2137,0
DA:2138,0
DA:2139,0
DA:2141,0
DA:2144,0
DA:2145,0
DA:2146,0
DA:2147,0
DA:2186,0
DA:2187,0
DA:2188,0
DA:2189,0
DA:2190,0
DA:2192,0
DA:2195,0
DA:2196,0
DA:2197,0
DA:2198,0
DA:2280,0
DA:2281,0
DA:2282,0
DA:2284,0
DA:2285,0
DA:2287,0
DA:2288,0
DA:2289,0
DA:2291,0
DA:2292,0
DA:2293,0
DA:2295,0
DA:2296,0
DA:2298,0
DA:2299,0
DA:2301,0
DA:2302,0
DA:2303,0
DA:2305,0
DA:2306,0
DA:2307,0
DA:2323,0
DA:2324,0
DA:2326,0
DA:2327,0
DA:2328,0
DA:2329,0
DA:2331,0
DA:2332,0
DA:2333,0
DA:2334,0
DA:2338,0
DA:2339,0
DA:2340,0
DA:2341,0
DA:2343,0
DA:2344,0
DA:2345,0
DA:2346,0
DA:2359,0
DA:2360,0
DA:2362,0
DA:2363,0
DA:2503,0
DA:2504,0
DA:2505,0
DA:2507,0
DA:2508,0
DA:2509,0
DA:2511,0
DA:2512,0
DA:2513,0
DA:2514,0
DA:2564,0
DA:2565,0
DA:2570,0
DA:2571,0
DA:2573,0
DA:2574,0
DA:2575,0
DA:2578,0
DA:2632,0
DA:2633,0
DA:2638,0
DA:2639,0
DA:2641,0
DA:2642,0
DA:2643,0
DA:2646,0
DA:2728,0
DA:2729,0
DA:2730,0
DA:2735,0
DA:2736,0
DA:2737,0
DA:2740,0
DA:2742,0
DA:2743,0
DA:2758,0
DA:2759,0
DA:2760,0
DA:2761,0
DA:2762,0
DA:2764,0
DA:2767,0
DA:2768,0
DA:2769,0
DA:2770,0
DA:2777,0
DA:2778,0
DA:2779,0
DA:2780,0
DA:2781,0
DA:2783,0
DA:2786,0
DA:2787,0
DA:2788,0
DA:2789,0
DA:2799,0
DA:2800,0
DA:2801,0
DA:2802,0
DA:2803,0
DA:2805,0
DA:2808,0
DA:2809,0
DA:2810,0
DA:2811,0
DA:2818,0
DA:2819,0
DA:2820,0
DA:2821,0
DA:2822,0
DA:2824,0
DA:2827,0
DA:2828,0
DA:2829,0
DA:2830,0
DA:3196,0
DA:3197,0
DA:3199,0
DA:3200,0
DA:3213,0
DA:3214,0
DA:3215,0
DA:3216,0
DA:3217,0
DA:3219,0
DA:3222,0
DA:3223,0
DA:3224,0
DA:3225,0
DA:3232,0
DA:3233,0
DA:3234,0
DA:3235,0
DA:3236,0
DA:3238,0
DA:3241,0
DA:3242,0
DA:3243,0
DA:3244,0
DA:3251,0
DA:3252,0
DA:3253,0
DA:3254,0
DA:3255,0
DA:3257,0
DA:3260,0
DA:3261,0
DA:3262,0
DA:3263,0
DA:3684,0
DA:3685,0
DA:3686,0
DA:3687,0
DA:3688,0
DA:3690,0
DA:3693,0
DA:3694,0
DA:3695,0
DA:3696,0
DA:3703,0
DA:3704,0
DA:3705,0
DA:3706,0
DA:3707,0
DA:3709,0
DA:3712,0
DA:3713,0
DA:3714,0
DA:3715,0
DA:3765,0
DA:3766,0
DA:3768,0
DA:3769,0
DA:3771,0
DA:3772,0
DA:3802,0
DA:3803,0
DA:3805,0
DA:3806,0
DA:3808,0
DA:3809,0
DA:3810,0
DA:3811,0
DA:3813,0
DA:3814,0
DA:3816,0
DA:3817,0
DA:3892,0
DA:3893,0
DA:3895,0
DA:3896,0
DA:3898,0
DA:3899,0
DA:3901,0
DA:3902,0
DA:3904,0
DA:3905,0
DA:3907,0
DA:3908,0
DA:3910,0
DA:3911,0
DA:3913,0
DA:3914,0
DA:3916,0
DA:3917,0
DA:3919,0
DA:3920,0
DA:3922,0
DA:3923,0
DA:3925,0
DA:3926,0
DA:3928,0
DA:3929,0
DA:3931,0
DA:3932,0
DA:3934,0
DA:3935,0
DA:3937,0
DA:3938,0
DA:3942,0
DA:3943,0
DA:3944,0
DA:3946,0
DA:3948,0
DA:3949,0
DA:3985,0
DA:3986,0
DA:3988,0
DA:3989,0
DA:3991,0
DA:3992,0
DA:3994,0
DA:3995,0
DA:4008,0
DA:4009,0
DA:4011,0
DA:4012,0
DA:4016,0
DA:4017,0
DA:4018,0
DA:4020,0
DA:4021,0
DA:4022,0
DA:4024,0
DA:4025,0
DA:4145,0
DA:4146,0
DA:4148,0
DA:4149,0
DA:4153,0
DA:4154,0
DA:4156,0
DA:4157,0
DA:4158,0
DA:4161,0
DA:4182,0
DA:4183,0
DA:4187,0
DA:4188,0
DA:4190,0
DA:4191,0
DA:4192,0
DA:4195,0
DA:4231,0
DA:4232,0
DA:4234,0
DA:4235,0
DA:4240,0
DA:4241,0
DA:4243,0
DA:4244,0
DA:4245,0
DA:4248,0
DA:4286,0
DA:4287,0
DA:4289,0
DA:4290,0
DA:4295,0
DA:4296,0
DA:4298,0
DA:4299,0
DA:4300,0
DA:4303,0
DA:4316,0
DA:4317,0
DA:4318,0
DA:4319,0
DA:4320,0
DA:4322,0
DA:4325,0
DA:4326,0
DA:4327,0
DA:4328,0
DA:4366,0
DA:4367,0
DA:4369,0
DA:4370,0
DA:4375,0
DA:4376,0
DA:4378,0
DA:4379,0
DA:4380,0
DA:4383,0
DA:4398,0
DA:4399,0
DA:4400,0
DA:4401,0
DA:4402,0
DA:4404,0
DA:4407,0
DA:4408,0
DA:4409,0
DA:4410,0
DA:4449,0
DA:4450,0
DA:4452,0
DA:4453,0
DA:4458,0
DA:4459,0
DA:4461,0
DA:4462,0
DA:4463,0
DA:4466,0
DA:4504,0
DA:4505,0
DA:4507,0
DA:4508,0
DA:4512,0
DA:4513,0
DA:4515,0
DA:4516,0
DA:4517,0
DA:4520,0
DA:4577,0
DA:4578,0
DA:4580,0
DA:4581,0
DA:4586,0
DA:4587,0
DA:4589,0
DA:4590,0
DA:4591,0
DA:4594,0
DA:4632,0
DA:4633,0
DA:4635,0
DA:4636,0
DA:4641,0
DA:4642,0
DA:4644,0
DA:4645,0
DA:4646,0
DA:4649,0
DA:4847,0
DA:4848,0
DA:4850,0
DA:4851,0
DA:4981,0
DA:4982,0
DA:4983,0
DA:4984,0
DA:4985,0
DA:4987,0
DA:4990,0
DA:4991,0
DA:4992,0
DA:4993,0
DA:5312,0
DA:5313,0
DA:5314,0
DA:5315,0
DA:5316,0
DA:5318,0
DA:5321,0
DA:5322,0
DA:5323,0
DA:5324,0
DA:5436,0
DA:5437,0
DA:5438,0
DA:5439,0
DA:5440,0
DA:5442,0
DA:5445,0
DA:5446,0
DA:5447,0
DA:5448,0
DA:5474,0
DA:5475,0
DA:5476,0
DA:5477,0
DA:5478,0
DA:5480,0
DA:5483,0
DA:5484,0
DA:5485,0
DA:5486,0
DA:5618,0
DA:5619,0
DA:5621,0
DA:5622,0
DA:5624,0
DA:5625,0
DA:5627,0
DA:5628,0
DA:5630,0
DA:5631,0
DA:5633,0
DA:5634,0
DA:5636,0
DA:5637,0
DA:5648,0
DA:5649,0
DA:5653,0
DA:5654,0
DA:5656,0
DA:5657,0
DA:5659,0
DA:5660,0
DA:5662,0
DA:5663,0
DA:5665,0
DA:5666,0
DA:5668,0
DA:5669,0
DA:5834,0
DA:5835,0
DA:5836,0
DA:5837,0
DA:5838,0
DA:5840,0
DA:5843,0
DA:5844,0
DA:5845,0
DA:5846,0
DA:6023,0
DA:6024,0
DA:6115,0
DA:6116,0
DA:6117,0
DA:6118,0
DA:6119,0
DA:6121,0
DA:6124,0
DA:6125,0
DA:6126,0
DA:6127,0
DA:6218,0
DA:6219,0
DA:6220,0
DA:6221,0
DA:6222,0
DA:6224,0
DA:6227,0
DA:6228,0
DA:6229,0
DA:6230,0
DA:6243,0
DA:6244,0
DA:6245,0
DA:6246,0
DA:6247,0
DA:6249,0
DA:6252,0
DA:6253,0
DA:6254,0
DA:6255,0
DA:6264,0
DA:6265,0
DA:6266,0
DA:6267,0
DA:6268,0
DA:6270,0
DA:6273,0
DA:6274,0
DA:6275,0
DA:6276,0
DA:6299,0
DA:6300,0
DA:6302,0
DA:6303,0
DA:6575,0
DA:6576,0
DA:6577,0
DA:6578,0
DA:6579,0
DA:6581,0
DA:6584,0
DA:6585,0
DA:6586,0
DA:6587,0
DA:6632,0
DA:6633,0
DA:6634,0
DA:6635,0
DA:6636,0
DA:6638,0
DA:6641,0
DA:6642,0
DA:6643,0
DA:6644,0
DA:6684,0
DA:6685,0
DA:6687,0
DA:6688,0
DA:6692,0
DA:6693,0
DA:6694,0
DA:6695,0
DA:6697,0
DA:6698,0
DA:6841,0
DA:6842,0
DA:6843,0
DA:6844,0
DA:6845,0
DA:6847,0
DA:6850,0
DA:6851,0
DA:6852,0
DA:6853,0
DA:7243,0
DA:7244,0
DA:7246,0
DA:7247,0
DA:7251,0
DA:7252,0
DA:7254,0
DA:7255,0
DA:7256,0
DA:7259,0
DA:7326,0
DA:7327,0
DA:7329,0
DA:7330,0
DA:7331,0
DA:7350,0
DA:7351,0
DA:7352,0
DA:7354,0
DA:7355,0
DA:7356,0
DA:7358,0
DA:7359,0
DA:7361,0
DA:7362,0
DA:7366,0
DA:7367,0
DA:7368,0
DA:7369,0
DA:7371,0
DA:7372,0
DA:7373,0
DA:7374,0
DA:7428,0
DA:7429,0
DA:7431,0
DA:7432,0
DA:7528,0
DA:7529,0
DA:7531,0
DA:7532,0
DA:7534,0
DA:7535,0
DA:7646,0
DA:7647,0
DA:7648,0
DA:7650,0
DA:7651,0
DA:7655,0
DA:7656,0
DA:7658,0
DA:7659,0
DA:7660,0
DA:7661,0
DA:7940,0
DA:7941,0
DA:7943,0
DA:7944,0
DA:7956,0
DA:7957,0
DA:7959,0
DA:7960,0
DA:7973,0
DA:7974,0
DA:7976,0
DA:7977,0
DA:7990,0
DA:7991,0
DA:7993,0
DA:7994,0
DA:7998,0
DA:7999,0
DA:8001,0
DA:8002,0
DA:8004,0
DA:8005,0
DA:8007,0
DA:8008,0
DA:8010,0
DA:8011,0
DA:8013,0
DA:8014,0
DA:8016,0
DA:8017,0
DA:8019,0
DA:8020,0
DA:8022,0
DA:8023,0
DA:8025,0
DA:8026,0
DA:8028,0
DA:8029,0
DA:8031,0
DA:8032,0
DA:8034,0
DA:8035,0
DA:8037,0
DA:8038,0
DA:8040,0
DA:8041,0
DA:8042,0
DA:8043,0
DA:8045,0
DA:8046,0
DA:8047,0
DA:8049,0
DA:8050,0
DA:8051,0
DA:8052,0
DA:8054,0
DA:8055,0
DA:8056,0
DA:8058,0
DA:8462,0
DA:8463,0
DA:8465,0
DA:8466,0
DA:8478,0
DA:8479,0
DA:8480,0
DA:8481,0
DA:8482,0
DA:8484,0
DA:8487,0
DA:8488,0
DA:8489,0
DA:8490,0
DA:8511,0
DA:8512,0
DA:8513,0
DA:8514,0
DA:8515,0
DA:8517,0
DA:8520,0
DA:8521,0
DA:8522,0
DA:8523,0
DA:8530,0
DA:8531,0
DA:8532,0
DA:8533,0
DA:8534,0
DA:8536,0
DA:8539,0
DA:8540,0
DA:8541,0
DA:8542,0
DA:8797,0
DA:8798,0
DA:8799,0
DA:8800,0
DA:8801,0
DA:8803,0
DA:8806,0
DA:8807,0
DA:8808,0
DA:8809,0
DA:9006,0
DA:9007,0
DA:9009,0
DA:9010,0
DA:9012,0
DA:9013,0
DA:9076,0
DA:9077,0
DA:9078,0
DA:9079,0
DA:9080,0
DA:9082,0
DA:9085,0
DA:9086,0
DA:9087,0
DA:9088,0
DA:9219,0
DA:9220,0
DA:9221,0
DA:9222,0
DA:9224,0
DA:9225,0
DA:9229,0
DA:9230,0
DA:9232,0
DA:9233,0
DA:9234,0
DA:9235,0
DA:9276,0
DA:9277,0
DA:9289,0
DA:9290,0
DA:9295,0
DA:9296,0
DA:9297,0
DA:9300,0
DA:9302,0
DA:9303,0
DA:9304,0
DA:9307,0
DA:9309,0
DA:9310,0
DA:9312,0
DA:9313,0
DA:9451,0
DA:9452,0
DA:9454,0
DA:9455,0
DA:9468,0
DA:9469,0
DA:9471,0
DA:9472,0
DA:9473,0
DA:9749,0
DA:9750,0
DA:9752,0
DA:9753,0
DA:9755,0
DA:9756,0
DA:9850,0
DA:9851,0
DA:9853,0
DA:9854,0
DA:9977,0
DA:9978,0
DA:9979,0
DA:9981,0
DA:9982,0
DA:9984,0
DA:9985,0
DA:10035,0
DA:10036,0
DA:10037,0
DA:10038,0
DA:10039,0
DA:10041,0
DA:10044,0
DA:10045,0
DA:10046,0
DA:10047,0
DA:10079,0
DA:10080,0
DA:10081,0
DA:10082,0
DA:10083,0
DA:10085,0
DA:10088,0
DA:10089,0
DA:10090,0
DA:10091,0
DA:10137,0
DA:10138,0
DA:10139,0
DA:10140,0
DA:10141,0
DA:10143,0
DA:10146,0
DA:10147,0
DA:10148,0
DA:10149,0
DA:10156,0
DA:10157,0
DA:10158,0
DA:10159,0
DA:10160,0
DA:10162,0
DA:10165,0
DA:10166,0
DA:10167,0
DA:10168,0
DA:10308,0
DA:10309,0
DA:10310,0
DA:10311,0
DA:10312,0
DA:10314,0
DA:10317,0
DA:10318,0
DA:10319,0
DA:10320,0
DA:10462,0
DA:10463,0
DA:10464,0
DA:10465,0
DA:10466,0
DA:10468,0
DA:10471,0
DA:10472,0
DA:10473,0
DA:10474,0
DA:10494,0
DA:10495,0
DA:10496,0
DA:10497,0
DA:10498,0
DA:10500,0
DA:10503,0
DA:10504,0
DA:10505,0
DA:10506,0
DA:10527,0
DA:10528,0
DA:10529,0
DA:10530,0
DA:10531,0
DA:10533,0
DA:10536,0
DA:10537,0
DA:10538,0
DA:10539,0
DA:10744,0
DA:10745,0
DA:10746,0
DA:10747,0
DA:10748,0
DA:10750,0
DA:10753,0
DA:10754,0
DA:10755,0
DA:10756,0
DA:10832,0
DA:10833,0
DA:10834,0
DA:10835,0
DA:10836,0
DA:10838,0
DA:10841,0
DA:10842,0
DA:10843,0
DA:10844,0
DA:10952,0
DA:10953,0
DA:10954,0
DA:10955,0
DA:10956,0
DA:10958,0
DA:10961,0
DA:10962,0
DA:10963,0
DA:10964,0
LF:1027
LH:0
end_of_record
SF:/Users/tim/.pub-cache/hosted/pub.dev/win32-5.0.9/lib/src/com/iapplicationactivationmanager.dart
DA:33,0
DA:35,0
DA:36,0
DA:37,0
DA:39,0
DA:41,0
DA:43,0
DA:52,0
DA:59,0
DA:60,0
DA:62,0
DA:67,0
DA:69,0
DA:78,0
DA:85,0
DA:86,0
DA:88,0
DA:90,0
DA:92,0
DA:100,0
DA:106,0
DA:107,0
DA:116,0
DA:118,0
DA:119,0
LF:25
LH:0
end_of_record
SF:/Users/tim/.pub-cache/hosted/pub.dev/win32-5.0.9/lib/src/combase.dart
DA:30,0
DA:32,0
DA:40,0
DA:42,0
DA:43,0
DA:48,0
DA:49,0
DA:52,0
DA:53,0
DA:69,0
DA:70,0
DA:74,0
DA:75,0
DA:78,0
DA:95,0
DA:96,0
DA:100,0
DA:101,0
DA:104,0
LF:19
LH:0
end_of_record
SF:/Users/tim/.pub-cache/hosted/pub.dev/win32-5.0.9/lib/src/constants.dart
DA:2241,0
DA:2244,0
DA:2247,0
DA:2250,0
DA:2253,0
DA:2256,0
DA:2259,0
DA:2262,0
DA:2265,0
DA:2268,0
DA:2271,0
DA:2274,0
DA:2277,0
DA:2280,0
DA:2283,0
DA:2286,0
DA:2289,0
DA:2292,0
DA:2295,0
DA:2298,0
DA:2301,0
DA:5765,0
DA:5768,0
DA:5771,0
DA:5774,0
DA:5777,0
DA:5780,0
DA:5783,0
DA:5786,0
DA:5789,0
DA:5792,0
DA:5795,0
DA:5798,0
DA:8107,0
DA:8110,0
DA:8113,0
DA:8116,0
DA:8119,0
DA:8122,0
DA:8125,0
DA:8128,0
DA:8131,0
DA:8134,0
DA:8137,0
DA:8140,0
DA:8143,0
DA:8146,0
DA:8149,0
DA:8152,0
DA:8155,0
DA:8158,0
DA:8161,0
DA:8164,0
DA:8167,0
DA:8170,0
DA:8173,0
DA:8176,0
LF:57
LH:0
end_of_record
SF:/Users/tim/.pub-cache/hosted/pub.dev/win32-5.0.9/lib/src/exceptions.dart
DA:22,0
DA:27,0
DA:35,0
DA:36,0
DA:42,0
DA:43,0
DA:44,0
DA:49,0
DA:51,0
DA:55,0
DA:59,0
DA:60,0
DA:65,0
DA:69,0
DA:71,0
LF:15
LH:0
end_of_record
SF:/Users/tim/.pub-cache/hosted/pub.dev/win32-5.0.9/lib/src/guid.dart
DA:34,0
DA:41,0
DA:42,0
DA:43,0
DA:44,0
DA:46,0
DA:47,0
DA:48,0
DA:49,0
DA:50,0
DA:52,0
DA:56,0
DA:59,0
DA:62,0
DA:63,0
DA:65,0
DA:73,0
DA:77,0
DA:78,0
DA:80,0
DA:81,0
DA:97,0
DA:98,0
DA:100,0
DA:108,0
DA:111,0
DA:112,0
DA:115,0
DA:118,0
DA:130,0
DA:132,0
DA:133,0
DA:134,0
DA:135,0
DA:136,0
DA:137,0
DA:139,0
DA:142,0
DA:145,0
DA:147,0
DA:148,0
DA:156,0
DA:157,0
DA:182,0
DA:184,0
DA:187,0
DA:188,0
DA:189,0
DA:190,0
DA:191,0
DA:192,0
DA:198,0
DA:199,0
DA:202,0
DA:203,0
LF:55
LH:0
end_of_record
SF:/Users/tim/.pub-cache/hosted/pub.dev/win32-5.0.9/lib/src/macros.dart
DA:19,0
DA:25,0
DA:35,0
DA:40,0
DA:45,0
DA:50,0
DA:55,0
DA:61,0
DA:67,0
DA:73,0
DA:79,0
DA:84,0
DA:89,0
DA:95,0
DA:96,0
DA:97,0
DA:103,0
DA:104,0
DA:105,0
DA:112,0
LF:20
LH:0
end_of_record
SF:/Users/tim/.pub-cache/hosted/pub.dev/win32-5.0.9/lib/src/utils.dart
DA:27,0
DA:29,0
DA:30,0
DA:31,0
DA:32,0
DA:33,0
DA:50,0
DA:52,0
DA:57,0
DA:58,0
DA:59,0
DA:60,0
DA:61,0
DA:62,0
DA:64,0
DA:67,0
DA:68,0
DA:71,0
DA:74,0
DA:75,0
DA:78,0
DA:79,0
DA:85,0
DA:87,0
DA:89,0
DA:97,0
DA:98,0
DA:99,0
DA:100,0
DA:101,0
DA:103,0
DA:110,0
DA:116,0
DA:117,0
DA:128,0
DA:130,0
DA:134,0
DA:135,0
DA:138,0
DA:139,0
DA:148,0
DA:154,0
LF:42
LH:0
end_of_record
SF:/Users/tim/.pub-cache/hosted/pub.dev/win32-5.0.9/lib/src/variant.dart
DA:136,0
DA:137,0
DA:139,0
DA:140,0
DA:141,0
DA:143,0
DA:144,0
DA:145,0
DA:147,0
DA:148,0
DA:149,0
DA:152,0
DA:153,0
DA:154,0
DA:157,0
DA:158,0
DA:159,0
DA:162,0
DA:163,0
DA:164,0
DA:167,0
DA:168,0
DA:169,0
DA:172,0
DA:173,0
DA:174,0
DA:175,0
DA:178,0
DA:179,0
DA:180,0
DA:181,0
DA:184,0
DA:185,0
DA:186,0
DA:187,0
DA:188,0
DA:189,0
DA:192,0
DA:193,0
DA:194,0
DA:197,0
DA:198,0
DA:199,0
DA:202,0
DA:203,0
DA:204,0
DA:207,0
DA:208,0
DA:209,0
DA:210,0
DA:213,0
DA:214,0
DA:215,0
DA:216,0
DA:217,0
DA:220,0
DA:221,0
DA:222,0
DA:223,0
DA:224,0
DA:226,0
DA:227,0
DA:228,0
DA:229,0
DA:232,0
DA:233,0
DA:234,0
DA:235,0
DA:238,0
DA:239,0
DA:240,0
DA:241,0
DA:244,0
DA:245,0
DA:246,0
DA:247,0
DA:250,0
DA:251,0
DA:252,0
DA:253,0
DA:256,0
DA:257,0
DA:258,0
DA:259,0
DA:262,0
DA:263,0
DA:264,0
DA:265,0
DA:267,0
DA:268,0
DA:269,0
DA:270,0
DA:272,0
DA:273,0
DA:274,0
DA:275,0
DA:277,0
DA:278,0
DA:279,0
DA:280,0
DA:282,0
DA:283,0
DA:284,0
DA:285,0
DA:287,0
DA:288,0
DA:289,0
DA:290,0
DA:292,0
DA:293,0
DA:294,0
DA:295,0
DA:297,0
DA:298,0
DA:299,0
DA:300,0
DA:302,0
DA:303,0
DA:304,0
DA:305,0
DA:307,0
DA:308,0
DA:309,0
DA:310,0
DA:312,0
DA:313,0
DA:314,0
DA:317,0
DA:318,0
DA:319,0
DA:322,0
DA:323,0
DA:324,0
DA:327,0
DA:328,0
DA:329,0
DA:332,0
DA:333,0
DA:334,0
DA:335,0
DA:336,0
DA:337,0
DA:338,0
DA:339,0
DA:342,0
DA:343,0
DA:344,0
DA:345,0
DA:349,0
DA:350,0
DA:351,0
DA:354,0
DA:355,0
DA:356,0
DA:358,0
DA:359,0
DA:360,0
DA:361,0
DA:363,0
DA:364,0
DA:365,0
DA:366,0
DA:368,0
DA:369,0
DA:370,0
DA:371,0
DA:373,0
DA:374,0
DA:375,0
DA:376,0
DA:378,0
DA:379,0
DA:380,0
DA:381,0
DA:383,0
DA:384,0
DA:385,0
DA:386,0
DA:388,0
DA:389,0
DA:390,0
DA:391,0
DA:393,0
DA:394,0
DA:395,0
DA:396,0
DA:398,0
DA:399,0
DA:400,0
DA:401,0
DA:402,0
LF:191
LH:0
end_of_record
SF:/Users/tim/.pub-cache/hosted/pub.dev/win32-5.0.9/lib/src/win32/ole32.g.dart
DA:22,0
DA:33,0
DA:34,0
DA:36,0
DA:50,0
DA:51,0
DA:53,0
DA:68,0
DA:69,0
DA:71,0
DA:81,0
DA:83,0
DA:95,0
DA:97,0
DA:116,0
DA:118,0
DA:120,0
DA:139,0
DA:141,0
DA:154,0
DA:155,0
DA:157,0
DA:176,0
DA:178,0
DA:180,0
DA:193,0
DA:195,0
DA:206,0
DA:207,0
DA:209,0
DA:224,0
DA:225,0
DA:227,0
DA:247,0
DA:257,0
DA:260,0
DA:299,0
DA:308,0
DA:311,0
DA:340,0
DA:342,0
DA:354,0
DA:356,0
DA:357,0
DA:369,0
DA:371,0
DA:383,0
DA:385,0
DA:386,0
DA:401,0
DA:403,0
DA:406,0
DA:429,0
DA:431,0
DA:434,0
DA:456,0
DA:458,0
DA:460,0
DA:475,0
DA:476,0
DA:478,0
DA:494,0
DA:495,0
DA:497,0
DA:512,0
DA:513,0
DA:515,0
DA:530,0
DA:532,0
DA:543,0
DA:545,0
DA:546,0
DA:557,0
DA:559,0
DA:561,0
DA:576,0
DA:577,0
DA:579,0
DA:595,0
DA:596,0
DA:598,0
DA:612,0
DA:613,0
DA:615,0
LF:84
LH:0
end_of_record
SF:/Users/tim/.pub-cache/hosted/pub.dev/win32-5.0.9/lib/src/com/iunknown.dart
DA:31,0
DA:32,0
DA:33,0
DA:37,0
DA:38,0
DA:39,0
DA:42,0
DA:44,0
DA:45,0
DA:46,0
DA:48,0
DA:49,0
DA:56,0
DA:57,0
DA:59,0
DA:64,0
DA:67,0
DA:73,0
DA:75,0
DA:76,0
DA:77,0
DA:88,0
DA:90,0
DA:91,0
DA:92,0
DA:98,0
DA:104,0
DA:105,0
DA:109,0
DA:110,0
DA:113,0
LF:31
LH:0
end_of_record
SF:/Users/tim/.pub-cache/hosted/pub.dev/win32-5.0.9/lib/src/com/iappxfactory.dart
DA:32,0
DA:34,0
DA:35,0
DA:37,0
DA:41,0
DA:43,0
DA:51,0
DA:57,0
DA:58,0
DA:60,0
DA:62,0
DA:64,0
DA:69,0
DA:72,0
DA:73,0
DA:75,0
DA:77,0
DA:79,0
DA:84,0
DA:87,0
DA:88,0
DA:90,0
DA:92,0
DA:94,0
DA:99,0
DA:102,0
DA:103,0
DA:105,0
DA:109,0
DA:111,0
DA:119,0
DA:125,0
DA:126,0
DA:134,0
DA:136,0
DA:137,0
LF:36
LH:0
end_of_record
SF:/Users/tim/.pub-cache/hosted/pub.dev/win32-5.0.9/lib/src/com/iappxfile.dart
DA:34,0
DA:36,0
DA:37,0
DA:39,0
DA:40,0
DA:42,0
DA:47,0
DA:49,0
DA:50,0
DA:52,0
DA:54,0
DA:59,0
DA:61,0
DA:62,0
DA:64,0
DA:66,0
DA:70,0
DA:73,0
DA:75,0
DA:77,0
DA:80,0
DA:82,0
DA:84,0
DA:86,0
DA:91,0
DA:93,0
DA:94,0
LF:27
LH:0
end_of_record
SF:/Users/tim/.pub-cache/hosted/pub.dev/win32-5.0.9/lib/src/com/iappxfilesenumerator.dart
DA:34,0
DA:36,0
DA:37,0
DA:39,0
DA:41,0
DA:45,0
DA:48,0
DA:50,0
DA:52,0
DA:56,0
DA:57,0
DA:58,0
DA:60,0
DA:62,0
DA:66,0
DA:67,0
DA:68,0
LF:17
LH:0
end_of_record
SF:/Users/tim/.pub-cache/hosted/pub.dev/win32-5.0.9/lib/src/com/iappxmanifestapplication.dart
DA:34,0
DA:36,0
DA:37,0
DA:38,0
DA:40,0
DA:41,0
DA:43,0
DA:48,0
DA:51,0
DA:53,0
DA:54,0
DA:56,0
DA:61,0
DA:63,0
DA:64,0
LF:15
LH:0
end_of_record
SF:/Users/tim/.pub-cache/hosted/pub.dev/win32-5.0.9/lib/src/com/iappxmanifestapplicationsenumerator.dart
DA:35,0
DA:37,0
DA:38,0
DA:39,0
DA:41,0
DA:43,0
DA:48,0
DA:50,0
DA:51,0
DA:53,0
DA:55,0
DA:59,0
DA:60,0
DA:61,0
DA:63,0
DA:65,0
DA:69,0
DA:70,0
DA:71,0
LF:19
LH:0
end_of_record
SF:/Users/tim/.pub-cache/hosted/pub.dev/win32-5.0.9/lib/src/com/iappxmanifestospackagedependency.dart
DA:33,0
DA:35,0
DA:36,0
DA:37,0
DA:39,0
DA:41,0
DA:45,0
DA:46,0
DA:47,0
DA:49,0
DA:51,0
DA:55,0
DA:56,0
DA:57,0
LF:14
LH:0
end_of_record
SF:/Users/tim/.pub-cache/hosted/pub.dev/win32-5.0.9/lib/src/com/iappxmanifestpackagedependenciesenumerator.dart
DA:35,0
DA:37,0
DA:38,0
DA:39,0
DA:41,0
DA:43,0
DA:48,0
DA:50,0
DA:51,0
DA:53,0
DA:55,0
DA:59,0
DA:60,0
DA:61,0
DA:63,0
DA:65,0
DA:69,0
DA:70,0
DA:71,0
LF:19
LH:0
end_of_record
SF:/Users/tim/.pub-cache/hosted/pub.dev/win32-5.0.9/lib/src/com/iappxmanifestpackagedependency.dart
DA:35,0
DA:37,0
DA:38,0
DA:39,0
DA:41,0
DA:43,0
DA:47,0
DA:48,0
DA:49,0
DA:51,0
DA:53,0
DA:58,0
DA:60,0
DA:61,0
DA:63,0
DA:65,0
DA:69,0
DA:70,0
DA:71,0
LF:19
LH:0
end_of_record
SF:/Users/tim/.pub-cache/hosted/pub.dev/win32-5.0.9/lib/src/com/iappxmanifestpackageid.dart
DA:34,0
DA:36,0
DA:37,0
DA:39,0
DA:41,0
DA:45,0
DA:46,0
DA:47,0
DA:49,0
DA:51,0
DA:55,0
DA:56,0
DA:57,0
DA:59,0
DA:61,0
DA:66,0
DA:68,0
DA:69,0
DA:71,0
DA:72,0
DA:74,0
DA:79,0
DA:81,0
DA:82,0
DA:84,0
DA:86,0
DA:91,0
DA:93,0
DA:94,0
DA:96,0
DA:97,0
DA:99,0
DA:104,0
DA:107,0
DA:109,0
DA:110,0
DA:112,0
DA:117,0
DA:119,0
DA:120,0
DA:122,0
DA:123,0
DA:125,0
DA:130,0
DA:133,0
DA:134,0
LF:46
LH:0
end_of_record
SF:/Users/tim/.pub-cache/hosted/pub.dev/win32-5.0.9/lib/src/com/iappxmanifestproperties.dart
DA:35,0
DA:37,0
DA:38,0
DA:39,0
DA:41,0
DA:43,0
DA:48,0
DA:51,0
DA:53,0
DA:54,0
DA:56,0
DA:61,0
DA:64,0
LF:13
LH:0
end_of_record
SF:/Users/tim/.pub-cache/hosted/pub.dev/win32-5.0.9/lib/src/com/iappxmanifestreader.dart
DA:35,0
DA:37,0
DA:38,0
DA:40,0
DA:42,0
DA:47,0
DA:49,0
DA:50,0
DA:52,0
DA:53,0
DA:55,0
DA:60,0
DA:63,0
DA:64,0
DA:66,0
DA:67,0
DA:69,0
DA:74,0
DA:77,0
DA:78,0
DA:80,0
DA:82,0
DA:86,0
DA:87,0
DA:88,0
DA:90,0
DA:92,0
DA:97,0
DA:99,0
DA:100,0
DA:102,0
DA:104,0
DA:106,0
DA:113,0
DA:116,0
DA:117,0
DA:119,0
DA:120,0
DA:122,0
DA:127,0
DA:130,0
DA:132,0
DA:133,0
DA:135,0
DA:140,0
DA:143,0
DA:144,0
DA:146,0
DA:148,0
DA:153,0
DA:156,0
DA:157,0
LF:52
LH:0
end_of_record
SF:/Users/tim/.pub-cache/hosted/pub.dev/win32-5.0.9/lib/src/com/iappxmanifestreader2.dart
DA:36,0
DA:38,0
DA:39,0
DA:41,0
DA:42,0
DA:44,0
DA:49,0
DA:51,0
DA:52,0
LF:9
LH:0
end_of_record
SF:/Users/tim/.pub-cache/hosted/pub.dev/win32-5.0.9/lib/src/com/iappxmanifestreader3.dart
DA:36,0
DA:38,0
DA:39,0
DA:41,0
DA:43,0
DA:45,0
DA:50,0
DA:53,0
DA:54,0
DA:56,0
DA:59,0
DA:61,0
DA:68,0
DA:71,0
DA:72,0
LF:15
LH:0
end_of_record
SF:/Users/tim/.pub-cache/hosted/pub.dev/win32-5.0.9/lib/src/com/iappxmanifestreader4.dart
DA:36,0
DA:38,0
DA:39,0
DA:41,0
DA:43,0
DA:45,0
DA:52,0
DA:55,0
DA:56,0
LF:9
LH:0
end_of_record
SF:/Users/tim/.pub-cache/hosted/pub.dev/win32-5.0.9/lib/src/com/iappxmanifestreader5.dart
DA:35,0
DA:37,0
DA:38,0
DA:40,0
DA:42,0
DA:44,0
DA:51,0
DA:54,0
DA:55,0
LF:9
LH:0
end_of_record
SF:/Users/tim/.pub-cache/hosted/pub.dev/win32-5.0.9/lib/src/com/iappxmanifestreader6.dart
DA:35,0
DA:37,0
DA:38,0
DA:40,0
DA:42,0
DA:44,0
DA:49,0
DA:52,0
DA:53,0
LF:9
LH:0
end_of_record
SF:/Users/tim/.pub-cache/hosted/pub.dev/win32-5.0.9/lib/src/com/iappxmanifestreader7.dart
DA:35,0
DA:37,0
DA:38,0
DA:40,0
DA:42,0
DA:44,0
DA:51,0
DA:54,0
DA:55,0
DA:57,0
DA:59,0
DA:60,0
DA:62,0
DA:69,0
DA:72,0
DA:73,0
DA:75,0
DA:77,0
DA:79,0
DA:86,0
DA:89,0
DA:90,0
LF:22
LH:0
end_of_record
SF:/Users/tim/.pub-cache/hosted/pub.dev/win32-5.0.9/lib/src/com/iappxpackagereader.dart
DA:34,0
DA:36,0
DA:37,0
DA:39,0
DA:41,0
DA:46,0
DA:49,0
DA:50,0
DA:52,0
DA:53,0
DA:55,0
DA:60,0
DA:63,0
DA:65,0
DA:67,0
DA:69,0
DA:74,0
DA:77,0
DA:78,0
DA:80,0
DA:81,0
DA:83,0
DA:88,0
DA:91,0
DA:92,0
DA:94,0
DA:96,0
DA:101,0
DA:104,0
DA:105,0
LF:30
LH:0
end_of_record
SF:/Users/tim/.pub-cache/hosted/pub.dev/win32-5.0.9/lib/src/com/iaudiocaptureclient.dart
DA:38,0
DA:40,0
DA:41,0
DA:43,0
DA:49,0
DA:51,0
DA:61,0
DA:69,0
DA:70,0
DA:77,0
DA:79,0
DA:82,0
DA:85,0
DA:87,0
DA:88,0
DA:90,0
DA:95,0
DA:97,0
DA:98,0
LF:19
LH:0
end_of_record
SF:/Users/tim/.pub-cache/hosted/pub.dev/win32-5.0.9/lib/src/com/iaudioclient.dart
DA:37,0
DA:39,0
DA:40,0
DA:42,0
DA:49,0
DA:51,0
DA:62,0
DA:71,0
DA:72,0
DA:80,0
DA:81,0
DA:83,0
DA:88,0
DA:90,0
DA:91,0
DA:93,0
DA:95,0
DA:99,0
DA:100,0
DA:101,0
DA:103,0
DA:105,0
DA:110,0
DA:112,0
DA:113,0
DA:115,0
DA:118,0
DA:120,0
DA:129,0
DA:135,0
DA:136,0
DA:138,0
DA:139,0
DA:141,0
DA:146,0
DA:149,0
DA:150,0
DA:152,0
DA:154,0
DA:156,0
DA:163,0
DA:166,0
DA:167,0
DA:169,0
DA:171,0
DA:172,0
DA:173,0
DA:175,0
DA:177,0
DA:178,0
DA:179,0
DA:181,0
DA:183,0
DA:184,0
DA:185,0
DA:187,0
DA:189,0
DA:192,0
DA:195,0
DA:197,0
DA:199,0
DA:204,0
DA:207,0
LF:63
LH:0
end_of_record
SF:/Users/tim/.pub-cache/hosted/pub.dev/win32-5.0.9/lib/src/com/iaudioclock.dart
DA:38,0
DA:40,0
DA:41,0
DA:43,0
DA:45,0
DA:49,0
DA:52,0
DA:54,0
DA:56,0
DA:58,0
DA:63,0
DA:66,0
DA:67,0
DA:69,0
DA:71,0
DA:76,0
DA:78,0
DA:79,0
LF:18
LH:0
end_of_record
SF:/Users/tim/.pub-cache/hosted/pub.dev/win32-5.0.9/lib/src/com/iaudiorenderclient.dart
DA:38,0
DA:40,0
DA:41,0
DA:43,0
DA:44,0
DA:46,0
DA:51,0
DA:54,0
DA:55,0
DA:57,0
DA:59,0
DA:64,0
DA:66,0
DA:67,0
LF:14
LH:0
end_of_record
SF:/Users/tim/.pub-cache/hosted/pub.dev/win32-5.0.9/lib/src/com/iaudiosessioncontrol.dart
DA:40,0
DA:42,0
DA:43,0
DA:45,0
DA:47,0
DA:51,0
DA:52,0
DA:53,0
DA:55,0
DA:57,0
DA:61,0
DA:64,0
DA:66,0
DA:67,0
DA:69,0
DA:74,0
DA:77,0
DA:78,0
DA:80,0
DA:82,0
DA:86,0
DA:89,0
DA:91,0
DA:92,0
DA:94,0
DA:99,0
DA:102,0
DA:103,0
DA:105,0
DA:107,0
DA:110,0
DA:113,0
DA:115,0
DA:116,0
DA:118,0
DA:123,0
DA:126,0
DA:127,0
DA:129,0
DA:130,0
DA:132,0
DA:137,0
DA:139,0
DA:140,0
DA:142,0
DA:143,0
DA:145,0
DA:150,0
DA:152,0
DA:153,0
LF:50
LH:0
end_of_record
SF:/Users/tim/.pub-cache/hosted/pub.dev/win32-5.0.9/lib/src/com/iaudiosessionmanager.dart
DA:38,0
DA:40,0
DA:41,0
DA:43,0
DA:45,0
DA:47,0
DA:55,0
DA:61,0
DA:62,0
DA:64,0
DA:66,0
DA:68,0
DA:76,0
DA:82,0
DA:83,0
LF:15
LH:0
end_of_record
SF:/Users/tim/.pub-cache/hosted/pub.dev/win32-5.0.9/lib/src/com/iaudiostreamvolume.dart
DA:38,0
DA:40,0
DA:41,0
DA:43,0
DA:45,0
DA:49,0
DA:50,0
DA:51,0
DA:53,0
DA:55,0
DA:59,0
DA:60,0
DA:61,0
DA:63,0
DA:65,0
DA:70,0
DA:72,0
DA:73,0
DA:75,0
DA:77,0
DA:82,0
DA:85,0
DA:87,0
DA:89,0
DA:94,0
DA:97,0
LF:26
LH:0
end_of_record
SF:/Users/tim/.pub-cache/hosted/pub.dev/win32-5.0.9/lib/src/com/ibindctx.dart
DA:35,0
DA:37,0
DA:38,0
DA:40,0
DA:42,0
DA:46,0
DA:47,0
DA:48,0
DA:50,0
DA:52,0
DA:56,0
DA:57,0
DA:58,0
DA:60,0
DA:62,0
DA:63,0
DA:64,0
DA:66,0
DA:68,0
DA:72,0
DA:73,0
DA:74,0
DA:76,0
DA:78,0
DA:82,0
DA:83,0
DA:84,0
DA:86,0
DA:88,0
DA:93,0
DA:95,0
DA:96,0
DA:98,0
DA:99,0
DA:101,0
DA:106,0
DA:109,0
DA:111,0
DA:113,0
DA:115,0
DA:120,0
DA:123,0
DA:124,0
DA:126,0
DA:128,0
DA:133,0
DA:135,0
DA:136,0
DA:138,0
DA:140,0
DA:143,0
DA:146,0
LF:52
LH:0
end_of_record
SF:/Users/tim/.pub-cache/hosted/pub.dev/win32-5.0.9/lib/src/com/ichannelaudiovolume.dart
DA:40,0
DA:42,0
DA:43,0
DA:45,0
DA:47,0
DA:51,0
DA:52,0
DA:53,0
DA:55,0
DA:57,0
DA:59,0
DA:64,0
DA:67,0
DA:68,0
DA:70,0
DA:72,0
DA:77,0
DA:79,0
DA:80,0
DA:82,0
DA:84,0
DA:86,0
DA:94,0
DA:97,0
DA:98,0
DA:100,0
DA:102,0
DA:107,0
DA:110,0
LF:29
LH:0
end_of_record
SF:/Users/tim/.pub-cache/hosted/pub.dev/win32-5.0.9/lib/src/com/iclassfactory.dart
DA:35,0
DA:37,0
DA:38,0
DA:40,0
DA:42,0
DA:44,0
DA:49,0
DA:56,0
DA:58,0
DA:60,0
DA:61,0
DA:62,0
LF:12
LH:0
end_of_record
SF:/Users/tim/.pub-cache/hosted/pub.dev/win32-5.0.9/lib/src/com/iconnectionpoint.dart
DA:34,0
DA:36,0
DA:37,0
DA:39,0
DA:41,0
DA:44,0
DA:46,0
DA:48,0
DA:49,0
DA:51,0
DA:56,0
DA:58,0
DA:59,0
DA:61,0
DA:62,0
DA:64,0
DA:69,0
DA:72,0
DA:73,0
DA:75,0
DA:77,0
DA:78,0
DA:80,0
DA:82,0
DA:84,0
DA:89,0
DA:91,0
DA:92,0
LF:28
LH:0
end_of_record
SF:/Users/tim/.pub-cache/hosted/pub.dev/win32-5.0.9/lib/src/com/iconnectionpointcontainer.dart
DA:34,0
DA:36,0
DA:37,0
DA:38,0
DA:40,0
DA:42,0
DA:47,0
DA:49,0
DA:50,0
DA:52,0
DA:54,0
DA:56,0
DA:61,0
DA:64,0
DA:65,0
LF:15
LH:0
end_of_record
SF:/Users/tim/.pub-cache/hosted/pub.dev/win32-5.0.9/lib/src/com/idesktopwallpaper.dart
DA:32,0
DA:34,0
DA:35,0
DA:37,0
DA:38,0
DA:40,0
DA:45,0
DA:48,0
DA:49,0
DA:51,0
DA:53,0
DA:55,0
DA:60,0
DA:63,0
DA:64,0
DA:66,0
DA:68,0
DA:69,0
DA:71,0
DA:76,0
DA:79,0
DA:80,0
DA:82,0
DA:84,0
DA:87,0
DA:90,0
DA:92,0
DA:93,0
DA:95,0
DA:100,0
DA:103,0
DA:104,0
DA:106,0
DA:108,0
DA:109,0
DA:110,0
DA:112,0
DA:114,0
DA:117,0
DA:120,0
DA:122,0
DA:124,0
DA:125,0
DA:127,0
DA:129,0
DA:131,0
DA:135,0
DA:136,0
DA:137,0
DA:139,0
DA:141,0
DA:145,0
DA:146,0
DA:147,0
DA:149,0
DA:151,0
DA:156,0
DA:158,0
DA:159,0
DA:161,0
DA:163,0
DA:168,0
DA:169,0
DA:170,0
DA:172,0
DA:174,0
DA:176,0
DA:181,0
DA:184,0
DA:185,0
DA:187,0
DA:188,0
DA:190,0
DA:195,0
DA:198,0
DA:200,0
DA:202,0
DA:205,0
DA:207,0
DA:209,0
DA:211,0
DA:212,0
DA:213,0
DA:221,0
DA:223,0
DA:224,0
LF:86
LH:0
end_of_record
SF:/Users/tim/.pub-cache/hosted/pub.dev/win32-5.0.9/lib/src/com/idispatch.dart
DA:35,0
DA:37,0
DA:38,0
DA:40,0
DA:42,0
DA:46,0
DA:47,0
DA:48,0
DA:50,0
DA:51,0
DA:53,0
DA:58,0
DA:61,0
DA:62,0
DA:64,0
DA:66,0
DA:68,0
DA:78,0
DA:86,0
DA:87,0
DA:89,0
DA:98,0
DA:100,0
DA:113,0
DA:124,0
LF:25
LH:0
end_of_record
SF:/Users/tim/.pub-cache/hosted/pub.dev/win32-5.0.9/lib/src/com/ienumidlist.dart
DA:38,0
DA:40,0
DA:41,0
DA:43,0
DA:45,0
DA:47,0
DA:55,0
DA:61,0
DA:62,0
DA:64,0
DA:66,0
DA:67,0
DA:68,0
DA:70,0
DA:72,0
DA:73,0
DA:74,0
DA:76,0
DA:78,0
DA:83,0
DA:85,0
DA:86,0
LF:22
LH:0
end_of_record
SF:/Users/tim/.pub-cache/hosted/pub.dev/win32-5.0.9/lib/src/com/ienummoniker.dart
DA:35,0
DA:37,0
DA:38,0
DA:40,0
DA:42,0
DA:44,0
DA:52,0
DA:58,0
DA:59,0
DA:61,0
DA:63,0
DA:64,0
DA:65,0
DA:67,0
DA:69,0
DA:70,0
DA:71,0
DA:73,0
DA:75,0
DA:80,0
DA:82,0
DA:83,0
LF:22
LH:0
end_of_record
SF:/Users/tim/.pub-cache/hosted/pub.dev/win32-5.0.9/lib/src/com/ienumnetworkconnections.dart
DA:38,0
DA:40,0
DA:41,0
DA:42,0
DA:44,0
DA:47,0
DA:49,0
DA:53,0
DA:56,0
DA:58,0
DA:59,0
DA:60,0
DA:66,0
DA:68,0
DA:70,0
DA:78,0
DA:84,0
DA:85,0
DA:87,0
DA:89,0
DA:90,0
DA:91,0
DA:93,0
DA:95,0
DA:96,0
DA:97,0
DA:99,0
DA:101,0
DA:106,0
DA:109,0
DA:110,0
LF:31
LH:0
end_of_record
SF:/Users/tim/.pub-cache/hosted/pub.dev/win32-5.0.9/lib/src/com/ienumnetworks.dart
DA:37,0
DA:39,0
DA:40,0
DA:42,0
DA:45,0
DA:47,0
DA:51,0
DA:54,0
DA:56,0
DA:57,0
DA:58,0
DA:64,0
DA:66,0
DA:68,0
DA:76,0
DA:82,0
DA:83,0
DA:85,0
DA:87,0
DA:88,0
DA:89,0
DA:91,0
DA:93,0
DA:94,0
DA:95,0
DA:97,0
DA:99,0
DA:104,0
DA:107,0
DA:108,0
LF:30
LH:0
end_of_record
SF:/Users/tim/.pub-cache/hosted/pub.dev/win32-5.0.9/lib/src/com/ienumresources.dart
DA:34,0
DA:36,0
DA:37,0
DA:39,0
DA:41,0
DA:43,0
DA:51,0
DA:57,0
DA:58,0
DA:60,0
DA:62,0
DA:63,0
DA:64,0
DA:66,0
DA:68,0
DA:69,0
DA:70,0
DA:72,0
DA:74,0
DA:79,0
DA:81,0
DA:82,0
LF:22
LH:0
end_of_record
SF:/Users/tim/.pub-cache/hosted/pub.dev/win32-5.0.9/lib/src/com/ienumspellingerror.dart
DA:34,0
DA:36,0
DA:37,0
DA:39,0
DA:41,0
DA:46,0
DA:48,0
DA:49,0
LF:8
LH:0
end_of_record
SF:/Users/tim/.pub-cache/hosted/pub.dev/win32-5.0.9/lib/src/com/ienumstring.dart
DA:35,0
DA:37,0
DA:38,0
DA:40,0
DA:42,0
DA:44,0
DA:52,0
DA:55,0
DA:56,0
DA:58,0
DA:60,0
DA:61,0
DA:62,0
DA:64,0
DA:66,0
DA:67,0
DA:68,0
DA:70,0
DA:72,0
DA:77,0
DA:79,0
DA:80,0
LF:22
LH:0
end_of_record
SF:/Users/tim/.pub-cache/hosted/pub.dev/win32-5.0.9/lib/src/com/ienumvariant.dart
DA:37,0
DA:39,0
DA:40,0
DA:42,0
DA:43,0
DA:45,0
DA:53,0
DA:56,0
DA:57,0
DA:59,0
DA:61,0
DA:62,0
DA:63,0
DA:65,0
DA:67,0
DA:68,0
DA:69,0
DA:71,0
DA:73,0
DA:78,0
DA:80,0
DA:81,0
LF:22
LH:0
end_of_record
SF:/Users/tim/.pub-cache/hosted/pub.dev/win32-5.0.9/lib/src/com/ienumwbemclassobject.dart
DA:36,0
DA:38,0
DA:39,0
DA:41,0
DA:43,0
DA:44,0
DA:45,0
DA:47,0
DA:49,0
DA:51,0
DA:60,0
DA:67,0
DA:68,0
DA:70,0
DA:72,0
DA:77,0
DA:79,0
DA:80,0
DA:82,0
DA:84,0
DA:89,0
DA:91,0
DA:92,0
DA:94,0
DA:95,0
DA:97,0
DA:102,0
DA:103,0
DA:104,0
LF:29
LH:0
end_of_record
SF:/Users/tim/.pub-cache/hosted/pub.dev/win32-5.0.9/lib/src/com/ierrorinfo.dart
DA:38,0
DA:40,0
DA:41,0
DA:43,0
DA:45,0
DA:48,0
DA:50,0
DA:52,0
DA:54,0
DA:59,0
DA:61,0
DA:62,0
DA:64,0
DA:66,0
DA:71,0
DA:74,0
DA:75,0
DA:77,0
DA:79,0
DA:84,0
DA:86,0
DA:87,0
DA:89,0
DA:90,0
DA:92,0
DA:97,0
DA:99,0
DA:100,0
LF:28
LH:0
end_of_record
SF:/Users/tim/.pub-cache/hosted/pub.dev/win32-5.0.9/lib/src/com/ifiledialog.dart
DA:36,0
DA:38,0
DA:39,0
DA:41,0
DA:42,0
DA:44,0
DA:49,0
DA:52,0
DA:53,0
DA:55,0
DA:57,0
DA:59,0
DA:61,0
DA:63,0
DA:65,0
DA:69,0
DA:70,0
DA:71,0
DA:73,0
DA:74,0
DA:76,0
DA:81,0
DA:84,0
DA:86,0
DA:88,0
DA:89,0
DA:91,0
DA:93,0
DA:95,0
DA:96,0
DA:97,0
DA:99,0
DA:101,0
DA:104,0
DA:106,0
DA:108,0
DA:110,0
DA:114,0
DA:115,0
DA:116,0
DA:118,0
DA:120,0
DA:124,0
DA:125,0
DA:126,0
DA:128,0
DA:130,0
DA:134,0
DA:137,0
DA:139,0
DA:141,0
DA:145,0
DA:148,0
DA:150,0
DA:152,0
DA:156,0
DA:157,0
DA:158,0
DA:160,0
DA:162,0
DA:166,0
DA:169,0
DA:171,0
DA:173,0
DA:177,0
DA:178,0
DA:179,0
DA:181,0
DA:183,0
DA:187,0
DA:188,0
DA:189,0
DA:191,0
DA:193,0
DA:197,0
DA:198,0
DA:199,0
DA:201,0
DA:203,0
DA:207,0
DA:210,0
DA:212,0
DA:214,0
DA:219,0
DA:221,0
DA:222,0
DA:224,0
DA:226,0
DA:231,0
DA:233,0
DA:234,0
DA:236,0
DA:238,0
DA:239,0
DA:240,0
DA:242,0
DA:244,0
DA:247,0
DA:249,0
DA:251,0
DA:253,0
DA:254,0
DA:255,0
DA:257,0
DA:259,0
DA:263,0
DA:264,0
DA:265,0
LF:108
LH:0
end_of_record
SF:/Users/tim/.pub-cache/hosted/pub.dev/win32-5.0.9/lib/src/com/imodalwindow.dart
DA:34,0
DA:36,0
DA:37,0
DA:39,0
DA:41,0
DA:43,0
DA:45,0
LF:7
LH:0
end_of_record
SF:/Users/tim/.pub-cache/hosted/pub.dev/win32-5.0.9/lib/src/com/ifiledialog2.dart
DA:38,0
DA:40,0
DA:41,0
DA:43,0
DA:45,0
DA:49,0
DA:50,0
DA:51,0
DA:53,0
DA:55,0
DA:59,0
DA:60,0
DA:61,0
LF:13
LH:0
end_of_record
SF:/Users/tim/.pub-cache/hosted/pub.dev/win32-5.0.9/lib/src/com/ifiledialogcustomize.dart
DA:35,0
DA:37,0
DA:38,0
DA:40,0
DA:42,0
DA:43,0
DA:45,0
DA:47,0
DA:49,0
DA:54,0
DA:56,0
DA:57,0
DA:59,0
DA:61,0
DA:66,0
DA:68,0
DA:69,0
DA:71,0
DA:73,0
DA:74,0
DA:76,0
DA:78,0
DA:80,0
DA:81,0
DA:83,0
DA:85,0
DA:86,0
DA:88,0
DA:93,0
DA:96,0
DA:98,0
DA:100,0
DA:105,0
DA:107,0
DA:108,0
DA:110,0
DA:112,0
DA:113,0
DA:115,0
DA:117,0
DA:119,0
DA:124,0
DA:126,0
DA:127,0
DA:129,0
DA:131,0
DA:136,0
DA:138,0
DA:139,0
DA:141,0
DA:143,0
DA:148,0
DA:150,0
DA:151,0
DA:153,0
DA:154,0
DA:156,0
DA:161,0
DA:162,0
DA:163,0
DA:165,0
DA:166,0
DA:168,0
DA:173,0
DA:176,0
DA:177,0
DA:179,0
DA:181,0
DA:186,0
DA:188,0
DA:189,0
DA:191,0
DA:192,0
DA:194,0
DA:199,0
DA:202,0
DA:204,0
DA:205,0
DA:207,0
DA:212,0
DA:213,0
DA:214,0
DA:216,0
DA:217,0
DA:219,0
DA:224,0
DA:227,0
DA:228,0
DA:230,0
DA:231,0
DA:233,0
DA:238,0
DA:239,0
DA:240,0
DA:242,0
DA:244,0
DA:245,0
DA:247,0
DA:249,0
DA:250,0
DA:252,0
DA:257,0
DA:264,0
DA:266,0
DA:267,0
DA:269,0
DA:274,0
DA:277,0
DA:279,0
DA:280,0
DA:282,0
DA:287,0
DA:290,0
DA:292,0
DA:293,0
DA:295,0
DA:300,0
DA:301,0
DA:302,0
DA:304,0
DA:306,0
DA:311,0
DA:313,0
DA:314,0
DA:316,0
DA:318,0
DA:319,0
DA:320,0
DA:322,0
DA:324,0
DA:325,0
DA:327,0
DA:329,0
DA:330,0
DA:332,0
DA:337,0
DA:344,0
LF:137
LH:0
end_of_record
SF:/Users/tim/.pub-cache/hosted/pub.dev/win32-5.0.9/lib/src/com/ifileisinuse.dart
DA:38,0
DA:40,0
DA:41,0
DA:43,0
DA:45,0
DA:49,0
DA:52,0
DA:54,0
DA:56,0
DA:59,0
DA:61,0
DA:63,0
DA:65,0
DA:69,0
DA:70,0
DA:71,0
DA:73,0
DA:75,0
DA:78,0
DA:81,0
DA:83,0
DA:85,0
DA:86,0
DA:87,0
LF:24
LH:0
end_of_record
SF:/Users/tim/.pub-cache/hosted/pub.dev/win32-5.0.9/lib/src/com/ifileopendialog.dart
DA:33,0
DA:35,0
DA:36,0
DA:38,0
DA:40,0
DA:45,0
DA:47,0
DA:48,0
DA:50,0
DA:52,0
DA:57,0
DA:59,0
DA:60,0
DA:68,0
DA:70,0
DA:71,0
LF:16
LH:0
end_of_record
SF:/Users/tim/.pub-cache/hosted/pub.dev/win32-5.0.9/lib/src/com/ifilesavedialog.dart
DA:33,0
DA:35,0
DA:36,0
DA:38,0
DA:40,0
DA:44,0
DA:45,0
DA:46,0
DA:48,0
DA:50,0
DA:54,0
DA:55,0
DA:56,0
DA:58,0
DA:59,0
DA:61,0
DA:66,0
DA:69,0
DA:71,0
DA:73,0
DA:78,0
DA:80,0
DA:81,0
DA:83,0
DA:85,0
DA:87,0
DA:96,0
DA:103,0
DA:104,0
DA:112,0
DA:114,0
DA:115,0
LF:32
LH:0
end_of_record
SF:/Users/tim/.pub-cache/hosted/pub.dev/win32-5.0.9/lib/src/com/iinitializewithwindow.dart
DA:35,0
DA:37,0
DA:38,0
DA:40,0
DA:42,0
DA:43,0
DA:44,0
LF:7
LH:0
end_of_record
SF:/Users/tim/.pub-cache/hosted/pub.dev/win32-5.0.9/lib/src/com/iinspectable.dart
DA:34,0
DA:36,0
DA:37,0
DA:39,0
DA:40,0
DA:42,0
DA:47,0
DA:50,0
DA:52,0
DA:54,0
DA:58,0
DA:59,0
DA:60,0
DA:62,0
DA:64,0
DA:68,0
DA:69,0
DA:70,0
LF:18
LH:0
end_of_record
SF:/Users/tim/.pub-cache/hosted/pub.dev/win32-5.0.9/lib/src/com/iknownfolder.dart
DA:38,0
DA:40,0
DA:41,0
DA:43,0
DA:45,0
DA:48,0
DA:50,0
DA:52,0
DA:54,0
DA:58,0
DA:59,0
DA:60,0
DA:62,0
DA:63,0
DA:65,0
DA:70,0
DA:73,0
DA:75,0
DA:77,0
DA:82,0
DA:85,0
DA:86,0
DA:88,0
DA:90,0
DA:95,0
DA:97,0
DA:98,0
DA:100,0
DA:101,0
DA:103,0
DA:108,0
DA:111,0
DA:112,0
DA:114,0
DA:116,0
DA:119,0
DA:121,0
DA:123,0
DA:124,0
DA:126,0
DA:130,0
DA:133,0
DA:135,0
DA:136,0
DA:138,0
DA:143,0
DA:145,0
DA:146,0
LF:48
LH:0
end_of_record
SF:/Users/tim/.pub-cache/hosted/pub.dev/win32-5.0.9/lib/src/com/iknownfoldermanager.dart
DA:32,0
DA:34,0
DA:35,0
DA:37,0
DA:39,0
DA:43,0
DA:46,0
DA:48,0
DA:49,0
DA:51,0
DA:56,0
DA:59,0
DA:61,0
DA:62,0
DA:64,0
DA:69,0
DA:72,0
DA:74,0
DA:75,0
DA:77,0
DA:82,0
DA:85,0
DA:87,0
DA:89,0
DA:91,0
DA:96,0
DA:102,0
DA:104,0
DA:106,0
DA:108,0
DA:113,0
DA:116,0
DA:117,0
DA:119,0
DA:121,0
DA:124,0
DA:126,0
DA:128,0
DA:130,0
DA:132,0
DA:137,0
DA:140,0
DA:141,0
DA:143,0
DA:145,0
DA:147,0
DA:152,0
DA:155,0
DA:156,0
DA:158,0
DA:166,0
DA:168,0
DA:180,0
DA:190,0
DA:199,0
DA:201,0
DA:202,0
LF:57
LH:0
end_of_record
SF:/Users/tim/.pub-cache/hosted/pub.dev/win32-5.0.9/lib/src/com/imetadataassemblyimport.dart
DA:35,0
DA:37,0
DA:38,0
DA:39,0
DA:41,0
DA:51,0
DA:53,0
DA:67,0
DA:79,0
DA:80,0
DA:91,0
DA:102,0
DA:104,0
DA:119,0
DA:132,0
DA:133,0
DA:145,0
DA:153,0
DA:155,0
DA:167,0
DA:177,0
DA:180,0
DA:188,0
DA:190,0
DA:202,0
DA:212,0
DA:213,0
DA:222,0
DA:230,0
DA:232,0
DA:244,0
DA:254,0
DA:255,0
DA:264,0
DA:266,0
DA:268,0
DA:277,0
DA:284,0
DA:285,0
DA:287,0
DA:289,0
DA:291,0
DA:300,0
DA:307,0
DA:308,0
DA:310,0
DA:312,0
DA:314,0
DA:323,0
DA:330,0
DA:331,0
DA:333,0
DA:338,0
DA:340,0
DA:349,0
DA:356,0
DA:357,0
DA:359,0
DA:361,0
DA:365,0
DA:366,0
DA:367,0
DA:369,0
DA:371,0
DA:373,0
DA:381,0
DA:384,0
DA:385,0
DA:387,0
DA:389,0
DA:391,0
DA:396,0
DA:399,0
DA:400,0
DA:402,0
DA:404,0
DA:405,0
DA:407,0
DA:409,0
DA:416,0
DA:418,0
DA:429,0
DA:438,0
LF:83
LH:0
end_of_record
SF:/Users/tim/.pub-cache/hosted/pub.dev/win32-5.0.9/lib/src/com/imetadatadispenser.dart
DA:35,0
DA:37,0
DA:38,0
DA:40,0
DA:42,0
DA:44,0
DA:53,0
DA:60,0
DA:61,0
DA:63,0
DA:65,0
DA:67,0
DA:76,0
DA:83,0
DA:84,0
DA:86,0
DA:88,0
DA:90,0
DA:100,0
DA:108,0
DA:109,0
LF:21
LH:0
end_of_record
SF:/Users/tim/.pub-cache/hosted/pub.dev/win32-5.0.9/lib/src/com/imetadatadispenserex.dart
DA:37,0
DA:39,0
DA:40,0
DA:42,0
DA:43,0
DA:45,0
DA:50,0
DA:53,0
DA:55,0
DA:56,0
DA:58,0
DA:63,0
DA:66,0
DA:68,0
DA:70,0
DA:72,0
DA:81,0
DA:88,0
DA:89,0
DA:91,0
DA:93,0
DA:95,0
DA:100,0
DA:103,0
DA:104,0
DA:106,0
DA:114,0
DA:116,0
DA:128,0
DA:138,0
DA:141,0
DA:150,0
DA:152,0
DA:165,0
DA:176,0
DA:177,0
LF:36
LH:0
end_of_record
SF:/Users/tim/.pub-cache/hosted/pub.dev/win32-5.0.9/lib/src/com/imetadataimport.dart
DA:36,0
DA:38,0
DA:39,0
DA:41,0
DA:43,0
DA:44,0
DA:46,0
DA:48,0
DA:50,0
DA:55,0
DA:57,0
DA:58,0
DA:60,0
DA:62,0
DA:66,0
DA:67,0
DA:68,0
DA:70,0
DA:72,0
DA:74,0
DA:83,0
DA:90,0
DA:91,0
DA:93,0
DA:95,0
DA:97,0
DA:107,0
DA:115,0
DA:116,0
DA:118,0
DA:120,0
DA:122,0
DA:131,0
DA:138,0
DA:139,0
DA:141,0
DA:143,0
DA:145,0
DA:150,0
DA:153,0
DA:154,0
DA:156,0
DA:158,0
DA:160,0
DA:169,0
DA:172,0
DA:173,0
DA:175,0
DA:177,0
DA:180,0
DA:182,0
DA:184,0
DA:191,0
DA:193,0
DA:204,0
DA:213,0
DA:216,0
DA:218,0
DA:220,0
DA:225,0
DA:232,0
DA:234,0
DA:236,0
DA:238,0
DA:248,0
DA:256,0
DA:257,0
DA:259,0
DA:261,0
DA:263,0
DA:272,0
DA:279,0
DA:280,0
DA:282,0
DA:284,0
DA:286,0
DA:296,0
DA:304,0
DA:305,0
DA:307,0
DA:314,0
DA:316,0
DA:327,0
DA:336,0
DA:337,0
DA:339,0
DA:341,0
DA:343,0
DA:353,0
DA:361,0
DA:362,0
DA:364,0
DA:371,0
DA:373,0
DA:384,0
DA:393,0
DA:394,0
DA:396,0
DA:398,0
DA:400,0
DA:410,0
DA:418,0
DA:419,0
DA:421,0
DA:423,0
DA:425,0
DA:436,0
DA:445,0
DA:446,0
DA:448,0
DA:450,0
DA:452,0
DA:462,0
DA:470,0
DA:471,0
DA:473,0
DA:475,0
DA:477,0
DA:487,0
DA:495,0
DA:496,0
DA:498,0
DA:505,0
DA:507,0
DA:518,0
DA:527,0
DA:528,0
DA:530,0
DA:532,0
DA:534,0
DA:545,0
DA:554,0
DA:555,0
DA:557,0
DA:559,0
DA:561,0
DA:571,0
DA:579,0
DA:580,0
DA:582,0
DA:584,0
DA:586,0
DA:596,0
DA:604,0
DA:605,0
DA:607,0
DA:609,0
DA:611,0
DA:621,0
DA:629,0
DA:630,0
DA:632,0
DA:634,0
DA:636,0
DA:646,0
DA:654,0
DA:655,0
DA:657,0
DA:668,0
DA:670,0
DA:685,0
DA:698,0
DA:699,0
DA:711,0
DA:719,0
DA:721,0
DA:733,0
DA:743,0
DA:746,0
DA:752,0
DA:754,0
DA:764,0
DA:772,0
DA:773,0
DA:775,0
DA:777,0
DA:779,0
DA:789,0
DA:797,0
DA:798,0
DA:800,0
DA:814,0
DA:816,0
DA:834,0
DA:850,0
DA:851,0
DA:866,0
DA:868,0
DA:870,0
DA:880,0
DA:888,0
DA:889,0
DA:891,0
DA:893,0
DA:895,0
DA:900,0
DA:903,0
DA:904,0
DA:906,0
DA:913,0
DA:915,0
DA:926,0
DA:935,0
DA:938,0
DA:940,0
DA:942,0
DA:950,0
DA:956,0
DA:957,0
DA:959,0
DA:961,0
DA:963,0
DA:971,0
DA:974,0
DA:975,0
DA:977,0
DA:979,0
DA:981,0
DA:990,0
DA:997,0
DA:998,0
DA:1000,0
DA:1002,0
DA:1004,0
DA:1012,0
DA:1018,0
DA:1019,0
DA:1021,0
DA:1024,0
DA:1026,0
DA:1035,0
DA:1038,0
DA:1039,0
DA:1041,0
DA:1043,0
DA:1045,0
DA:1054,0
DA:1061,0
DA:1062,0
DA:1064,0
DA:1066,0
DA:1068,0
DA:1076,0
DA:1082,0
DA:1083,0
DA:1085,0
DA:1086,0
DA:1088,0
DA:1093,0
DA:1096,0
DA:1097,0
DA:1099,0
DA:1101,0
DA:1103,0
DA:1112,0
DA:1119,0
DA:1120,0
DA:1122,0
DA:1124,0
DA:1126,0
DA:1135,0
DA:1138,0
DA:1139,0
DA:1141,0
DA:1148,0
DA:1150,0
DA:1161,0
DA:1170,0
DA:1171,0
DA:1179,0
DA:1181,0
DA:1183,0
DA:1192,0
DA:1199,0
DA:1200,0
DA:1202,0
DA:1204,0
DA:1206,0
DA:1215,0
DA:1222,0
DA:1223,0
DA:1225,0
DA:1227,0
DA:1229,0
DA:1238,0
DA:1245,0
DA:1246,0
DA:1248,0
DA:1249,0
DA:1251,0
DA:1256,0
DA:1259,0
DA:1261,0
DA:1268,0
DA:1270,0
DA:1281,0
DA:1290,0
DA:1293,0
DA:1299,0
DA:1301,0
DA:1311,0
DA:1319,0
DA:1320,0
DA:1322,0
DA:1324,0
DA:1326,0
DA:1331,0
DA:1334,0
DA:1335,0
DA:1337,0
DA:1351,0
DA:1353,0
DA:1371,0
DA:1387,0
DA:1388,0
DA:1403,0
DA:1415,0
DA:1417,0
DA:1433,0
DA:1447,0
DA:1448,0
DA:1461,0
DA:1478,0
DA:1480,0
DA:1501,0
DA:1520,0
DA:1521,0
DA:1523,0
DA:1534,0
DA:1536,0
DA:1551,0
DA:1564,0
DA:1565,0
DA:1577,0
DA:1579,0
DA:1581,0
DA:1590,0
DA:1593,0
DA:1594,0
DA:1596,0
DA:1598,0
DA:1599,0
DA:1600,0
DA:1602,0
DA:1604,0
DA:1606,0
DA:1611,0
DA:1614,0
DA:1615,0
DA:1617,0
DA:1619,0
DA:1621,0
DA:1626,0
DA:1629,0
DA:1630,0
DA:1632,0
DA:1634,0
DA:1639,0
DA:1640,0
DA:1641,0
LF:360
LH:0
end_of_record
SF:/Users/tim/.pub-cache/hosted/pub.dev/win32-5.0.9/lib/src/com/imetadataimport2.dart
DA:36,0
DA:38,0
DA:39,0
DA:41,0
DA:47,0
DA:49,0
DA:59,0
DA:67,0
DA:68,0
DA:70,0
DA:79,0
DA:81,0
DA:94,0
DA:105,0
DA:106,0
DA:116,0
DA:118,0
DA:120,0
DA:129,0
DA:136,0
DA:137,0
DA:139,0
DA:145,0
DA:147,0
DA:157,0
DA:165,0
DA:166,0
DA:173,0
DA:175,0
DA:177,0
DA:185,0
DA:188,0
DA:189,0
DA:191,0
DA:192,0
DA:194,0
DA:199,0
DA:202,0
DA:203,0
DA:205,0
DA:207,0
DA:209,0
DA:214,0
DA:217,0
DA:218,0
DA:220,0
DA:226,0
DA:228,0
DA:238,0
DA:246,0
DA:247,0
LF:51
LH:0
end_of_record
SF:/Users/tim/.pub-cache/hosted/pub.dev/win32-5.0.9/lib/src/com/imetadatatables.dart
DA:35,0
DA:37,0
DA:38,0
DA:40,0
DA:42,0
DA:46,0
DA:47,0
DA:48,0
DA:50,0
DA:52,0
DA:56,0
DA:57,0
DA:58,0
DA:60,0
DA:62,0
DA:66,0
DA:67,0
DA:68,0
DA:70,0
DA:72,0
DA:76,0
DA:77,0
DA:78,0
DA:80,0
DA:82,0
DA:86,0
DA:87,0
DA:88,0
DA:90,0
DA:92,0
DA:97,0
DA:99,0
DA:100,0
DA:102,0
DA:109,0
DA:111,0
DA:122,0
DA:131,0
DA:132,0
DA:134,0
DA:141,0
DA:143,0
DA:154,0
DA:163,0
DA:164,0
DA:166,0
DA:168,0
DA:170,0
DA:179,0
DA:186,0
DA:187,0
DA:189,0
DA:191,0
DA:196,0
DA:199,0
DA:201,0
DA:202,0
DA:204,0
DA:209,0
DA:212,0
DA:214,0
DA:216,0
DA:221,0
DA:224,0
DA:225,0
DA:227,0
DA:228,0
DA:230,0
DA:235,0
DA:242,0
DA:244,0
DA:246,0
DA:251,0
DA:254,0
DA:256,0
DA:258,0
DA:260,0
DA:265,0
DA:272,0
DA:274,0
DA:276,0
DA:281,0
DA:283,0
DA:284,0
DA:286,0
DA:288,0
DA:293,0
DA:295,0
DA:296,0
DA:298,0
DA:300,0
DA:305,0
DA:307,0
DA:308,0
DA:310,0
DA:311,0
DA:313,0
DA:318,0
DA:321,0
LF:99
LH:0
end_of_record
SF:/Users/tim/.pub-cache/hosted/pub.dev/win32-5.0.9/lib/src/com/imetadatatables2.dart
DA:36,0
DA:38,0
DA:39,0
DA:41,0
DA:42,0
DA:44,0
DA:49,0
DA:52,0
DA:54,0
DA:56,0
DA:58,0
DA:67,0
DA:70,0
DA:71,0
LF:14
LH:0
end_of_record
SF:/Users/tim/.pub-cache/hosted/pub.dev/win32-5.0.9/lib/src/com/immdevice.dart
DA:35,0
DA:37,0
DA:38,0
DA:40,0
DA:45,0
DA:47,0
DA:56,0
DA:63,0
DA:64,0
DA:66,0
DA:68,0
DA:69,0
DA:71,0
DA:76,0
DA:79,0
DA:80,0
DA:82,0
DA:84,0
DA:88,0
DA:91,0
DA:93,0
DA:95,0
DA:99,0
DA:100,0
DA:101,0
LF:25
LH:0
end_of_record
SF:/Users/tim/.pub-cache/hosted/pub.dev/win32-5.0.9/lib/src/com/immdeviceenumerator.dart
DA:32,0
DA:34,0
DA:35,0
DA:37,0
DA:39,0
DA:41,0
DA:49,0
DA:52,0
DA:53,0
DA:55,0
DA:57,0
DA:59,0
DA:64,0
DA:67,0
DA:68,0
DA:70,0
DA:71,0
DA:73,0
DA:78,0
DA:81,0
DA:82,0
DA:84,0
DA:85,0
DA:87,0
DA:91,0
DA:92,0
DA:93,0
DA:95,0
DA:96,0
DA:98,0
DA:102,0
DA:103,0
DA:104,0
DA:112,0
DA:114,0
DA:115,0
LF:36
LH:0
end_of_record
SF:/Users/tim/.pub-cache/hosted/pub.dev/win32-5.0.9/lib/src/com/imoniker.dart
DA:43,0
DA:45,0
DA:46,0
DA:48,0
DA:50,0
DA:52,0
DA:61,0
DA:68,0
DA:69,0
DA:71,0
DA:73,0
DA:75,0
DA:84,0
DA:91,0
DA:92,0
DA:94,0
DA:99,0
DA:101,0
DA:110,0
DA:117,0
DA:118,0
DA:120,0
DA:122,0
DA:124,0
DA:132,0
DA:138,0
DA:139,0
DA:141,0
DA:142,0
DA:144,0
DA:149,0
DA:152,0
DA:153,0
DA:155,0
DA:157,0
DA:162,0
DA:164,0
DA:165,0
DA:167,0
DA:169,0
DA:173,0
DA:174,0
DA:175,0
DA:177,0
DA:179,0
DA:181,0
DA:189,0
DA:195,0
DA:196,0
DA:198,0
DA:200,0
DA:202,0
DA:210,0
DA:216,0
DA:217,0
DA:219,0
DA:221,0
DA:225,0
DA:228,0
DA:230,0
DA:232,0
DA:234,0
DA:239,0
DA:242,0
DA:243,0
DA:245,0
DA:247,0
DA:249,0
DA:254,0
DA:257,0
DA:258,0
DA:260,0
DA:262,0
DA:264,0
DA:272,0
DA:278,0
DA:279,0
DA:281,0
DA:287,0
DA:289,0
DA:299,0
DA:307,0
DA:308,0
DA:310,0
DA:312,0
DA:316,0
DA:317,0
DA:318,0
LF:88
LH:0
end_of_record
SF:/Users/tim/.pub-cache/hosted/pub.dev/win32-5.0.9/lib/src/com/ipersiststream.dart
DA:36,0
DA:38,0
DA:39,0
DA:41,0
DA:43,0
DA:44,0
DA:45,0
DA:47,0
DA:49,0
DA:53,0
DA:54,0
DA:55,0
DA:57,0
DA:59,0
DA:64,0
DA:67,0
DA:69,0
DA:71,0
DA:75,0
DA:76,0
DA:77,0
LF:21
LH:0
end_of_record
SF:/Users/tim/.pub-cache/hosted/pub.dev/win32-5.0.9/lib/src/com/inetwork.dart
DA:37,0
DA:39,0
DA:40,0
DA:42,0
DA:44,0
DA:49,0
DA:51,0
DA:52,0
DA:54,0
DA:55,0
DA:57,0
DA:62,0
DA:64,0
DA:65,0
DA:67,0
DA:69,0
DA:74,0
DA:76,0
DA:77,0
DA:79,0
DA:81,0
DA:85,0
DA:86,0
DA:87,0
DA:89,0
DA:90,0
DA:92,0
DA:97,0
DA:99,0
DA:100,0
DA:102,0
DA:104,0
DA:108,0
DA:109,0
DA:110,0
DA:112,0
DA:114,0
DA:115,0
DA:117,0
DA:124,0
DA:127,0
DA:128,0
DA:130,0
DA:135,0
DA:137,0
DA:146,0
DA:153,0
DA:154,0
DA:160,0
DA:164,0
DA:166,0
DA:170,0
DA:173,0
DA:175,0
DA:177,0
DA:180,0
DA:184,0
DA:188,0
DA:190,0
DA:194,0
DA:197,0
DA:199,0
DA:201,0
DA:204,0
DA:208,0
DA:210,0
DA:214,0
DA:215,0
DA:216,0
DA:218,0
DA:220,0
DA:224,0
DA:225,0
DA:226,0
DA:228,0
DA:230,0
DA:232,0
DA:235,0
LF:78
LH:0
end_of_record
SF:/Users/tim/.pub-cache/hosted/pub.dev/win32-5.0.9/lib/src/com/inetworkconnection.dart
DA:35,0
DA:37,0
DA:38,0
DA:40,0
DA:42,0
DA:47,0
DA:49,0
DA:50,0
DA:52,0
DA:56,0
DA:58,0
DA:62,0
DA:65,0
DA:67,0
DA:69,0
DA:72,0
DA:76,0
DA:80,0
DA:82,0
DA:86,0
DA:89,0
DA:91,0
DA:93,0
DA:96,0
DA:100,0
DA:102,0
DA:106,0
DA:107,0
DA:108,0
DA:110,0
DA:111,0
DA:113,0
DA:118,0
DA:120,0
DA:121,0
DA:123,0
DA:125,0
DA:129,0
DA:130,0
DA:131,0
DA:133,0
DA:135,0
DA:139,0
DA:140,0
DA:141,0
LF:45
LH:0
end_of_record
SF:/Users/tim/.pub-cache/hosted/pub.dev/win32-5.0.9/lib/src/com/inetworklistmanager.dart
DA:33,0
DA:35,0
DA:36,0
DA:38,0
DA:39,0
DA:41,0
DA:46,0
DA:49,0
DA:50,0
DA:52,0
DA:53,0
DA:55,0
DA:60,0
DA:63,0
DA:64,0
DA:66,0
DA:67,0
DA:69,0
DA:74,0
DA:76,0
DA:77,0
DA:79,0
DA:82,0
DA:84,0
DA:92,0
DA:95,0
DA:96,0
DA:98,0
DA:102,0
DA:104,0
DA:108,0
DA:111,0
DA:113,0
DA:115,0
DA:118,0
DA:122,0
DA:126,0
DA:128,0
DA:132,0
DA:135,0
DA:137,0
DA:139,0
DA:142,0
DA:146,0
DA:148,0
DA:152,0
DA:153,0
DA:154,0
DA:156,0
DA:158,0
DA:159,0
DA:161,0
DA:168,0
DA:171,0
DA:172,0
DA:174,0
DA:176,0
DA:177,0
DA:178,0
DA:186,0
DA:188,0
DA:189,0
LF:62
LH:0
end_of_record
SF:/Users/tim/.pub-cache/hosted/pub.dev/win32-5.0.9/lib/src/com/inetworklistmanagerevents.dart
DA:37,0
DA:39,0
DA:40,0
DA:41,0
DA:43,0
DA:45,0
DA:48,0
DA:51,0
LF:8
LH:0
end_of_record
SF:/Users/tim/.pub-cache/hosted/pub.dev/win32-5.0.9/lib/src/com/ipersist.dart
DA:37,0
DA:39,0
DA:40,0
DA:42,0
DA:44,0
DA:48,0
DA:49,0
DA:50,0
LF:8
LH:0
end_of_record
SF:/Users/tim/.pub-cache/hosted/pub.dev/win32-5.0.9/lib/src/com/ipersistfile.dart
DA:38,0
DA:40,0
DA:41,0
DA:43,0
DA:45,0
DA:46,0
DA:47,0
DA:49,0
DA:51,0
DA:56,0
DA:59,0
DA:61,0
DA:63,0
DA:68,0
DA:71,0
DA:73,0
DA:75,0
DA:79,0
DA:80,0
DA:81,0
DA:83,0
DA:85,0
DA:90,0
DA:92,0
DA:93,0
LF:25
LH:0
end_of_record
SF:/Users/tim/.pub-cache/hosted/pub.dev/win32-5.0.9/lib/src/com/ipersistmemory.dart
DA:35,0
DA:37,0
DA:38,0
DA:40,0
DA:42,0
DA:43,0
DA:44,0
DA:46,0
DA:48,0
DA:52,0
DA:53,0
DA:54,0
DA:56,0
DA:58,0
DA:63,0
DA:66,0
DA:68,0
DA:70,0
DA:74,0
DA:75,0
DA:76,0
DA:78,0
DA:80,0
DA:81,0
DA:82,0
LF:25
LH:0
end_of_record
SF:/Users/tim/.pub-cache/hosted/pub.dev/win32-5.0.9/lib/src/com/iprovideclassinfo.dart
DA:35,0
DA:37,0
DA:38,0
DA:40,0
DA:42,0
DA:46,0
DA:49,0
LF:7
LH:0
end_of_record
SF:/Users/tim/.pub-cache/hosted/pub.dev/win32-5.0.9/lib/src/com/irestrictederrorinfo.dart
DA:35,0
DA:37,0
DA:38,0
DA:40,0
DA:45,0
DA:47,0
DA:56,0
DA:63,0
DA:66,0
DA:68,0
DA:73,0
DA:75,0
DA:76,0
LF:13
LH:0
end_of_record
SF:/Users/tim/.pub-cache/hosted/pub.dev/win32-5.0.9/lib/src/com/irunningobjecttable.dart
DA:40,0
DA:42,0
DA:43,0
DA:45,0
DA:47,0
DA:49,0
DA:58,0
DA:65,0
DA:66,0
DA:68,0
DA:70,0
DA:72,0
DA:74,0
DA:76,0
DA:77,0
DA:79,0
DA:84,0
DA:86,0
DA:87,0
DA:89,0
DA:92,0
DA:94,0
DA:101,0
DA:104,0
DA:105,0
DA:107,0
DA:108,0
DA:110,0
DA:115,0
DA:118,0
DA:119,0
DA:121,0
DA:123,0
DA:125,0
DA:130,0
DA:136,0
DA:138,0
DA:140,0
DA:145,0
DA:148,0
DA:149,0
LF:41
LH:0
end_of_record
SF:/Users/tim/.pub-cache/hosted/pub.dev/win32-5.0.9/lib/src/com/isensor.dart
DA:32,0
DA:34,0
DA:35,0
DA:37,0
DA:39,0
DA:41,0
DA:43,0
DA:45,0
DA:46,0
DA:48,0
DA:53,0
DA:55,0
DA:56,0
DA:58,0
DA:60,0
DA:64,0
DA:65,0
DA:66,0
DA:68,0
DA:70,0
DA:75,0
DA:77,0
DA:78,0
DA:80,0
DA:81,0
DA:83,0
DA:88,0
DA:91,0
DA:92,0
DA:94,0
DA:96,0
DA:98,0
DA:103,0
DA:106,0
DA:107,0
DA:109,0
DA:110,0
DA:112,0
DA:117,0
DA:120,0
DA:121,0
DA:123,0
DA:125,0
DA:127,0
DA:132,0
DA:138,0
DA:140,0
DA:142,0
DA:144,0
DA:149,0
DA:152,0
DA:153,0
DA:155,0
DA:157,0
DA:160,0
DA:163,0
DA:165,0
DA:167,0
DA:172,0
DA:175,0
DA:176,0
DA:178,0
DA:179,0
DA:181,0
DA:186,0
DA:189,0
DA:190,0
DA:192,0
DA:194,0
DA:196,0
DA:201,0
DA:204,0
DA:206,0
DA:208,0
DA:213,0
DA:215,0
DA:216,0
DA:218,0
DA:220,0
DA:224,0
DA:225,0
DA:226,0
DA:234,0
DA:236,0
DA:237,0
LF:85
LH:0
end_of_record
SF:/Users/tim/.pub-cache/hosted/pub.dev/win32-5.0.9/lib/src/com/isensorcollection.dart
DA:32,0
DA:34,0
DA:35,0
DA:37,0
DA:39,0
DA:44,0
DA:47,0
DA:48,0
DA:50,0
DA:52,0
DA:56,0
DA:57,0
DA:58,0
DA:60,0
DA:62,0
DA:66,0
DA:67,0
DA:68,0
DA:70,0
DA:72,0
DA:76,0
DA:77,0
DA:78,0
DA:80,0
DA:82,0
DA:86,0
DA:87,0
DA:88,0
DA:90,0
DA:92,0
DA:93,0
DA:94,0
DA:102,0
DA:104,0
DA:105,0
LF:35
LH:0
end_of_record
SF:/Users/tim/.pub-cache/hosted/pub.dev/win32-5.0.9/lib/src/com/isensordatareport.dart
DA:32,0
DA:34,0
DA:35,0
DA:37,0
DA:39,0
DA:43,0
DA:46,0
DA:48,0
DA:49,0
DA:51,0
DA:56,0
DA:59,0
DA:61,0
DA:63,0
DA:65,0
DA:70,0
DA:73,0
DA:74,0
DA:82,0
DA:84,0
DA:85,0
LF:21
LH:0
end_of_record
SF:/Users/tim/.pub-cache/hosted/pub.dev/win32-5.0.9/lib/src/com/isensormanager.dart
DA:32,0
DA:34,0
DA:35,0
DA:37,0
DA:39,0
DA:41,0
DA:46,0
DA:49,0
DA:50,0
DA:52,0
DA:54,0
DA:56,0
DA:61,0
DA:64,0
DA:65,0
DA:67,0
DA:69,0
DA:70,0
DA:72,0
DA:77,0
DA:80,0
DA:81,0
DA:83,0
DA:85,0
DA:89,0
DA:90,0
DA:91,0
DA:93,0
DA:95,0
DA:97,0
DA:102,0
DA:105,0
DA:113,0
DA:115,0
DA:116,0
LF:35
LH:0
end_of_record
SF:/Users/tim/.pub-cache/hosted/pub.dev/win32-5.0.9/lib/src/com/isequentialstream.dart
DA:36,0
DA:38,0
DA:39,0
DA:41,0
DA:43,0
DA:48,0
DA:51,0
DA:53,0
DA:55,0
DA:60,0
DA:63,0
DA:64,0
LF:12
LH:0
end_of_record
SF:/Users/tim/.pub-cache/hosted/pub.dev/win32-5.0.9/lib/src/com/ishellfolder.dart
DA:35,0
DA:37,0
DA:38,0
DA:40,0
DA:47,0
DA:49,0
DA:60,0
DA:69,0
DA:72,0
DA:74,0
DA:76,0
DA:81,0
DA:84,0
DA:85,0
DA:87,0
DA:89,0
DA:91,0
DA:100,0
DA:107,0
DA:108,0
DA:110,0
DA:112,0
DA:114,0
DA:123,0
DA:130,0
DA:131,0
DA:133,0
DA:135,0
DA:137,0
DA:145,0
DA:148,0
DA:149,0
DA:151,0
DA:153,0
DA:155,0
DA:160,0
DA:163,0
DA:164,0
DA:166,0
DA:168,0
DA:170,0
DA:178,0
DA:184,0
DA:185,0
DA:187,0
DA:194,0
DA:196,0
DA:207,0
DA:216,0
DA:217,0
DA:219,0
DA:221,0
DA:223,0
DA:228,0
DA:231,0
DA:232,0
DA:234,0
DA:236,0
DA:238,0
DA:248,0
DA:256,0
DA:257,0
LF:62
LH:0
end_of_record
SF:/Users/tim/.pub-cache/hosted/pub.dev/win32-5.0.9/lib/src/com/ishellitem.dart
DA:32,0
DA:34,0
DA:35,0
DA:37,0
DA:39,0
DA:41,0
DA:50,0
DA:57,0
DA:58,0
DA:60,0
DA:62,0
DA:66,0
DA:69,0
DA:71,0
DA:72,0
DA:74,0
DA:79,0
DA:82,0
DA:83,0
DA:85,0
DA:86,0
DA:88,0
DA:93,0
DA:96,0
DA:97,0
DA:99,0
DA:100,0
DA:102,0
DA:107,0
DA:110,0
DA:118,0
DA:120,0
DA:121,0
LF:33
LH:0
end_of_record
SF:/Users/tim/.pub-cache/hosted/pub.dev/win32-5.0.9/lib/src/com/ishellitem2.dart
DA:37,0
DA:39,0
DA:40,0
DA:42,0
DA:43,0
DA:45,0
DA:50,0
DA:53,0
DA:55,0
DA:60,0
DA:62,0
DA:71,0
DA:78,0
DA:79,0
DA:81,0
DA:83,0
DA:85,0
DA:95,0
DA:98,0
DA:99,0
DA:101,0
DA:103,0
DA:105,0
DA:110,0
DA:116,0
DA:118,0
DA:120,0
DA:124,0
DA:125,0
DA:126,0
DA:128,0
DA:129,0
DA:131,0
DA:136,0
DA:139,0
DA:140,0
DA:142,0
DA:144,0
DA:149,0
DA:152,0
DA:154,0
DA:155,0
DA:157,0
DA:162,0
DA:165,0
DA:167,0
DA:169,0
DA:174,0
DA:177,0
DA:179,0
DA:180,0
DA:182,0
DA:187,0
DA:190,0
DA:192,0
DA:194,0
DA:199,0
DA:202,0
DA:204,0
DA:205,0
DA:207,0
DA:212,0
DA:215,0
DA:217,0
DA:219,0
DA:224,0
DA:227,0
LF:67
LH:0
end_of_record
SF:/Users/tim/.pub-cache/hosted/pub.dev/win32-5.0.9/lib/src/com/ishellitemarray.dart
DA:34,0
DA:36,0
DA:37,0
DA:39,0
DA:41,0
DA:43,0
DA:52,0
DA:59,0
DA:60,0
DA:62,0
DA:63,0
DA:65,0
DA:70,0
DA:73,0
DA:75,0
DA:77,0
DA:79,0
DA:84,0
DA:90,0
DA:92,0
DA:95,0
DA:97,0
DA:105,0
DA:108,0
DA:109,0
DA:111,0
DA:113,0
DA:117,0
DA:118,0
DA:119,0
DA:121,0
DA:123,0
DA:128,0
DA:131,0
DA:132,0
DA:134,0
DA:136,0
DA:141,0
DA:144,0
DA:145,0
LF:40
LH:0
end_of_record
SF:/Users/tim/.pub-cache/hosted/pub.dev/win32-5.0.9/lib/src/com/ishellitemfilter.dart
DA:35,0
DA:37,0
DA:38,0
DA:40,0
DA:42,0
DA:46,0
DA:47,0
DA:48,0
DA:50,0
DA:51,0
DA:53,0
DA:58,0
DA:61,0
LF:13
LH:0
end_of_record
SF:/Users/tim/.pub-cache/hosted/pub.dev/win32-5.0.9/lib/src/com/ishellitemimagefactory.dart
DA:36,0
DA:38,0
DA:39,0
DA:41,0
DA:43,0
DA:48,0
DA:51,0
LF:7
LH:0
end_of_record
SF:/Users/tim/.pub-cache/hosted/pub.dev/win32-5.0.9/lib/src/com/ishellitemresources.dart
DA:34,0
DA:36,0
DA:37,0
DA:39,0
DA:41,0
DA:45,0
DA:48,0
DA:50,0
DA:52,0
DA:56,0
DA:57,0
DA:58,0
DA:60,0
DA:62,0
DA:64,0
DA:72,0
DA:78,0
DA:79,0
DA:81,0
DA:83,0
DA:85,0
DA:93,0
DA:99,0
DA:100,0
DA:102,0
DA:104,0
DA:106,0
DA:113,0
DA:116,0
DA:117,0
DA:119,0
DA:121,0
DA:126,0
DA:128,0
DA:129,0
DA:131,0
DA:133,0
DA:138,0
DA:140,0
DA:141,0
DA:143,0
DA:145,0
DA:147,0
DA:155,0
DA:161,0
DA:163,0
DA:165,0
DA:167,0
DA:175,0
DA:181,0
DA:183,0
DA:185,0
DA:186,0
DA:187,0
LF:54
LH:0
end_of_record
SF:/Users/tim/.pub-cache/hosted/pub.dev/win32-5.0.9/lib/src/com/ishelllink.dart
DA:32,0
DA:34,0
DA:35,0
DA:37,0
DA:39,0
DA:41,0
DA:46,0
DA:53,0
DA:55,0
DA:57,0
DA:62,0
DA:64,0
DA:65,0
DA:67,0
DA:69,0
DA:73,0
DA:74,0
DA:75,0
DA:77,0
DA:79,0
DA:84,0
DA:85,0
DA:86,0
DA:88,0
DA:90,0
DA:94,0
DA:95,0
DA:96,0
DA:98,0
DA:100,0
DA:104,0
DA:107,0
DA:109,0
DA:111,0
DA:114,0
DA:117,0
DA:119,0
DA:121,0
DA:126,0
DA:127,0
DA:128,0
DA:130,0
DA:132,0
DA:136,0
DA:137,0
DA:138,0
DA:140,0
DA:142,0
DA:146,0
DA:147,0
DA:148,0
DA:150,0
DA:152,0
DA:153,0
DA:155,0
DA:157,0
DA:159,0
DA:163,0
DA:164,0
DA:165,0
DA:167,0
DA:169,0
DA:170,0
DA:172,0
DA:174,0
DA:176,0
DA:177,0
DA:179,0
DA:184,0
DA:187,0
DA:188,0
DA:190,0
DA:192,0
DA:197,0
DA:199,0
DA:200,0
DA:202,0
DA:203,0
DA:205,0
DA:210,0
DA:213,0
DA:215,0
DA:217,0
DA:221,0
DA:222,0
DA:223,0
DA:225,0
DA:227,0
DA:231,0
DA:232,0
DA:233,0
DA:241,0
DA:243,0
DA:244,0
LF:94
LH:0
end_of_record
SF:/Users/tim/.pub-cache/hosted/pub.dev/win32-5.0.9/lib/src/com/ishelllinkdatalist.dart
DA:35,0
DA:37,0
DA:38,0
DA:40,0
DA:42,0
DA:45,0
DA:48,0
DA:50,0
DA:52,0
DA:57,0
DA:59,0
DA:60,0
DA:62,0
DA:64,0
DA:65,0
DA:66,0
DA:68,0
DA:70,0
DA:74,0
DA:75,0
DA:76,0
DA:78,0
DA:80,0
DA:81,0
DA:83,0
LF:25
LH:0
end_of_record
SF:/Users/tim/.pub-cache/hosted/pub.dev/win32-5.0.9/lib/src/com/ishelllinkdual.dart
DA:33,0
DA:35,0
DA:36,0
DA:38,0
DA:42,0
DA:44,0
DA:48,0
DA:51,0
DA:53,0
DA:55,0
DA:58,0
DA:62,0
DA:63,0
DA:65,0
DA:68,0
DA:70,0
DA:72,0
DA:75,0
DA:79,0
DA:81,0
DA:85,0
DA:88,0
DA:90,0
DA:92,0
DA:95,0
DA:99,0
DA:100,0
DA:102,0
DA:105,0
DA:107,0
DA:109,0
DA:112,0
DA:116,0
DA:118,0
DA:122,0
DA:125,0
DA:127,0
DA:129,0
DA:132,0
DA:136,0
DA:137,0
DA:139,0
DA:142,0
DA:144,0
DA:146,0
DA:149,0
DA:153,0
DA:155,0
DA:159,0
DA:162,0
DA:164,0
DA:166,0
DA:169,0
DA:173,0
DA:174,0
DA:176,0
DA:179,0
DA:181,0
DA:183,0
DA:186,0
DA:190,0
DA:192,0
DA:196,0
DA:197,0
DA:198,0
DA:200,0
DA:202,0
DA:205,0
DA:209,0
DA:210,0
DA:212,0
DA:213,0
DA:214,0
DA:216,0
DA:219,0
DA:223,0
DA:225,0
DA:229,0
DA:232,0
DA:234,0
DA:236,0
DA:239,0
DA:243,0
DA:244,0
DA:246,0
DA:249,0
DA:251,0
DA:253,0
DA:256,0
DA:258,0
DA:259,0
DA:260,0
DA:262,0
DA:263,0
DA:265,0
DA:270,0
DA:273,0
DA:275,0
DA:277,0
DA:281,0
DA:284,0
DA:286,0
DA:288,0
DA:289,0
DA:291,0
LF:105
LH:0
end_of_record
SF:/Users/tim/.pub-cache/hosted/pub.dev/win32-5.0.9/lib/src/com/ishellservice.dart
DA:36,0
DA:38,0
DA:39,0
DA:41,0
DA:43,0
DA:47,0
DA:48,0
DA:49,0
LF:8
LH:0
end_of_record
SF:/Users/tim/.pub-cache/hosted/pub.dev/win32-5.0.9/lib/src/com/isimpleaudiovolume.dart
DA:39,0
DA:41,0
DA:42,0
DA:44,0
DA:45,0
DA:47,0
DA:52,0
DA:55,0
DA:56,0
DA:58,0
DA:60,0
DA:64,0
DA:65,0
DA:66,0
DA:68,0
DA:70,0
DA:75,0
DA:77,0
DA:78,0
DA:80,0
DA:82,0
DA:85,0
DA:88,0
LF:23
LH:0
end_of_record
SF:/Users/tim/.pub-cache/hosted/pub.dev/win32-5.0.9/lib/src/com/ispeechobjecttoken.dart
DA:33,0
DA:35,0
DA:36,0
DA:38,0
DA:42,0
DA:44,0
DA:49,0
DA:51,0
DA:52,0
DA:54,0
DA:56,0
DA:59,0
DA:63,0
DA:66,0
DA:68,0
DA:72,0
DA:73,0
DA:74,0
DA:76,0
DA:77,0
DA:78,0
DA:84,0
DA:87,0
DA:89,0
DA:93,0
DA:96,0
DA:98,0
DA:99,0
DA:100,0
DA:106,0
DA:107,0
DA:109,0
DA:114,0
DA:117,0
DA:118,0
DA:120,0
DA:122,0
DA:124,0
DA:132,0
DA:135,0
DA:136,0
DA:138,0
DA:140,0
DA:142,0
DA:147,0
DA:150,0
DA:151,0
DA:153,0
DA:155,0
DA:157,0
DA:165,0
DA:168,0
DA:169,0
DA:171,0
DA:173,0
DA:178,0
DA:180,0
DA:181,0
DA:183,0
DA:189,0
DA:191,0
DA:201,0
DA:209,0
DA:212,0
DA:215,0
DA:217,0
DA:225,0
DA:228,0
DA:229,0
DA:231,0
DA:233,0
DA:235,0
DA:244,0
DA:251,0
DA:252,0
DA:254,0
DA:256,0
DA:258,0
DA:268,0
DA:276,0
DA:277,0
DA:279,0
DA:280,0
DA:282,0
DA:287,0
DA:290,0
DA:291,0
LF:87
LH:0
end_of_record
SF:/Users/tim/.pub-cache/hosted/pub.dev/win32-5.0.9/lib/src/com/ispeechobjecttokens.dart
DA:36,0
DA:38,0
DA:39,0
DA:41,0
DA:45,0
DA:47,0
DA:51,0
DA:52,0
DA:53,0
DA:55,0
DA:57,0
DA:60,0
DA:64,0
DA:66,0
DA:71,0
DA:74,0
DA:75,0
DA:77,0
DA:80,0
DA:82,0
DA:87,0
DA:89,0
DA:90,0
DA:92,0
DA:93,0
DA:94,0
LF:26
LH:0
end_of_record
SF:/Users/tim/.pub-cache/hosted/pub.dev/win32-5.0.9/lib/src/com/ispellchecker.dart
DA:36,0
DA:38,0
DA:39,0
DA:41,0
DA:45,0
DA:47,0
DA:52,0
DA:54,0
DA:55,0
DA:57,0
DA:59,0
DA:62,0
DA:66,0
DA:67,0
DA:69,0
DA:74,0
DA:77,0
DA:78,0
DA:80,0
DA:81,0
DA:83,0
DA:88,0
DA:91,0
DA:92,0
DA:94,0
DA:96,0
DA:99,0
DA:101,0
DA:103,0
DA:105,0
DA:108,0
DA:110,0
DA:112,0
DA:114,0
DA:119,0
DA:121,0
DA:122,0
DA:124,0
DA:125,0
DA:127,0
DA:132,0
DA:135,0
DA:137,0
DA:140,0
DA:142,0
DA:146,0
DA:147,0
DA:148,0
DA:150,0
DA:151,0
DA:152,0
DA:158,0
DA:162,0
DA:164,0
DA:169,0
DA:171,0
DA:172,0
DA:174,0
DA:176,0
DA:179,0
DA:183,0
DA:187,0
DA:189,0
DA:194,0
DA:196,0
DA:197,0
DA:199,0
DA:201,0
DA:204,0
DA:208,0
DA:210,0
DA:212,0
DA:217,0
DA:220,0
DA:221,0
DA:223,0
DA:225,0
DA:228,0
DA:231,0
DA:233,0
DA:235,0
DA:237,0
DA:242,0
DA:245,0
DA:246,0
DA:248,0
DA:250,0
DA:252,0
DA:257,0
DA:260,0
DA:261,0
LF:91
LH:0
end_of_record
SF:/Users/tim/.pub-cache/hosted/pub.dev/win32-5.0.9/lib/src/com/ispellchecker2.dart
DA:39,0
DA:41,0
DA:42,0
DA:44,0
DA:46,0
DA:49,0
DA:51,0
LF:7
LH:0
end_of_record
SF:/Users/tim/.pub-cache/hosted/pub.dev/win32-5.0.9/lib/src/com/ispellcheckerchangedeventhandler.dart
DA:36,0
DA:38,0
DA:39,0
DA:40,0
DA:42,0
DA:44,0
DA:48,0
DA:49,0
DA:50,0
LF:9
LH:0
end_of_record
SF:/Users/tim/.pub-cache/hosted/pub.dev/win32-5.0.9/lib/src/com/ispellcheckerfactory.dart
DA:32,0
DA:34,0
DA:35,0
DA:37,0
DA:40,0
DA:42,0
DA:46,0
DA:47,0
DA:48,0
DA:50,0
DA:51,0
DA:52,0
DA:58,0
DA:59,0
DA:61,0
DA:66,0
DA:69,0
DA:71,0
DA:73,0
DA:75,0
DA:80,0
DA:83,0
DA:84,0
DA:92,0
DA:94,0
DA:95,0
LF:26
LH:0
end_of_record
SF:/Users/tim/.pub-cache/hosted/pub.dev/win32-5.0.9/lib/src/com/ispellingerror.dart
DA:34,0
DA:36,0
DA:37,0
DA:39,0
DA:43,0
DA:45,0
DA:49,0
DA:50,0
DA:51,0
DA:53,0
DA:55,0
DA:58,0
DA:62,0
DA:66,0
DA:68,0
DA:72,0
DA:73,0
DA:74,0
DA:76,0
DA:78,0
DA:81,0
DA:85,0
DA:89,0
DA:91,0
DA:95,0
DA:96,0
DA:97,0
DA:99,0
DA:101,0
DA:104,0
DA:108,0
DA:112,0
DA:114,0
DA:119,0
DA:121,0
DA:122,0
DA:124,0
DA:126,0
DA:129,0
LF:39
LH:0
end_of_record
SF:/Users/tim/.pub-cache/hosted/pub.dev/win32-5.0.9/lib/src/com/ispeventsource.dart
DA:39,0
DA:41,0
DA:42,0
DA:44,0
DA:46,0
DA:51,0
DA:54,0
DA:55,0
DA:57,0
DA:59,0
DA:61,0
DA:69,0
DA:75,0
DA:76,0
DA:78,0
DA:80,0
DA:84,0
DA:87,0
LF:18
LH:0
end_of_record
SF:/Users/tim/.pub-cache/hosted/pub.dev/win32-5.0.9/lib/src/com/ispnotifysource.dart
DA:37,0
DA:39,0
DA:40,0
DA:42,0
DA:44,0
DA:48,0
DA:51,0
DA:53,0
DA:54,0
DA:56,0
DA:61,0
DA:64,0
DA:66,0
DA:70,0
DA:72,0
DA:81,0
DA:88,0
DA:90,0
DA:92,0
DA:94,0
DA:99,0
DA:102,0
DA:104,0
DA:106,0
DA:107,0
DA:108,0
DA:110,0
DA:112,0
DA:115,0
DA:118,0
DA:120,0
DA:122,0
DA:123,0
DA:124,0
LF:34
LH:0
end_of_record
SF:/Users/tim/.pub-cache/hosted/pub.dev/win32-5.0.9/lib/src/com/ispvoice.dart
DA:33,0
DA:35,0
DA:36,0
DA:38,0
DA:39,0
DA:41,0
DA:46,0
DA:49,0
DA:50,0
DA:52,0
DA:53,0
DA:55,0
DA:60,0
DA:63,0
DA:64,0
DA:66,0
DA:68,0
DA:73,0
DA:75,0
DA:76,0
DA:78,0
DA:80,0
DA:81,0
DA:82,0
DA:84,0
DA:86,0
DA:87,0
DA:88,0
DA:90,0
DA:92,0
DA:96,0
DA:97,0
DA:98,0
DA:100,0
DA:102,0
DA:107,0
DA:109,0
DA:110,0
DA:112,0
DA:115,0
DA:117,0
DA:125,0
DA:128,0
DA:129,0
DA:131,0
DA:134,0
DA:136,0
DA:144,0
DA:147,0
DA:148,0
DA:150,0
DA:153,0
DA:155,0
DA:162,0
DA:165,0
DA:166,0
DA:168,0
DA:171,0
DA:173,0
DA:181,0
DA:184,0
DA:185,0
DA:187,0
DA:189,0
DA:190,0
DA:192,0
DA:194,0
DA:196,0
DA:200,0
DA:201,0
DA:202,0
DA:204,0
DA:206,0
DA:207,0
DA:209,0
DA:211,0
DA:213,0
DA:217,0
DA:218,0
DA:219,0
DA:221,0
DA:223,0
DA:225,0
DA:227,0
DA:229,0
DA:231,0
DA:235,0
DA:236,0
DA:237,0
DA:239,0
DA:241,0
DA:242,0
DA:244,0
DA:246,0
DA:248,0
DA:252,0
DA:253,0
DA:254,0
DA:256,0
DA:258,0
DA:260,0
DA:262,0
DA:264,0
DA:266,0
DA:268,0
DA:270,0
DA:272,0
DA:274,0
DA:278,0
DA:279,0
DA:280,0
DA:282,0
DA:284,0
DA:285,0
DA:286,0
DA:288,0
DA:290,0
DA:292,0
DA:301,0
DA:308,0
DA:309,0
DA:311,0
DA:313,0
DA:315,0
DA:325,0
DA:333,0
DA:342,0
DA:344,0
DA:345,0
LF:129
LH:0
end_of_record
SF:/Users/tim/.pub-cache/hosted/pub.dev/win32-5.0.9/lib/src/com/istream.dart
DA:39,0
DA:41,0
DA:42,0
DA:44,0
DA:45,0
DA:47,0
DA:52,0
DA:55,0
DA:56,0
DA:58,0
DA:60,0
DA:62,0
DA:64,0
DA:66,0
DA:68,0
DA:70,0
DA:79,0
DA:82,0
DA:83,0
DA:85,0
DA:87,0
DA:90,0
DA:93,0
DA:95,0
DA:97,0
DA:98,0
DA:99,0
DA:101,0
DA:103,0
DA:108,0
DA:110,0
DA:111,0
DA:113,0
DA:115,0
DA:120,0
DA:122,0
DA:123,0
DA:125,0
DA:127,0
DA:132,0
DA:135,0
DA:137,0
DA:139,0
DA:144,0
DA:146,0
DA:147,0
LF:46
LH:0
end_of_record
SF:/Users/tim/.pub-cache/hosted/pub.dev/win32-5.0.9/lib/src/com/isupporterrorinfo.dart
DA:36,0
DA:38,0
DA:39,0
DA:41,0
DA:43,0
DA:46,0
DA:48,0
LF:7
LH:0
end_of_record
SF:/Users/tim/.pub-cache/hosted/pub.dev/win32-5.0.9/lib/src/com/itypeinfo.dart
DA:37,0
DA:39,0
DA:40,0
DA:42,0
DA:44,0
DA:49,0
DA:51,0
DA:52,0
DA:54,0
DA:56,0
DA:61,0
DA:63,0
DA:64,0
DA:66,0
DA:67,0
DA:69,0
DA:74,0
DA:77,0
DA:78,0
DA:80,0
DA:81,0
DA:83,0
DA:88,0
DA:91,0
DA:92,0
DA:94,0
DA:96,0
DA:98,0
DA:107,0
DA:114,0
DA:115,0
DA:117,0
DA:118,0
DA:120,0
DA:125,0
DA:128,0
DA:130,0
DA:131,0
DA:133,0
DA:138,0
DA:141,0
DA:142,0
DA:144,0
DA:146,0
DA:148,0
DA:153,0
DA:160,0
DA:162,0
DA:170,0
DA:172,0
DA:184,0
DA:194,0
DA:197,0
DA:203,0
DA:205,0
DA:215,0
DA:223,0
DA:226,0
DA:228,0
DA:230,0
DA:240,0
DA:248,0
DA:249,0
DA:251,0
DA:252,0
DA:254,0
DA:259,0
DA:262,0
DA:263,0
DA:265,0
DA:266,0
DA:268,0
DA:273,0
DA:276,0
DA:278,0
DA:280,0
DA:282,0
DA:287,0
DA:290,0
DA:291,0
DA:293,0
DA:295,0
DA:300,0
DA:303,0
DA:304,0
DA:306,0
DA:308,0
DA:310,0
DA:317,0
DA:320,0
DA:322,0
DA:324,0
DA:328,0
DA:329,0
DA:330,0
DA:332,0
DA:334,0
DA:338,0
DA:339,0
DA:340,0
DA:342,0
DA:344,0
DA:348,0
DA:349,0
DA:350,0
LF:105
LH:0
end_of_record
SF:/Users/tim/.pub-cache/hosted/pub.dev/win32-5.0.9/lib/src/com/iuiautomation.dart
DA:32,0
DA:34,0
DA:35,0
DA:37,0
DA:39,0
DA:41,0
DA:46,0
DA:52,0
DA:54,0
DA:56,0
DA:58,0
DA:66,0
DA:69,0
DA:70,0
DA:72,0
DA:74,0
DA:78,0
DA:81,0
DA:83,0
DA:84,0
DA:86,0
DA:91,0
DA:94,0
DA:95,0
DA:97,0
DA:98,0
DA:100,0
DA:105,0
DA:108,0
DA:109,0
DA:111,0
DA:113,0
DA:118,0
DA:120,0
DA:121,0
DA:123,0
DA:125,0
DA:127,0
DA:132,0
DA:138,0
DA:140,0
DA:142,0
DA:144,0
DA:152,0
DA:158,0
DA:159,0
DA:161,0
DA:163,0
DA:165,0
DA:173,0
DA:179,0
DA:180,0
DA:182,0
DA:184,0
DA:186,0
DA:191,0
DA:197,0
DA:199,0
DA:201,0
DA:203,0
DA:208,0
[...]
DA:284,0
DA:285,0
DA:288,0
DA:289,0
DA:290,0
DA:292,0
DA:296,0
DA:297,0
DA:298,0
DA:302,0
DA:303,0
DA:304,0
DA:306,0
DA:307,0
DA:308,0
DA:314,0
DA:315,0
DA:316,0
DA:317,0
DA:318,0
DA:327,0
DA:331,0
DA:332,0
DA:333,0
DA:338,0
DA:339,0
DA:342,0
DA:348,0
DA:349,0
DA:350,0
DA:351,0
DA:352,0
DA:355,0
DA:356,0
DA:357,0
DA:358,0
DA:359,0
DA:360,0
DA:361,0
DA:362,0
DA:363,0
DA:364,0
DA:365,0
DA:366,0
DA:367,0
DA:368,0
DA:369,0
DA:370,0
DA:371,0
DA:372,0
DA:373,0
DA:374,0
DA:375,0
DA:376,0
DA:377,0
DA:378,0
DA:379,0
DA:380,0
DA:381,0
DA:382,0
DA:383,0
DA:384,0
DA:385,0
DA:386,0
DA:387,0
DA:388,0
DA:389,0
DA:390,0
DA:391,0
DA:392,0
DA:393,0
DA:394,0
DA:395,0
DA:396,0
DA:397,0
DA:398,0
DA:399,0
DA:400,0
DA:401,0
DA:402,0
DA:403,0
DA:404,0
DA:406,0
DA:407,0
DA:408,0
DA:409,0
DA:410,0
DA:411,0
DA:414,0
DA:415,0
DA:416,0
DA:417,0
DA:425,0
DA:426,0
DA:427,0
DA:428,0
DA:433,0
DA:434,0
DA:435,0
DA:436,0
DA:439,0
DA:441,0
DA:442,0
DA:445,0
DA:446,0
DA:447,0
DA:448,0
DA:449,0
DA:450,0
DA:451,0
DA:452,0
DA:453,0
DA:454,0
DA:455,0
DA:456,0
DA:457,0
DA:458,0
DA:459,0
DA:460,0
DA:461,0
DA:462,0
DA:463,0
DA:464,0
DA:465,0
DA:466,0
DA:467,0
DA:468,0
DA:469,0
DA:470,0
DA:471,0
DA:472,0
DA:473,0
DA:474,0
DA:475,0
DA:476,0
DA:477,0
DA:478,0
DA:479,0
DA:480,0
DA:481,0
DA:482,0
DA:483,0
DA:484,0
DA:485,0
DA:486,0
DA:487,0
DA:488,0
DA:489,0
DA:490,0
DA:491,0
DA:492,0
DA:493,0
DA:494,0
DA:497,0
DA:498,0
DA:502,0
DA:506,0
DA:507,0
DA:511,0
DA:512,0
DA:515,0
DA:516,0
DA:517,0
DA:520,0
DA:521,0
DA:523,0
DA:524,0
DA:525,0
DA:527,0
DA:528,0
DA:530,0
DA:531,0
DA:535,0
DA:538,0
DA:539,0
DA:540,0
DA:542,0
DA:543,0
DA:546,0
DA:547,0
DA:548,0
DA:552,0
DA:553,0
DA:554,0
DA:555,0
DA:556,0
DA:557,0
DA:562,0
DA:563,0
DA:564,0
DA:566,0
DA:570,0
DA:571,0
DA:572,0
DA:573,0
DA:574,0
DA:576,0
DA:583,0
DA:584,0
DA:585,0
DA:586,0
DA:587,0
DA:589,0
DA:593,0
DA:594,0
DA:595,0
DA:596,0
DA:597,0
DA:598,0
DA:599,0
DA:602,0
DA:603,0
DA:604,0
DA:607,0
DA:615,0
DA:619,0
DA:620,0
DA:621,0
DA:624,0
DA:626,0
DA:629,0
DA:630,0
DA:632,0
DA:633,0
DA:634,0
DA:637,0
DA:638,0
DA:639,0
DA:640,0
DA:641,0
DA:642,0
DA:643,0
DA:644,0
DA:645,0
DA:646,0
DA:647,0
DA:648,0
DA:649,0
DA:650,0
DA:651,0
DA:652,0
DA:653,0
DA:654,0
DA:655,0
DA:656,0
DA:657,0
DA:658,0
DA:659,0
DA:660,0
DA:661,0
DA:662,0
DA:663,0
DA:664,0
DA:665,0
DA:666,0
DA:667,0
DA:668,0
DA:669,0
DA:670,0
DA:671,0
DA:672,0
DA:673,0
DA:674,0
DA:675,0
DA:676,0
DA:677,0
DA:678,0
DA:679,0
DA:680,0
DA:681,0
DA:682,0
DA:683,0
DA:684,0
DA:685,0
DA:686,0
DA:689,0
DA:690,0
DA:691,0
DA:695,0
DA:696,0
DA:699,0
DA:702,0
DA:706,0
DA:707,0
DA:708,0
DA:712,0
DA:713,0
DA:716,0
DA:718,0
DA:719,0
DA:720,0
DA:721,0
DA:723,0
DA:726,0
DA:728,0
DA:730,0
DA:731,0
DA:734,0
DA:735,0
DA:737,0
DA:740,0
DA:743,0
DA:746,0
DA:747,0
DA:748,0
DA:749,0
DA:750,0
DA:751,0
DA:757,0
DA:758,0
DA:759,0
DA:761,0
DA:762,0
DA:763,0
DA:764,0
DA:765,0
DA:768,0
DA:770,0
DA:771,0
DA:772,0
DA:773,0
DA:774,0
DA:775,0
DA:776,0
DA:777,0
DA:778,0
DA:779,0
DA:780,0
DA:781,0
DA:782,0
DA:783,0
DA:784,0
DA:785,0
DA:788,0
DA:791,0
DA:794,0
DA:795,0
DA:796,0
DA:798,0
DA:799,0
DA:808,0
DA:809,0
DA:810,0
DA:811,0
DA:816,0
DA:819,0
DA:820,0
DA:821,0
DA:822,0
DA:823,0
DA:826,0
DA:830,0
DA:831,0
DA:832,0
DA:838,0
DA:839,0
DA:840,0
DA:842,0
DA:844,0
DA:851,0
DA:854,0
DA:858,0
DA:859,0
DA:861,0
DA:862,0
DA:863,0
DA:867,0
DA:868,0
DA:869,0
DA:870,0
DA:875,0
DA:878,0
DA:880,0
DA:884,0
DA:886,0
DA:887,0
DA:888,0
DA:890,0
DA:891,0
DA:892,0
DA:893,0
DA:894,0
DA:898,0
DA:899,0
DA:901,0
DA:902,0
DA:904,0
DA:905,0
DA:907,0
DA:908,0
DA:911,0
DA:912,0
DA:913,0
DA:914,0
DA:915,0
DA:918,0
DA:919,0
DA:920,0
DA:923,0
DA:924,0
DA:932,0
DA:933,0
DA:934,0
DA:941,0
DA:942,0
DA:945,0
DA:946,0
DA:947,0
DA:949,0
DA:953,0
DA:956,0
DA:957,0
DA:958,0
DA:960,0
DA:961,0
DA:962,0
DA:964,0
DA:965,0
DA:969,0
DA:970,0
DA:973,0
DA:974,0
DA:976,0
DA:977,0
DA:978,0
DA:980,0
DA:981,0
DA:985,0
DA:986,0
DA:991,0
DA:992,0
DA:993,0
DA:996,0
DA:997,0
DA:998,0
DA:999,0
DA:1000,0
DA:1007,0
DA:1008,0
DA:1017,0
DA:1018,0
DA:1019,0
DA:1021,0
DA:1022,0
DA:1024,0
DA:1027,0
DA:1031,0
DA:1032,0
DA:1035,0
DA:1036,0
DA:1037,0
DA:1038,0
DA:1041,0
DA:1043,0
DA:1044,0
DA:1045,0
DA:1046,0
DA:1047,0
DA:1048,0
DA:1049,0
DA:1050,0
DA:1056,0
DA:1058,0
DA:1059,0
DA:1061,0
DA:1062,0
DA:1063,0
DA:1065,0
DA:1066,0
DA:1076,0
DA:1077,0
DA:1079,0
DA:1080,0
DA:1081,0
DA:1082,0
DA:1084,0
DA:1094,0
DA:1098,0
DA:1099,0
DA:1100,0
DA:1101,0
DA:1102,0
DA:1103,0
DA:1104,0
DA:1107,0
DA:1110,0
DA:1113,0
DA:1116,0
DA:1117,0
DA:1118,0
DA:1119,0
DA:1120,0
DA:1121,0
DA:1122,0
DA:1125,0
DA:1128,0
DA:1130,0
DA:1134,0
DA:1135,0
DA:1136,0
DA:1137,0
DA:1138,0
DA:1141,0
DA:1143,0
DA:1147,0
DA:1148,0
DA:1149,0
DA:1150,0
DA:1152,0
DA:1153,0
DA:1155,0
DA:1156,0
DA:1157,0
DA:1159,0
DA:1160,0
DA:1165,0
DA:1166,0
DA:1170,0
DA:1171,0
DA:1172,0
DA:1173,0
DA:1175,0
DA:1176,0
DA:1178,0
DA:1182,0
DA:1183,0
DA:1184,0
DA:1186,0
DA:1187,0
DA:1189,0
DA:1193,0
DA:1195,0
DA:1196,0
DA:1197,0
DA:1198,0
DA:1200,0
DA:1206,0
DA:1207,0
DA:1210,0
DA:1211,0
DA:1213,0
DA:1214,0
DA:1215,0
DA:1216,0
DA:1217,0
DA:1218,0
DA:1219,0
DA:1220,0
DA:1221,0
DA:1222,0
DA:1223,0
DA:1224,0
DA:1225,0
DA:1228,0
DA:1229,0
DA:1230,0
DA:1231,0
DA:1235,0
DA:1236,0
DA:1237,0
DA:1241,0
DA:1242,0
DA:1245,0
DA:1246,0
DA:1247,0
DA:1248,0
DA:1249,0
DA:1250,0
DA:1251,0
DA:1252,0
DA:1253,0
DA:1254,0
DA:1255,0
DA:1256,0
DA:1257,0
DA:1258,0
DA:1259,0
DA:1260,0
DA:1261,0
DA:1262,0
DA:1263,0
DA:1265,0
DA:1266,0
DA:1267,0
DA:1268,0
DA:1269,0
DA:1275,0
DA:1276,0
DA:1277,0
DA:1282,0
DA:1283,0
DA:1285,0
DA:1286,0
DA:1287,0
DA:1289,0
DA:1290,0
DA:1291,0
DA:1292,0
DA:1296,0
DA:1298,0
DA:1304,0
DA:1309,0
DA:1317,0
DA:1318,0
DA:1319,0
DA:1320,0
DA:1321,0
DA:1322,0
DA:1323,0
DA:1324,0
DA:1325,0
DA:1326,0
DA:1331,0
DA:1335,0
DA:1342,0
DA:1343,0
DA:1344,0
DA:1347,0
DA:1348,0
DA:1349,0
DA:1350,0
DA:1351,0
DA:1352,0
DA:1356,0
DA:1357,0
DA:1358,0
DA:1359,0
DA:1361,0
DA:1362,0
DA:1363,0
DA:1367,0
DA:1372,0
DA:1374,0
DA:1375,0
DA:1415,0
DA:1417,0
DA:1418,0
DA:1419,0
DA:1422,0
DA:1423,0
DA:1424,0
DA:1427,0
DA:1428,0
DA:1429,0
DA:1430,0
DA:1431,0
DA:1432,0
DA:1434,0
DA:1441,0
DA:1447,0
DA:1448,0
DA:1449,0
DA:1451,0
DA:1452,0
DA:1453,0
DA:1456,0
DA:1457,0
DA:1458,0
DA:1459,0
DA:1460,0
DA:1463,0
DA:1464,0
DA:1469,0
DA:1471,0
DA:1478,0
DA:1479,0
DA:1480,0
DA:1481,0
DA:1482,0
DA:1483,0
DA:1484,0
DA:1485,0
DA:1489,0
DA:1491,0
DA:1493,0
DA:1494,0
DA:1495,0
DA:1496,0
DA:1497,0
DA:1498,0
DA:1499,0
DA:1500,0
DA:1501,0
DA:1502,0
DA:1505,0
DA:1507,0
DA:1508,0
DA:1510,0
DA:1511,0
DA:1512,0
DA:1513,0
DA:1515,0
DA:1516,0
DA:1517,0
DA:1523,0
DA:1524,0
DA:1533,0
DA:1537,0
DA:1538,0
DA:1539,0
DA:1540,0
DA:1541,0
DA:1542,0
DA:1543,0
DA:1546,0
DA:1549,0
DA:1552,0
DA:1556,0
DA:1557,0
DA:1558,0
DA:1559,0
DA:1560,0
DA:1561,0
DA:1562,0
DA:1565,0
DA:1568,0
DA:1570,0
DA:1574,0
DA:1575,0
DA:1576,0
DA:1577,0
DA:1578,0
DA:1581,0
DA:1583,0
DA:1584,0
DA:1588,0
DA:1589,0
DA:1590,0
DA:1591,0
DA:1593,0
DA:1594,0
DA:1596,0
DA:1597,0
DA:1598,0
DA:1599,0
DA:1600,0
DA:1601,0
DA:1602,0
DA:1603,0
DA:1604,0
DA:1606,0
DA:1607,0
DA:1609,0
DA:1610,0
DA:1612,0
DA:1613,0
DA:1616,0
DA:1617,0
DA:1619,0
DA:1620,0
DA:1621,0
DA:1625,0
DA:1627,0
DA:1628,0
DA:1650,0
DA:1651,0
DA:1653,0
DA:1655,0
DA:1656,0
DA:1658,0
DA:1661,0
DA:1664,0
DA:1666,0
DA:1667,0
DA:1668,0
DA:1669,0
DA:1673,0
DA:1674,0
DA:1677,0
DA:1680,0
DA:1682,0
DA:1683,0
DA:1684,0
DA:1685,0
DA:1689,0
DA:1690,0
DA:1693,0
DA:1696,0
DA:1698,0
DA:1699,0
DA:1700,0
DA:1701,0
DA:1705,0
DA:1706,0
DA:1708,0
DA:1715,0
DA:1717,0
DA:1719,0
DA:1720,0
DA:1721,0
DA:1722,0
DA:1724,0
DA:1725,0
DA:1727,0
DA:1728,0
DA:1729,0
DA:1730,0
DA:1732,0
DA:1733,0
DA:1735,0
DA:1736,0
DA:1737,0
DA:1738,0
DA:1740,0
DA:1741,0
DA:1743,0
DA:1744,0
DA:1745,0
DA:1746,0
DA:1748,0
DA:1749,0
DA:1751,0
DA:1752,0
DA:1753,0
DA:1754,0
DA:1756,0
DA:1757,0
DA:1759,0
DA:1760,0
DA:1761,0
DA:1762,0
DA:1764,0
DA:1765,0
DA:1767,0
DA:1768,0
DA:1769,0
DA:1770,0
DA:1772,0
DA:1773,0
DA:1775,0
DA:1776,0
DA:1777,0
DA:1778,0
DA:1780,0
DA:1781,0
DA:1783,0
DA:1784,0
DA:1785,0
DA:1786,0
DA:1788,0
DA:1789,0
DA:1791,0
DA:1792,0
DA:1793,0
DA:1794,0
DA:1796,0
DA:1797,0
DA:1799,0
DA:1800,0
DA:1801,0
DA:1802,0
DA:1804,0
DA:1805,0
DA:1807,0
DA:1808,0
DA:1809,0
DA:1810,0
DA:1812,0
DA:1813,0
DA:1815,0
DA:1819,0
DA:1820,0
DA:1821,0
DA:1822,0
DA:1824,0
DA:1825,0
DA:1826,0
DA:1827,0
DA:1829,0
DA:1830,0
DA:1832,0
DA:1833,0
DA:1834,0
DA:1835,0
DA:1837,0
DA:1838,0
DA:1839,0
DA:1840,0
DA:1842,0
DA:1843,0
DA:1845,0
DA:1846,0
DA:1847,0
DA:1848,0
DA:1850,0
DA:1851,0
DA:1852,0
DA:1853,0
DA:1855,0
DA:1856,0
DA:1858,0
DA:1859,0
DA:1860,0
DA:1861,0
DA:1863,0
DA:1864,0
DA:1865,0
DA:1866,0
DA:1868,0
DA:1869,0
DA:1871,0
DA:1872,0
DA:1873,0
DA:1874,0
DA:1876,0
DA:1877,0
DA:1878,0
DA:1879,0
DA:1881,0
DA:1882,0
DA:1884,0
DA:1885,0
DA:1886,0
DA:1887,0
DA:1889,0
DA:1890,0
DA:1891,0
DA:1892,0
DA:1894,0
DA:1895,0
DA:1897,0
DA:1898,0
DA:1899,0
DA:1900,0
DA:1902,0
DA:1903,0
DA:1904,0
DA:1905,0
DA:1907,0
DA:1908,0
DA:1910,0
DA:1911,0
DA:1912,0
DA:1913,0
DA:1915,0
DA:1916,0
DA:1917,0
DA:1918,0
DA:1920,0
DA:1921,0
DA:1923,0
DA:1924,0
DA:1926,0
DA:1927,0
DA:1930,0
DA:1931,0
DA:1932,0
DA:1937,0
DA:1938,0
DA:1939,0
DA:1940,0
DA:1941,0
DA:1942,0
DA:1943,0
DA:1945,0
DA:1946,0
DA:1947,0
DA:1949,0
DA:1950,0
DA:1952,0
DA:1957,0
DA:1958,0
DA:1959,0
DA:1961,0
DA:1962,0
DA:1963,0
DA:1964,0
DA:1965,0
DA:1967,0
DA:1968,0
DA:1969,0
DA:1970,0
DA:1971,0
DA:1973,0
DA:1974,0
DA:1975,0
DA:1976,0
DA:1977,0
DA:1978,0
DA:1979,0
DA:1982,0
DA:1983,0
DA:1984,0
DA:1985,0
DA:1986,0
DA:1987,0
DA:1988,0
DA:1989,0
DA:1990,0
DA:1991,0
DA:1992,0
LF:1133
LH:0
end_of_record
SF:/Users/tim/.pub-cache/hosted/pub.dev/archive-3.4.4/lib/src/gzip_decoder.dart
DA:17,0
DA:18,0
DA:21,0
DA:22,0
DA:23,0
DA:24,0
DA:25,0
DA:29,0
DA:30,0
DA:33,0
DA:36,0
DA:37,0
DA:38,0
DA:39,0
DA:42,0
DA:43,0
DA:44,0
DA:51,0
DA:93,0
DA:94,0
DA:95,0
DA:98,0
DA:99,0
DA:100,0
DA:103,0
DA:104,0
DA:105,0
DA:106,0
DA:108,0
DA:109,0
DA:110,0
DA:113,0
DA:114,0
DA:117,0
DA:118,0
DA:122,0
DA:123,0
LF:37
LH:0
end_of_record
SF:/Users/tim/.pub-cache/hosted/pub.dev/archive-3.4.4/lib/src/gzip_encoder.dart
DA:31,0
DA:32,0
DA:75,0
DA:76,0
DA:79,0
DA:83,0
DA:84,0
DA:85,0
DA:86,0
DA:89,0
DA:90,0
DA:92,0
DA:96,0
DA:97,0
DA:100,0
DA:102,0
DA:104,0
DA:105,0
DA:108,0
DA:109,0
LF:20
LH:0
end_of_record
SF:/Users/tim/.pub-cache/hosted/pub.dev/archive-3.4.4/lib/src/tar_decoder.dart
DA:8,0
DA:14,0
DA:16,0
DA:20,0
DA:22,0
DA:23,0
DA:29,0
DA:31,0
DA:32,0
DA:36,0
DA:38,0
DA:39,0
DA:46,0
DA:47,0
DA:51,0
DA:52,0
DA:54,0
DA:55,0
DA:56,0
DA:57,0
DA:58,0
DA:59,0
DA:60,0
DA:62,0
DA:65,0
DA:77,0
DA:81,0
DA:84,0
DA:86,0
DA:88,0
DA:89,0
DA:90,0
DA:91,0
DA:92,0
DA:93,0
DA:95,0
DA:96,0
DA:99,0
LF:38
LH:0
end_of_record
SF:/Users/tim/.pub-cache/hosted/pub.dev/archive-3.4.4/lib/src/tar_encoder.dart
DA:9,0
DA:10,0
DA:11,0
DA:13,0
DA:14,0
DA:17,0
DA:19,0
DA:20,0
DA:22,0
DA:25,0
DA:26,0
DA:29,0
DA:30,0
DA:35,0
DA:36,0
DA:37,0
DA:38,0
DA:39,0
DA:40,0
DA:41,0
DA:42,0
DA:43,0
DA:44,0
DA:47,0
DA:48,0
DA:49,0
DA:50,0
DA:51,0
DA:52,0
DA:53,0
DA:54,0
DA:55,0
DA:56,0
DA:57,0
DA:59,0
DA:62,0
DA:63,0
DA:68,0
DA:69,0
DA:70,0
DA:71,0
LF:41
LH:0
end_of_record
SF:/Users/tim/.pub-cache/hosted/pub.dev/archive-3.4.4/lib/src/xz_decoder.dart
DA:17,0
DA:18,0
DA:21,0
DA:22,0
DA:23,0
DA:44,0
DA:47,0
DA:48,0
DA:51,0
DA:53,0
DA:54,0
DA:55,0
DA:56,0
DA:59,0
DA:60,0
DA:65,0
DA:66,0
DA:67,0
DA:68,0
DA:69,0
DA:70,0
DA:71,0
DA:72,0
DA:74,0
DA:77,0
DA:78,0
DA:79,0
DA:81,0
DA:82,0
DA:84,0
DA:85,0
DA:86,0
DA:91,0
DA:92,0
DA:93,0
DA:95,0
DA:96,0
DA:97,0
DA:98,0
DA:99,0
DA:103,0
DA:107,0
DA:110,0
DA:112,0
DA:113,0
DA:114,0
DA:115,0
DA:116,0
DA:118,0
DA:119,0
DA:120,0
DA:121,0
DA:123,0
DA:124,0
DA:125,0
DA:126,0
DA:129,0
DA:130,0
DA:131,0
DA:133,0
DA:134,0
DA:136,0
DA:137,0
DA:140,0
DA:141,0
DA:143,0
DA:144,0
DA:145,0
DA:148,0
DA:149,0
DA:152,0
DA:153,0
DA:155,0
DA:157,0
DA:158,0
DA:161,0
DA:162,0
DA:166,0
DA:167,0
DA:170,0
DA:173,0
DA:175,0
DA:177,0
DA:178,0
DA:179,0
DA:180,0
DA:181,0
DA:182,0
DA:186,0
DA:187,0
DA:188,0
DA:189,0
DA:190,0
DA:193,0
DA:194,0
DA:195,0
DA:196,0
DA:197,0
DA:198,0
DA:202,0
DA:203,0
DA:204,0
DA:205,0
DA:206,0
DA:209,0
DA:210,0
DA:211,0
DA:212,0
DA:213,0
DA:214,0
DA:217,0
DA:218,0
DA:219,0
DA:221,0
DA:222,0
DA:223,0
DA:224,0
DA:229,0
DA:230,0
DA:231,0
DA:232,0
DA:233,0
DA:236,0
DA:237,0
DA:238,0
DA:239,0
DA:240,0
DA:241,0
DA:245,0
DA:248,0
DA:249,0
DA:253,0
DA:255,0
DA:261,0
DA:262,0
DA:263,0
DA:265,0
DA:266,0
DA:267,0
DA:268,0
DA:270,0
DA:271,0
DA:273,0
DA:281,0
DA:282,0
DA:283,0
DA:284,0
DA:286,0
DA:290,0
DA:292,0
DA:293,0
DA:294,0
DA:295,0
DA:296,0
DA:298,0
DA:299,0
DA:303,0
DA:306,0
DA:307,0
DA:314,0
DA:315,0
DA:316,0
DA:317,0
DA:318,0
DA:319,0
DA:322,0
DA:323,0
DA:324,0
DA:325,0
DA:326,0
DA:328,0
DA:329,0
DA:332,0
DA:335,0
DA:336,0
DA:337,0
DA:339,0
DA:340,0
DA:341,0
DA:344,0
DA:349,0
DA:350,0
DA:351,0
DA:352,0
DA:353,0
DA:354,0
DA:356,0
DA:357,0
DA:359,0
DA:360,0
DA:361,0
DA:363,0
DA:365,0
DA:366,0
DA:369,0
DA:370,0
DA:371,0
DA:376,0
DA:380,0
DA:381,0
DA:382,0
DA:385,0
DA:392,0
DA:394,0
DA:395,0
DA:396,0
DA:398,0
DA:412,0
LF:208
LH:0
end_of_record
SF:/Users/tim/.pub-cache/hosted/pub.dev/archive-3.4.4/lib/src/xz_encoder.dart
DA:15,0
DA:18,0
DA:20,0
DA:21,0
DA:23,0
DA:24,0
DA:26,0
DA:27,0
DA:31,0
DA:32,0
DA:34,0
DA:35,0
DA:36,0
DA:37,0
DA:40,0
DA:41,0
DA:42,0
DA:44,0
DA:46,0
DA:50,0
DA:52,0
DA:54,0
DA:55,0
DA:56,0
DA:58,0
DA:59,0
DA:60,0
DA:64,0
DA:69,0
DA:70,0
DA:71,0
DA:72,0
DA:75,0
DA:77,0
DA:80,0
DA:84,0
DA:85,0
DA:88,0
DA:89,0
DA:90,0
DA:92,0
DA:93,0
DA:96,0
DA:98,0
DA:101,0
DA:103,0
DA:104,0
DA:105,0
DA:106,0
DA:107,0
DA:108,0
DA:110,0
DA:113,0
DA:114,0
DA:115,0
DA:116,0
DA:119,0
DA:120,0
DA:123,0
DA:125,0
DA:127,0
DA:128,0
DA:130,0
DA:131,0
DA:133,0
DA:134,0
DA:137,0
DA:140,0
DA:144,0
DA:148,0
DA:149,0
DA:150,0
DA:151,0
DA:157,0
DA:160,0
DA:163,0
DA:164,0
DA:167,0
DA:171,0
DA:172,0
DA:176,0
DA:178,0
DA:181,0
DA:182,0
DA:183,0
DA:184,0
DA:185,0
DA:187,0
DA:189,0
DA:190,0
DA:191,0
DA:195,0
DA:197,0
DA:198,0
DA:199,0
DA:200,0
DA:202,0
DA:203,0
DA:204,0
DA:207,0
DA:211,0
DA:213,0
DA:214,0
DA:216,0
DA:217,0
DA:218,0
DA:220,0
DA:224,0
DA:226,0
DA:227,0
DA:228,0
DA:234,0
DA:235,0
DA:236,0
DA:239,0
DA:245,0
DA:246,0
DA:247,0
DA:249,0
DA:250,0
DA:252,0
DA:264,0
LF:122
LH:0
end_of_record
SF:/Users/tim/.pub-cache/hosted/pub.dev/archive-3.4.4/lib/src/zip_decoder.dart
DA:15,0
DA:16,0
DA:19,0
DA:24,0
DA:25,0
DA:27,0
DA:28,0
DA:31,0
DA:32,0
DA:35,0
DA:36,0
DA:37,0
DA:42,0
DA:43,0
DA:45,0
DA:49,0
DA:50,0
DA:52,0
DA:54,0
DA:55,0
DA:56,0
DA:58,0
DA:59,0
DA:60,0
DA:65,0
DA:68,0
DA:69,0
DA:70,0
DA:72,0
LF:29
LH:0
end_of_record
SF:/Users/tim/.pub-cache/hosted/pub.dev/archive-3.4.4/lib/src/zip_encoder.dart
DA:29,0
DA:33,0
DA:34,0
DA:35,0
DA:38,0
DA:42,0
DA:43,0
DA:44,0
DA:56,0
DA:57,0
DA:58,0
DA:68,0
DA:73,0
DA:77,0
DA:79,0
DA:80,0
DA:81,0
DA:83,0
DA:85,0
DA:86,0
DA:92,0
DA:94,0
DA:95,0
DA:98,0
DA:99,0
DA:102,0
DA:103,0
DA:104,0
DA:106,0
DA:109,0
DA:110,0
DA:111,0
DA:112,0
DA:114,0
DA:115,0
DA:116,0
DA:118,0
DA:121,0
DA:124,0
DA:125,0
DA:126,0
DA:128,0
DA:129,0
DA:131,0
DA:134,0
DA:135,0
DA:136,0
DA:137,0
DA:144,0
DA:145,0
DA:146,0
DA:149,0
DA:150,0
DA:151,0
DA:153,0
DA:154,0
DA:156,0
DA:158,0
DA:159,0
DA:162,0
DA:164,0
DA:165,0
DA:167,0
DA:169,0
DA:171,0
DA:173,0
DA:174,0
DA:175,0
DA:177,0
DA:178,0
DA:181,0
DA:183,0
DA:185,0
DA:186,0
DA:188,0
DA:189,0
DA:191,0
DA:192,0
DA:193,0
DA:194,0
DA:195,0
DA:196,0
DA:197,0
DA:199,0
DA:201,0
DA:204,0
DA:206,0
DA:207,0
DA:208,0
DA:212,0
DA:213,0
DA:215,0
DA:216,0
DA:218,0
DA:219,0
DA:221,0
DA:223,0
DA:224,0
DA:227,0
DA:228,0
DA:230,0
DA:232,0
DA:233,0
DA:236,0
DA:237,0
DA:240,0
DA:241,0
DA:242,0
DA:243,0
DA:245,0
DA:246,0
DA:248,0
DA:250,0
DA:253,0
DA:254,0
DA:255,0
DA:256,0
DA:257,0
DA:258,0
DA:259,0
DA:260,0
DA:261,0
DA:262,0
DA:263,0
DA:264,0
DA:268,0
DA:272,0
DA:273,0
DA:275,0
DA:276,0
DA:278,0
DA:279,0
DA:281,0
DA:283,0
DA:284,0
DA:285,0
DA:288,0
DA:291,0
DA:293,0
DA:297,0
DA:298,0
DA:299,0
DA:300,0
DA:301,0
DA:303,0
DA:305,0
DA:306,0
DA:309,0
DA:310,0
DA:311,0
DA:312,0
DA:314,0
DA:317,0
DA:321,0
DA:322,0
DA:323,0
DA:325,0
DA:326,0
DA:328,0
DA:329,0
DA:330,0
DA:331,0
DA:332,0
DA:333,0
DA:334,0
DA:335,0
DA:336,0
DA:337,0
DA:338,0
DA:339,0
DA:340,0
DA:341,0
DA:342,0
DA:343,0
DA:344,0
DA:345,0
DA:346,0
DA:347,0
DA:352,0
DA:353,0
DA:354,0
DA:358,0
DA:359,0
DA:360,0
DA:361,0
DA:364,0
DA:365,0
DA:366,0
DA:367,0
DA:368,0
DA:369,0
DA:370,0
DA:371,0
DA:372,0
DA:373,0
DA:374,0
DA:378,0
DA:379,0
DA:380,0
DA:381,0
DA:385,0
DA:386,0
DA:387,0
DA:389,0
DA:391,0
DA:392,0
DA:393,0
DA:394,0
DA:395,0
LF:209
LH:0
end_of_record
SF:/Users/tim/.pub-cache/hosted/pub.dev/archive-3.4.4/lib/src/zlib_decoder.dart
DA:10,0
DA:12,0
DA:13,0
DA:16,0
DA:17,0
LF:5
LH:0
end_of_record
SF:/Users/tim/.pub-cache/hosted/pub.dev/archive-3.4.4/lib/src/zlib_encoder.dart
DA:10,0
DA:12,0
DA:13,0
DA:19,0
DA:20,0
DA:29,0
DA:31,0
DA:32,0
DA:33,0
DA:35,0
DA:36,0
DA:38,0
DA:40,0
DA:42,0
DA:43,0
DA:45,0
DA:47,0
DA:49,0
DA:50,0
DA:52,0
LF:20
LH:0
end_of_record
SF:/Users/tim/.pub-cache/hosted/pub.dev/archive-3.4.4/lib/src/lzma/lzma_decoder.dart
DA:61,0
DA:62,0
DA:63,0
DA:65,0
DA:66,0
DA:67,0
DA:68,0
DA:70,0
DA:71,0
DA:73,0
DA:74,0
DA:75,0
DA:76,0
DA:78,0
DA:82,0
DA:87,0
DA:88,0
DA:89,0
DA:91,0
DA:92,0
DA:93,0
DA:94,0
DA:95,0
DA:97,0
DA:98,0
DA:99,0
DA:100,0
DA:101,0
DA:102,0
DA:106,0
DA:107,0
DA:109,0
DA:110,0
DA:111,0
DA:112,0
DA:114,0
DA:115,0
DA:116,0
DA:117,0
DA:119,0
DA:120,0
DA:122,0
DA:123,0
DA:126,0
DA:127,0
DA:128,0
DA:129,0
DA:132,0
DA:133,0
DA:137,0
DA:138,0
DA:140,0
DA:141,0
DA:142,0
DA:143,0
DA:144,0
DA:146,0
DA:147,0
DA:148,0
DA:155,0
DA:156,0
DA:157,0
DA:160,0
DA:161,0
DA:162,0
DA:163,0
DA:164,0
DA:168,0
DA:169,0
DA:170,0
DA:171,0
DA:172,0
DA:173,0
DA:174,0
DA:176,0
DA:181,0
DA:185,0
DA:186,0
DA:187,0
DA:188,0
DA:189,0
DA:190,0
DA:191,0
DA:192,0
DA:193,0
DA:195,0
DA:196,0
DA:197,0
DA:198,0
DA:199,0
DA:205,0
DA:207,0
DA:208,0
DA:209,0
DA:210,0
DA:211,0
DA:212,0
DA:215,0
DA:216,0
DA:219,0
DA:224,0
DA:225,0
DA:226,0
DA:229,0
DA:230,0
DA:231,0
DA:232,0
DA:233,0
DA:235,0
DA:237,0
DA:238,0
DA:243,0
DA:244,0
DA:247,0
DA:248,0
DA:249,0
DA:250,0
DA:251,0
DA:252,0
DA:254,0
DA:255,0
DA:257,0
DA:258,0
DA:260,0
DA:261,0
DA:263,0
DA:264,0
DA:265,0
DA:267,0
DA:268,0
DA:269,0
DA:271,0
DA:272,0
DA:278,0
DA:279,0
DA:280,0
DA:282,0
DA:284,0
DA:285,0
DA:286,0
DA:287,0
DA:289,0
DA:290,0
DA:294,0
DA:296,0
DA:297,0
DA:298,0
DA:299,0
DA:304,0
DA:306,0
DA:307,0
DA:308,0
DA:309,0
DA:310,0
DA:311,0
DA:312,0
DA:313,0
DA:314,0
DA:316,0
DA:317,0
DA:318,0
DA:319,0
DA:320,0
DA:323,0
DA:324,0
DA:327,0
DA:328,0
DA:333,0
DA:334,0
DA:335,0
DA:336,0
DA:339,0
DA:340,0
DA:381,0
DA:382,0
DA:383,0
DA:384,0
DA:385,0
DA:387,0
DA:391,0
DA:392,0
DA:393,0
DA:394,0
DA:395,0
DA:396,0
DA:397,0
DA:398,0
DA:401,0
DA:402,0
DA:404,0
DA:405,0
DA:408,0
DA:412,0
DA:413,0
DA:415,0
DA:416,0
DA:418,0
DA:421,0
DA:446,0
DA:447,0
DA:448,0
DA:449,0
DA:450,0
DA:452,0
DA:453,0
DA:454,0
DA:455,0
DA:457,0
DA:458,0
DA:462,0
DA:463,0
DA:464,0
DA:466,0
DA:467,0
DA:469,0
DA:474,0
DA:475,0
DA:476,0
DA:477,0
DA:479,0
DA:482,0
DA:485,0
DA:490,0
DA:491,0
DA:494,0
DA:495,0
DA:496,0
DA:501,0
DA:502,0
DA:503,0
DA:504,0
DA:505,0
DA:506,0
LF:233
LH:0
end_of_record
SF:/Users/tim/.pub-cache/hosted/pub.dev/archive-3.4.4/lib/src/lzma/range_decoder.dart
DA:20,0
DA:21,0
DA:25,0
DA:26,0
DA:43,0
DA:44,0
DA:47,0
DA:48,0
DA:49,0
DA:52,0
DA:53,0
DA:54,0
DA:56,0
DA:57,0
DA:58,0
DA:64,0
DA:65,0
DA:67,0
DA:68,0
DA:70,0
DA:71,0
DA:72,0
DA:73,0
DA:74,0
DA:77,0
DA:78,0
DA:79,0
DA:85,0
DA:88,0
DA:89,0
DA:90,0
DA:91,0
DA:98,0
DA:101,0
DA:102,0
DA:103,0
DA:104,0
DA:111,0
DA:113,0
DA:114,0
DA:115,0
DA:116,0
DA:117,0
DA:118,0
DA:119,0
DA:121,0
DA:129,0
DA:131,0
DA:132,0
DA:133,0
LF:50
LH:0
end_of_record
SF:/Users/tim/.pub-cache/hosted/pub.dev/archive-3.4.4/lib/src/util/_crc64_io.dart
DA:2,0
DA:3,0
DA:4,0
DA:6,0
DA:10,0
DA:16,0
DA:17,0
DA:18,0
DA:19,0
DA:21,0
LF:10
LH:0
end_of_record
SF:/Users/tim/.pub-cache/hosted/pub.dev/archive-3.4.4/lib/src/zlib/_inflate_buffer_io.dart
DA:3,0
DA:4,0
LF:2
LH:0
end_of_record
SF:/Users/tim/.pub-cache/hosted/pub.dev/archive-3.4.4/lib/src/zlib/_zlib_decoder_io.dart
DA:9,1
DA:11,0
DA:13,0
DA:16,0
DA:18,0
LF:5
LH:1
end_of_record
