SF:/home/runner/work/figmage/figmage/lib/src/command_runner.dart
DA:29,4
DA:31,2
DA:32,2
DA:38,2
DA:44,6
DA:45,6
DA:50,8
DA:52,1
DA:53,3
DA:55,2
DA:58,2
DA:59,2
DA:60,2
DA:62,2
DA:63,2
DA:66,1
DA:67,2
DA:68,2
DA:69,1
DA:70,2
DA:71,1
DA:72,2
DA:75,2
DA:76,4
DA:77,2
DA:78,4
DA:79,2
DA:83,1
DA:86,3
DA:87,1
DA:88,1
DA:92,1
DA:93,1
DA:94,1
DA:96,2
DA:97,1
DA:98,4
DA:102,1
DA:103,1
DA:104,1
DA:105,3
DA:106,1
DA:107,2
DA:108,1
DA:109,0
DA:116,2
DA:117,2
DA:118,1
DA:121,1
DA:125,3
DA:126,1
DA:135,1
DA:137,1
DA:138,2
DA:139,1
DA:140,1
DA:142,1
DA:143,1
DA:144,1
DA:146,3
DA:147,2
LF:61
LH:60
end_of_record
SF:/home/runner/work/figmage/figmage/lib/src/commands/shared/forge_settings_providers.dart
DA:17,4
DA:18,5
DA:19,1
DA:20,2
DA:21,1
DA:24,2
DA:26,4
DA:30,1
DA:31,1
DA:32,1
DA:34,2
DA:35,1
DA:36,0
DA:38,1
DA:39,1
DA:40,1
LF:16
LH:15
end_of_record
SF:/home/runner/work/figmage/figmage/lib/src/commands/shared/generation_notifier.dart
DA:17,2
DA:18,2
DA:25,1
DA:27,3
DA:32,5
DA:34,0
DA:39,2
DA:40,3
DA:44,0
DA:46,0
DA:50,2
DA:51,3
DA:55,5
DA:57,4
DA:60,2
DA:61,3
DA:65,5
DA:67,0
LF:18
LH:14
end_of_record
SF:/home/runner/work/figmage/figmage/lib/src/commands/update/update_command.dart
DA:17,2
DA:21,4
DA:23,4
DA:25,1
DA:31,2
DA:34,1
DA:36,2
DA:39,2
DA:41,0
DA:42,0
DA:43,0
DA:45,1
DA:47,1
DA:49,0
DA:50,0
DA:53,3
DA:57,2
DA:62,0
DA:63,0
DA:64,0
DA:67,3
DA:68,0
DA:69,0
DA:70,0
DA:73,2
DA:75,1
LF:26
LH:15
end_of_record
SF:/home/runner/work/figmage/figmage/lib/src/data/generators/file_generators/base_file_generator.dart
DA:17,3
DA:29,4
DA:33,1
DA:35,2
DA:40,1
DA:45,4
DA:47,2
DA:49,2
DA:53,4
DA:54,2
DA:55,2
DA:66,2
DA:67,2
DA:68,2
DA:69,4
DA:73,2
DA:74,8
DA:75,4
DA:76,2
DA:77,2
DA:78,2
DA:86,2
DA:87,2
DA:88,0
DA:89,0
LF:25
LH:23
end_of_record
SF:/home/runner/work/figmage/figmage/lib/src/data/generators/file_generators/color_file_generator.dart
DA:16,2
DA:18,2
DA:20,1
DA:25,1
DA:26,1
DA:27,1
LF:6
LH:6
end_of_record
SF:/home/runner/work/figmage/figmage/lib/src/data/generators/file_generators/number_file_generator.dart
DA:16,1
DA:18,1
DA:20,0
DA:25,0
DA:26,0
DA:27,0
LF:6
LH:2
end_of_record
SF:/home/runner/work/figmage/figmage/lib/src/data/generators/file_generators/padding_file_generator.dart
DA:17,1
DA:19,1
DA:21,0
DA:26,0
DA:27,0
DA:28,0
DA:29,0
DA:33,0
DA:35,0
LF:9
LH:2
end_of_record
SF:/home/runner/work/figmage/figmage/lib/src/data/generators/file_generators/spacer_file_generator.dart
DA:17,1
DA:19,1
DA:21,0
DA:26,0
DA:27,0
DA:28,0
DA:29,0
DA:33,0
DA:35,0
LF:9
LH:2
end_of_record
SF:/home/runner/work/figmage/figmage/lib/src/data/generators/file_generators/typography_file_generator.dart
DA:17,1
DA:20,1
DA:25,0
DA:30,0
DA:31,0
DA:32,0
DA:33,0
LF:7
LH:2
end_of_record
SF:/home/runner/work/figmage/figmage/lib/src/data/generators/generator_util.dart
DA:4,5
DA:5,5
DA:6,15
DA:7,10
DA:8,10
DA:9,10
DA:19,7
DA:21,21
DA:25,1
DA:26,4
DA:30,7
DA:31,28
LF:12
LH:12
end_of_record
SF:/home/runner/work/figmage/figmage/lib/src/data/generators/reference_generators/padding_generator.dart
DA:11,1
DA:21,1
DA:27,1
DA:28,1
DA:29,1
DA:30,1
DA:32,3
DA:33,2
DA:34,2
DA:35,1
DA:36,1
DA:37,1
DA:38,2
DA:43,1
DA:49,1
DA:56,3
DA:57,2
DA:59,2
DA:62,2
DA:65,2
DA:68,2
DA:71,2
DA:75,2
DA:79,2
DA:86,1
DA:87,2
DA:89,1
DA:93,2
DA:94,1
DA:95,1
DA:97,2
DA:99,1
LF:32
LH:32
end_of_record
SF:/home/runner/work/figmage/figmage/lib/src/data/generators/reference_generators/reference_theme_class_generator.dart
DA:13,2
DA:18,2
DA:37,8
DA:54,2
DA:56,2
DA:57,2
DA:58,4
DA:59,4
DA:60,2
DA:65,6
DA:66,6
DA:67,4
DA:68,2
DA:69,2
DA:70,2
DA:71,2
DA:72,2
DA:73,2
DA:80,2
DA:82,4
DA:84,4
DA:86,2
DA:87,2
DA:88,6
DA:89,8
DA:90,2
DA:91,2
DA:92,2
DA:93,4
DA:94,4
DA:95,2
DA:96,2
DA:97,2
DA:98,8
DA:99,2
DA:100,2
DA:101,4
DA:108,2
DA:110,2
DA:111,2
DA:112,2
DA:113,4
DA:114,2
DA:115,2
DA:116,2
DA:117,4
DA:124,2
DA:126,2
DA:127,2
DA:128,2
DA:129,4
DA:130,4
LF:52
LH:52
end_of_record
SF:/home/runner/work/figmage/figmage/lib/src/data/generators/reference_generators/spacer_generator.dart
DA:10,1
DA:19,1
DA:26,3
DA:27,1
DA:28,1
DA:29,1
DA:30,1
DA:31,2
DA:32,1
DA:33,1
DA:34,2
DA:39,1
DA:41,1
DA:42,1
DA:43,1
DA:44,2
DA:45,1
DA:46,1
DA:47,2
DA:52,1
DA:57,1
DA:64,3
DA:65,2
DA:68,2
DA:69,2
DA:71,1
DA:72,2
DA:73,1
DA:77,2
DA:78,1
DA:79,1
DA:81,2
DA:82,1
LF:33
LH:33
end_of_record
SF:/home/runner/work/figmage/figmage/lib/src/data/generators/theme_extension_generators/color_theme_extension_generator.dart
DA:14,2
DA:18,2
DA:22,2
DA:24,4
DA:25,8
LF:5
LH:5
end_of_record
SF:/home/runner/work/figmage/figmage/lib/src/data/generators/theme_extension_generators/mode_theme_extension_generator.dart
DA:35,4
DA:41,4
DA:43,12
DA:70,4
DA:72,8
DA:73,8
DA:74,0
DA:75,4
DA:76,4
DA:78,4
DA:79,12
DA:84,4
DA:87,4
DA:89,8
DA:90,4
DA:91,4
DA:92,8
DA:94,4
DA:95,4
DA:96,4
DA:97,8
DA:98,8
DA:99,4
DA:100,4
DA:101,4
DA:102,16
DA:103,4
DA:104,4
DA:105,4
DA:106,12
DA:112,4
DA:115,16
DA:116,4
DA:117,4
DA:118,8
DA:119,8
DA:120,4
DA:125,4
DA:126,12
DA:127,12
DA:128,12
DA:129,8
DA:130,4
DA:131,4
DA:135,12
DA:136,4
DA:138,4
DA:139,4
DA:141,4
DA:143,4
DA:150,4
DA:154,4
DA:155,4
DA:156,12
DA:157,4
DA:158,8
DA:159,12
DA:160,4
DA:161,4
DA:162,4
DA:163,8
DA:164,4
DA:165,4
DA:166,4
DA:169,4
DA:170,4
DA:171,4
DA:172,8
DA:175,12
DA:176,8
DA:177,12
DA:182,4
DA:186,10
DA:187,16
DA:188,12
DA:189,4
DA:190,4
DA:191,4
DA:192,8
DA:193,8
DA:194,4
DA:195,4
DA:196,8
DA:197,4
DA:199,4
DA:200,8
DA:201,4
DA:202,4
DA:203,8
DA:204,4
DA:212,4
DA:217,4
DA:218,4
DA:219,12
DA:220,4
DA:221,8
DA:222,4
DA:223,4
DA:224,8
DA:225,4
DA:226,8
DA:227,8
DA:231,8
DA:232,12
DA:236,4
DA:239,20
DA:240,4
DA:241,12
DA:242,8
DA:247,4
DA:251,16
DA:252,8
DA:253,8
DA:254,4
DA:255,4
DA:256,4
DA:257,4
DA:258,8
DA:263,4
DA:264,4
DA:265,4
DA:266,4
DA:267,8
DA:268,4
DA:269,4
DA:270,4
DA:271,4
DA:272,4
DA:273,4
DA:274,4
DA:275,4
DA:282,4
DA:285,4
DA:286,8
DA:287,4
DA:288,4
DA:289,4
DA:291,4
DA:292,4
DA:293,4
DA:294,4
DA:296,4
DA:297,4
DA:298,12
DA:299,4
DA:301,4
DA:313,6
DA:314,6
DA:315,6
DA:316,12
DA:320,6
DA:326,4
DA:329,4
DA:330,12
DA:331,8
DA:332,4
DA:333,12
DA:335,12
DA:336,8
DA:337,12
LF:160
LH:159
end_of_record
SF:/home/runner/work/figmage/figmage/lib/src/data/generators/theme_extension_generators/number_theme_extension_generator.dart
DA:10,1
DA:14,1
DA:22,1
DA:24,1
LF:4
LH:4
end_of_record
SF:/home/runner/work/figmage/figmage/lib/src/data/generators/theme_extension_generators/text_style_theme_extension_generator.dart
DA:18,1
DA:23,1
DA:31,1
DA:33,1
DA:34,1
DA:36,1
DA:37,1
DA:38,1
DA:43,1
DA:59,1
DA:64,2
DA:65,3
DA:66,1
DA:75,1
DA:80,1
DA:81,3
DA:82,3
DA:83,5
DA:84,3
DA:85,1
DA:86,1
DA:87,1
DA:90,3
DA:91,3
DA:92,3
DA:93,1
DA:94,1
DA:95,1
DA:96,1
DA:97,0
LF:30
LH:29
end_of_record
SF:/home/runner/work/figmage/figmage/lib/src/data/repositories/dart_code_file_writer_repository.dart
DA:7,0
DA:13,0
DA:14,0
DA:16,0
DA:17,0
DA:18,0
DA:22,0
LF:7
LH:0
end_of_record
SF:/home/runner/work/figmage/figmage/lib/src/data/repositories/dart_post_generation_repository.dart
DA:29,29
DA:35,2
DA:41,5
DA:44,2
DA:48,1
DA:51,3
DA:52,2
DA:54,1
DA:55,1
DA:57,3
DA:58,2
DA:60,1
DA:61,1
DA:63,3
DA:64,2
DA:66,1
DA:67,1
LF:17
LH:17
end_of_record
SF:/home/runner/work/figmage/figmage/lib/src/data/repositories/figma_styles_repository.dart
DA:12,0
DA:17,0
DA:20,0
DA:21,0
DA:22,0
DA:25,0
DA:27,0
DA:28,0
DA:33,0
DA:35,0
DA:36,0
DA:39,0
DA:40,0
DA:42,0
DA:43,0
DA:44,0
DA:46,0
DA:50,0
DA:51,0
DA:52,0
DA:53,0
DA:54,0
DA:55,0
DA:57,0
DA:58,0
DA:59,0
DA:60,0
DA:61,0
DA:63,0
DA:68,0
DA:69,0
DA:70,0
DA:71,0
LF:33
LH:0
end_of_record
SF:/home/runner/work/figmage/figmage/lib/src/data/repositories/figma_variables_repository.dart
DA:16,0
DA:21,0
DA:22,0
DA:26,0
DA:30,0
DA:33,0
DA:34,0
DA:35,0
DA:36,0
DA:38,0
DA:41,0
DA:49,1
DA:53,2
DA:54,2
DA:56,3
DA:58,2
DA:59,1
DA:60,1
DA:61,4
DA:63,1
DA:65,1
DA:66,2
DA:67,1
DA:68,1
DA:69,1
DA:70,1
DA:71,1
DA:73,1
DA:74,1
DA:75,1
DA:76,1
DA:77,1
DA:78,2
DA:79,2
DA:81,1
DA:86,2
DA:87,1
DA:88,1
DA:89,1
DA:90,1
DA:91,1
DA:93,1
DA:94,1
DA:95,1
DA:96,1
DA:97,1
DA:98,2
DA:99,2
DA:101,1
DA:106,2
DA:107,1
DA:108,1
DA:109,1
DA:110,1
DA:111,1
DA:113,1
DA:114,1
DA:115,1
DA:116,1
DA:117,1
DA:118,2
DA:119,2
DA:121,1
DA:126,2
DA:127,1
DA:128,1
DA:129,1
DA:130,1
DA:131,1
DA:133,1
DA:134,1
DA:135,1
DA:136,1
DA:137,1
DA:138,2
DA:139,2
DA:141,1
DA:148,2
DA:158,1
DA:162,1
DA:163,0
DA:164,0
DA:167,0
DA:168,1
DA:169,0
DA:170,0
DA:171,0
DA:175,3
DA:176,3
DA:177,3
DA:178,3
LF:91
LH:74
end_of_record
SF:/home/runner/work/figmage/figmage/lib/src/data/repositories/yaml_config_repository.dart
DA:17,1
DA:21,4
DA:23,1
DA:27,0
DA:28,1
DA:32,4
DA:34,2
DA:35,2
DA:39,1
DA:43,1
DA:45,0
DA:46,0
DA:49,3
DA:51,1
DA:52,2
DA:63,1
DA:64,2
DA:65,0
DA:66,0
DA:69,1
DA:70,1
DA:71,1
DA:72,1
DA:73,1
LF:24
LH:19
end_of_record
SF:/home/runner/work/figmage/figmage/lib/src/data/util/converters/color_conversion_x.dart
DA:6,1
DA:7,4
DA:8,2
DA:9,2
DA:10,2
DA:11,2
DA:12,6
DA:14,1
LF:8
LH:8
end_of_record
SF:/home/runner/work/figmage/figmage/lib/src/data/util/converters/string_dart_conversion_x.dart
DA:5,9
DA:6,9
DA:7,36
DA:11,8
DA:12,8
DA:13,32
DA:18,8
DA:19,16
DA:22,8
DA:23,26
DA:27,8
DA:28,8
DA:29,8
DA:30,24
DA:31,8
DA:32,32
DA:33,2
DA:39,0
DA:40,16
DA:41,16
DA:42,20
LF:21
LH:20
end_of_record
SF:/home/runner/work/figmage/figmage/lib/src/data/util/converters/type_style_conversion_x.dart
DA:9,2
DA:10,1
DA:11,1
DA:12,2
DA:13,2
DA:14,1
DA:15,2
DA:16,3
DA:21,1
DA:23,3
DA:24,0
DA:25,1
DA:26,1
DA:33,1
DA:38,1
LF:15
LH:14
end_of_record
SF:/home/runner/work/figmage/figmage/lib/src/domain/models/config/config.dart
DA:28,37
DA:45,4
DA:99,2
DA:100,18
DA:105,4
DA:106,12
DA:109,2
DA:111,5
DA:112,5
DA:113,5
DA:114,5
DA:115,5
DA:116,5
DA:117,5
DA:118,5
DA:119,5
DA:120,5
DA:121,5
DA:122,5
DA:123,5
DA:124,5
DA:135,60
DA:141,2
DA:142,2
DA:151,2
DA:153,5
DA:154,15
DA:165,59
DA:172,2
DA:173,2
DA:180,1
DA:181,1
DA:183,5
DA:184,15
LF:34
LH:34
end_of_record
SF:/home/runner/work/figmage/figmage/lib/src/domain/models/config/config.g.dart
DA:9,4
DA:12,2
DA:13,2
DA:14,2
DA:15,2
DA:16,4
DA:18,4
DA:19,4
DA:21,4
DA:22,2
DA:24,2
DA:26,2
DA:27,2
DA:29,2
DA:31,2
DA:32,2
DA:34,2
DA:36,2
DA:37,2
DA:39,2
DA:41,2
DA:42,2
DA:44,2
DA:46,1
DA:47,2
DA:49,2
DA:51,2
DA:52,2
DA:54,2
DA:56,2
DA:57,2
DA:59,2
DA:61,2
DA:68,2
DA:69,1
DA:70,1
DA:71,1
DA:72,1
DA:73,1
DA:74,2
DA:75,2
DA:76,2
DA:77,2
DA:78,2
DA:79,2
DA:80,2
DA:81,2
DA:84,4
DA:87,2
DA:88,2
DA:89,4
DA:90,2
DA:92,2
DA:93,4
DA:100,1
DA:101,1
DA:102,1
DA:103,2
DA:106,2
DA:107,2
DA:110,2
DA:111,2
DA:112,4
DA:113,2
DA:115,2
DA:116,4
DA:119,4
DA:125,1
DA:127,1
DA:128,1
DA:129,2
DA:130,1
LF:72
LH:72
end_of_record
SF:/home/runner/work/figmage/figmage/lib/src/domain/models/style/design_style.dart
DA:13,5
DA:22,2
DA:23,10
DA:28,3
DA:30,15
DA:34,2
DA:35,2
DA:40,0
DA:41,0
DA:42,0
DA:45,2
DA:46,2
DA:47,4
DA:50,0
DA:51,0
DA:53,0
DA:62,5
DA:74,4
LF:18
LH:12
end_of_record
SF:/home/runner/work/figmage/figmage/lib/src/domain/models/tokens_by_file_type/tokens_by_type.dart
DA:25,3
DA:28,6
DA:29,3
DA:30,3
DA:31,3
DA:32,3
DA:33,3
DA:37,3
DA:38,2
DA:39,2
DA:40,2
DA:41,2
DA:42,2
DA:46,3
DA:47,2
DA:48,2
DA:49,2
DA:50,2
DA:51,2
LF:19
LH:19
end_of_record
SF:/home/runner/work/figmage/figmage/lib/src/domain/models/typography/typography.dart
DA:49,6
LF:1
LH:1
end_of_record
SF:/home/runner/work/figmage/figmage/lib/src/domain/models/variable/alias_or/alias_or.dart
DA:21,10
DA:40,10
DA:41,3
DA:42,10
DA:43,3
LF:5
LH:5
end_of_record
SF:/home/runner/work/figmage/figmage/lib/src/domain/models/variable/variable.dart
DA:16,8
DA:39,2
DA:40,2
DA:43,2
DA:44,2
DA:76,4
DA:77,8
DA:78,16
DA:81,3
DA:82,3
DA:83,4
DA:84,9
DA:87,1
DA:88,1
DA:89,1
DA:90,1
DA:91,1
DA:92,1
DA:93,1
DA:94,1
DA:95,1
DA:96,1
DA:97,1
DA:98,1
DA:99,1
DA:100,1
DA:103,0
DA:112,7
DA:137,4
DA:162,4
DA:187,5
LF:31
LH:30
end_of_record
SF:/home/runner/work/figmage/figmage/lib/src/domain/providers/config_providers.dart
DA:11,4
DA:12,5
DA:13,2
DA:14,2
LF:4
LH:4
end_of_record
SF:/home/runner/work/figmage/figmage/lib/src/domain/providers/design_token_providers.dart
DA:18,6
DA:19,6
DA:20,6
DA:22,12
DA:23,9
DA:24,3
DA:25,3
DA:26,2
DA:27,2
DA:29,2
DA:30,2
DA:31,3
DA:32,3
DA:33,2
DA:39,3
DA:40,1
DA:45,6
DA:46,4
DA:49,4
DA:51,0
DA:56,4
DA:58,0
DA:61,2
DA:62,1
DA:63,1
DA:65,1
DA:70,1
DA:72,1
DA:73,2
DA:75,1
DA:76,2
DA:78,1
DA:79,2
DA:81,1
DA:82,2
DA:84,1
DA:85,2
DA:93,2
DA:94,1
DA:95,1
DA:96,2
DA:97,2
DA:98,1
DA:100,1
DA:105,1
DA:106,1
DA:107,1
DA:110,1
DA:113,3
DA:116,1
DA:117,3
DA:120,2
DA:129,2
DA:130,1
DA:131,1
DA:132,2
DA:133,2
DA:134,1
DA:136,1
DA:141,1
DA:142,1
DA:143,1
DA:146,1
DA:149,3
DA:152,1
DA:153,3
DA:156,2
LF:67
LH:65
end_of_record
SF:/home/runner/work/figmage/figmage/lib/src/domain/providers/figmage_package_generator_providers.dart
DA:11,2
DA:12,1
DA:16,4
DA:17,2
DA:18,0
DA:20,0
DA:21,0
DA:23,0
DA:25,0
DA:26,0
DA:27,0
DA:28,0
DA:29,0
DA:30,0
DA:31,0
DA:32,0
DA:33,0
DA:34,0
DA:35,0
DA:38,0
DA:41,0
DA:42,0
DA:44,0
DA:45,0
DA:57,0
DA:58,0
DA:61,0
LF:27
LH:4
end_of_record
SF:/home/runner/work/figmage/figmage/lib/src/domain/providers/file_writer_providers.dart
DA:8,2
DA:9,1
DA:10,0
DA:11,0
DA:12,0
DA:13,0
DA:15,0
DA:16,0
DA:19,0
LF:9
LH:2
end_of_record
SF:/home/runner/work/figmage/figmage/lib/src/domain/providers/generator_providers.dart
DA:18,4
DA:19,2
DA:20,2
DA:21,4
DA:23,2
DA:24,6
DA:27,8
DA:29,2
DA:30,2
DA:31,2
DA:34,2
DA:35,4
DA:38,2
DA:39,4
DA:40,1
DA:41,2
DA:42,1
DA:44,2
DA:45,1
DA:46,2
DA:48,2
DA:49,1
DA:51,2
DA:52,1
DA:54,2
DA:55,1
DA:60,2
DA:66,2
DA:67,2
LF:29
LH:29
end_of_record
SF:/home/runner/work/figmage/figmage/lib/src/domain/providers/library_provider.dart
DA:10,4
DA:11,2
DA:12,2
DA:13,4
DA:15,2
DA:16,4
DA:19,2
DA:21,2
DA:22,2
DA:27,3
DA:28,1
DA:29,3
DA:30,2
DA:31,2
DA:32,1
DA:35,2
LF:16
LH:16
end_of_record
SF:/home/runner/work/figmage/figmage/lib/src/domain/providers/logger_providers.dart
DA:5,21
LF:1
LH:1
end_of_record
SF:/home/runner/work/figmage/figmage/lib/src/domain/providers/post_generation_providers.dart
DA:11,2
DA:12,3
DA:13,2
DA:14,2
DA:15,1
DA:17,1
DA:18,1
DA:21,0
LF:8
LH:7
end_of_record
SF:/home/runner/work/figmage/figmage/lib/src/domain/providers/pub_updater_providers.dart
DA:5,3
LF:1
LH:1
end_of_record
SF:/home/runner/work/figmage/figmage/lib/src/domain/repositories/config_repository.dart
DA:9,4
DA:10,2
LF:2
LH:2
end_of_record
SF:/home/runner/work/figmage/figmage/lib/src/domain/repositories/file_writer_repository.dart
DA:7,0
DA:8,0
LF:2
LH:0
end_of_record
SF:/home/runner/work/figmage/figmage/lib/src/domain/repositories/post_generation_repository.dart
DA:9,3
DA:10,1
LF:2
LH:2
end_of_record
SF:/home/runner/work/figmage/figmage/lib/src/domain/repositories/styles_repository.dart
DA:6,2
DA:7,1
DA:26,29
DA:37,28
DA:39,0
DA:50,1
LF:6
LH:5
end_of_record
SF:/home/runner/work/figmage/figmage/lib/src/domain/repositories/variables_repository.dart
DA:10,6
DA:11,3
DA:37,1
DA:48,0
DA:64,1
LF:5
LH:4
end_of_record
SF:/home/runner/work/figmage/figmage/lib/src/domain/util/token_filter_x.dart
DA:9,4
DA:10,2
DA:11,4
DA:12,4
DA:16,2
DA:17,6
DA:21,2
DA:22,8
DA:23,4
DA:24,2
DA:28,3
DA:29,3
DA:30,3
DA:31,6
DA:32,6
DA:38,1
DA:39,1
DA:40,1
DA:41,3
DA:42,3
DA:51,2
DA:52,2
DA:53,2
DA:54,2
DA:55,2
DA:56,4
DA:57,2
DA:58,4
DA:59,6
DA:65,0
DA:66,0
DA:67,0
DA:68,0
DA:72,0
LF:34
LH:29
end_of_record
SF:/home/runner/work/figmage/figmage/lib/src/domain/util/values_by_name_by_mode_x.dart
DA:6,4
DA:7,16
LF:2
LH:2
end_of_record
