SF:/home/runner/work/figmage/figmage/lib/src/command_runner.dart
DA:29,4
DA:31,2
DA:32,2
DA:38,2
DA:44,6
DA:45,6
DA:46,6
DA:51,8
DA:53,1
DA:54,3
DA:56,2
DA:59,2
DA:60,2
DA:61,2
DA:63,2
DA:64,2
DA:67,1
DA:68,2
DA:69,2
DA:70,1
DA:71,2
DA:72,1
DA:73,2
DA:76,2
DA:77,4
DA:78,2
DA:79,4
DA:80,2
DA:84,1
DA:87,3
DA:88,1
DA:89,1
DA:93,1
DA:94,1
DA:95,1
DA:97,2
DA:98,1
DA:99,4
DA:103,1
DA:104,1
DA:105,1
DA:106,3
DA:107,1
DA:108,2
DA:109,1
DA:110,4
DA:117,2
DA:118,2
DA:119,1
DA:122,1
DA:126,3
DA:127,1
DA:136,1
DA:138,1
DA:139,2
DA:140,1
DA:141,1
DA:143,1
DA:144,1
DA:145,1
DA:147,3
DA:148,2
LF:62
LH:62
end_of_record
SF:/home/runner/work/figmage/figmage/lib/src/commands/reforge/reforge_command.dart
DA:11,2
DA:12,4
DA:22,1
DA:26,2
DA:29,4
DA:31,1
DA:35,2
DA:36,1
LF:8
LH:8
end_of_record
SF:/home/runner/work/figmage/figmage/lib/src/commands/shared/forge_settings_providers.dart
DA:18,4
DA:19,5
DA:20,1
DA:21,2
DA:22,1
DA:25,2
DA:27,4
DA:31,1
DA:32,1
DA:33,1
DA:35,2
DA:36,1
DA:37,0
DA:39,1
DA:40,1
DA:41,1
LF:16
LH:15
end_of_record
SF:/home/runner/work/figmage/figmage/lib/src/commands/shared/generation_notifier.dart
DA:16,2
DA:17,2
DA:24,1
DA:26,3
DA:31,5
DA:33,0
DA:38,2
DA:39,3
DA:43,0
DA:45,0
DA:49,2
DA:50,3
DA:54,5
DA:55,1
DA:56,0
DA:57,1
DA:58,0
DA:61,2
DA:62,3
DA:66,5
DA:68,0
LF:21
LH:15
end_of_record
SF:/home/runner/work/figmage/figmage/lib/src/commands/update/update_command.dart
DA:17,2
DA:21,4
DA:23,4
DA:25,1
DA:31,2
DA:34,1
DA:36,2
DA:39,2
DA:41,0
DA:42,0
DA:43,0
DA:45,1
DA:47,1
DA:49,0
DA:50,0
DA:53,3
DA:57,2
DA:62,0
DA:63,0
DA:64,0
DA:67,3
DA:68,0
DA:69,0
DA:70,0
DA:73,2
DA:75,1
LF:26
LH:15
end_of_record
SF:/home/runner/work/figmage/figmage/lib/src/data/generators/color_theme_extension_generator.dart
DA:15,2
DA:19,2
DA:23,1
DA:25,2
DA:26,4
LF:5
LH:5
end_of_record
SF:/home/runner/work/figmage/figmage/lib/src/data/generators/generator_util.dart
DA:4,5
DA:5,5
DA:6,15
DA:7,10
DA:8,10
DA:9,10
DA:19,6
DA:21,18
DA:25,1
DA:26,4
DA:30,6
DA:31,24
LF:12
LH:12
end_of_record
SF:/home/runner/work/figmage/figmage/lib/src/data/generators/number_theme_extension_generator.dart
DA:10,2
DA:14,2
LF:2
LH:2
end_of_record
SF:/home/runner/work/figmage/figmage/lib/src/data/generators/padding_generator.dart
DA:12,2
DA:18,4
DA:43,1
DA:45,3
DA:46,3
DA:47,3
DA:49,1
DA:51,1
DA:56,1
DA:59,1
DA:62,1
DA:63,1
DA:64,2
DA:65,1
DA:76,2
DA:77,1
DA:79,2
DA:82,1
DA:87,1
DA:89,1
DA:92,2
DA:93,1
DA:94,1
DA:95,1
DA:96,2
DA:97,2
DA:98,1
DA:99,1
DA:100,1
DA:101,3
DA:102,1
DA:103,1
DA:104,2
DA:110,1
DA:116,1
DA:117,1
DA:118,1
DA:119,2
DA:120,1
DA:125,3
DA:126,2
DA:127,1
DA:132,2
DA:133,1
DA:138,1
DA:139,1
DA:140,1
DA:141,1
DA:142,2
DA:143,1
DA:144,1
DA:145,1
DA:146,1
DA:152,1
DA:156,1
DA:157,1
DA:158,1
DA:159,1
DA:160,1
DA:164,1
DA:169,1
DA:170,1
DA:171,1
DA:172,1
DA:173,1
DA:174,1
DA:176,7
DA:178,1
DA:179,1
DA:180,1
DA:181,1
DA:182,2
DA:193,1
DA:200,4
DA:201,4
DA:202,4
DA:203,4
DA:204,2
DA:205,2
DA:206,2
DA:208,2
DA:209,2
DA:210,2
DA:212,2
DA:213,2
DA:214,2
DA:215,2
DA:216,2
DA:220,1
DA:222,1
DA:225,1
LF:91
LH:91
end_of_record
SF:/home/runner/work/figmage/figmage/lib/src/data/generators/spacer_generator.dart
DA:12,2
DA:18,4
DA:43,1
DA:45,3
DA:46,3
DA:47,3
DA:49,1
DA:51,1
DA:56,1
DA:59,1
DA:62,1
DA:63,1
DA:64,2
DA:65,1
DA:76,2
DA:77,1
DA:79,2
DA:82,1
DA:87,1
DA:89,1
DA:92,2
DA:93,1
DA:94,1
DA:95,1
DA:96,2
DA:97,2
DA:98,1
DA:99,1
DA:100,1
DA:101,3
DA:102,1
DA:103,1
DA:104,2
DA:110,1
DA:116,1
DA:117,1
DA:118,1
DA:119,2
DA:120,1
DA:125,3
DA:126,2
DA:127,1
DA:132,2
DA:133,1
DA:138,1
DA:139,1
DA:140,1
DA:141,1
DA:142,2
DA:143,1
DA:144,1
DA:145,1
DA:146,1
DA:152,1
DA:156,1
DA:157,1
DA:158,1
DA:159,1
DA:160,1
DA:164,1
DA:168,1
DA:169,1
DA:170,1
DA:171,1
DA:172,1
DA:173,1
DA:174,2
DA:175,1
DA:176,1
DA:177,2
DA:183,1
DA:184,1
DA:185,1
DA:186,1
DA:187,2
DA:188,1
DA:189,1
DA:190,2
DA:199,1
DA:205,4
DA:206,4
DA:208,2
DA:209,1
DA:211,1
LF:84
LH:84
end_of_record
SF:/home/runner/work/figmage/figmage/lib/src/data/generators/text_style_theme_extension_generator.dart
DA:18,2
DA:23,2
DA:31,1
DA:33,1
DA:34,1
DA:36,1
DA:37,1
DA:38,1
DA:43,1
DA:59,1
DA:64,2
DA:65,3
DA:66,1
DA:75,1
DA:80,1
DA:81,3
DA:82,3
DA:83,5
DA:84,3
DA:85,1
DA:86,1
DA:87,1
DA:90,3
DA:91,3
DA:92,3
DA:93,1
DA:94,1
DA:95,1
DA:96,1
DA:97,0
LF:30
LH:29
end_of_record
SF:/home/runner/work/figmage/figmage/lib/src/data/generators/values_by_mode_theme_extension_generator.dart
DA:36,4
DA:43,4
DA:44,8
DA:78,1
DA:79,2
DA:80,1
DA:82,0
DA:83,0
DA:88,3
DA:90,6
DA:91,6
DA:92,0
DA:93,3
DA:94,3
DA:96,3
DA:97,9
DA:101,6
DA:102,3
DA:105,3
DA:108,3
DA:110,3
DA:113,3
DA:114,3
DA:115,6
DA:116,3
DA:126,6
DA:127,3
DA:129,6
DA:132,3
DA:136,3
DA:139,3
DA:141,3
DA:142,3
DA:143,3
DA:144,6
DA:145,6
DA:146,3
DA:147,3
DA:148,3
DA:149,9
DA:150,3
DA:151,3
DA:152,3
DA:153,6
DA:159,3
DA:164,6
DA:166,12
DA:167,3
DA:168,3
DA:169,3
DA:170,6
DA:171,3
DA:176,3
DA:177,6
DA:178,9
DA:179,9
DA:180,6
DA:181,3
DA:186,9
DA:187,3
DA:192,3
DA:201,3
DA:205,3
DA:206,3
DA:207,9
DA:208,3
DA:209,6
DA:210,9
DA:211,3
DA:212,3
DA:213,3
DA:214,6
DA:215,3
DA:216,3
DA:217,3
DA:220,3
DA:221,3
DA:222,3
DA:223,6
DA:226,9
DA:227,6
DA:228,3
DA:229,3
DA:230,3
DA:235,3
DA:239,7
DA:240,9
DA:241,3
DA:242,3
DA:243,3
DA:244,6
DA:245,3
DA:246,3
DA:247,6
DA:248,3
DA:255,3
DA:260,3
DA:261,3
DA:262,9
DA:263,3
DA:264,6
DA:265,3
DA:266,3
DA:267,6
DA:268,3
DA:269,6
DA:270,3
DA:274,6
DA:275,9
DA:279,3
DA:282,15
DA:283,3
DA:284,9
DA:285,6
DA:290,3
DA:294,3
DA:295,3
DA:296,3
DA:297,3
DA:298,3
DA:299,3
DA:300,3
DA:305,3
DA:306,3
DA:307,3
DA:308,3
DA:309,6
DA:310,3
DA:311,3
DA:312,3
DA:313,3
DA:314,3
DA:315,3
DA:316,3
DA:317,3
DA:324,3
DA:327,3
DA:328,6
DA:329,3
DA:330,3
DA:331,3
DA:333,3
DA:334,3
DA:335,3
DA:336,3
DA:338,3
DA:339,3
DA:340,3
DA:341,9
DA:342,6
DA:353,3
DA:354,3
DA:355,3
DA:356,6
DA:360,3
DA:364,1
DA:365,1
DA:373,1
DA:378,3
DA:382,9
DA:383,6
DA:384,3
DA:385,9
DA:387,9
DA:388,6
DA:389,8
LF:166
LH:163
end_of_record
SF:/home/runner/work/figmage/figmage/lib/src/data/repositories/dart_code_file_writer_repository.dart
DA:7,0
DA:13,0
DA:14,0
DA:16,0
DA:17,0
DA:18,0
DA:22,0
LF:7
LH:0
end_of_record
SF:/home/runner/work/figmage/figmage/lib/src/data/repositories/dart_post_generation_repository.dart
DA:29,23
DA:35,2
DA:41,5
DA:44,2
DA:48,1
DA:51,3
DA:52,2
DA:54,1
DA:55,1
DA:57,3
DA:58,2
DA:60,1
DA:61,1
DA:63,3
DA:64,2
DA:66,1
DA:67,1
LF:17
LH:17
end_of_record
SF:/home/runner/work/figmage/figmage/lib/src/data/repositories/figma_styles_repository.dart
DA:12,0
DA:17,0
DA:20,0
DA:21,0
DA:22,0
DA:25,0
DA:27,0
DA:28,0
DA:33,0
DA:35,0
DA:36,0
DA:39,0
DA:40,0
DA:42,0
DA:44,0
DA:45,0
DA:47,0
DA:51,0
DA:52,0
DA:53,0
DA:54,0
DA:55,0
DA:56,0
DA:58,0
DA:59,0
DA:60,0
DA:61,0
DA:62,0
DA:64,0
DA:69,0
DA:70,0
DA:71,0
DA:72,0
LF:33
LH:0
end_of_record
SF:/home/runner/work/figmage/figmage/lib/src/data/repositories/figma_variables_repository.dart
DA:16,0
DA:21,0
DA:22,0
DA:26,1
DA:33,2
DA:37,1
DA:39,1
DA:41,2
DA:43,1
DA:44,0
DA:46,1
DA:48,2
DA:51,3
DA:53,2
DA:55,1
DA:57,2
DA:60,1
DA:61,2
DA:68,0
DA:72,0
DA:75,0
DA:76,0
DA:77,0
DA:78,0
DA:80,0
DA:83,0
DA:91,1
DA:95,2
DA:96,2
DA:98,3
DA:100,2
DA:101,1
DA:102,1
DA:103,4
DA:105,1
DA:107,1
DA:108,2
DA:109,1
DA:110,1
DA:111,1
DA:112,1
DA:113,1
DA:115,1
DA:116,1
DA:117,1
DA:118,1
DA:119,1
DA:120,2
DA:121,2
DA:123,1
DA:128,2
DA:129,1
DA:130,1
DA:131,1
DA:132,1
DA:133,1
DA:135,1
DA:136,1
DA:137,1
DA:138,1
DA:139,1
DA:140,2
DA:141,2
DA:143,1
DA:148,2
DA:149,1
DA:150,1
DA:151,1
DA:152,1
DA:153,1
DA:155,1
DA:156,1
DA:157,1
DA:158,1
DA:159,1
DA:160,2
DA:161,2
DA:163,1
DA:168,2
DA:169,1
DA:170,1
DA:171,1
DA:172,1
DA:173,1
DA:175,1
DA:176,1
DA:177,1
DA:178,1
DA:179,1
DA:180,2
DA:181,2
DA:183,1
DA:188,0
DA:189,0
DA:193,2
DA:203,1
DA:207,0
DA:208,1
DA:209,0
DA:210,0
DA:211,0
DA:215,3
DA:216,3
DA:217,3
DA:218,3
LF:105
LH:87
end_of_record
SF:/home/runner/work/figmage/figmage/lib/src/data/repositories/yaml_config_repository.dart
DA:17,1
DA:21,4
DA:23,1
DA:27,0
DA:28,1
DA:32,4
DA:34,2
DA:35,2
DA:39,1
DA:43,1
DA:45,0
DA:46,0
DA:49,3
DA:51,1
DA:52,2
DA:63,1
DA:64,2
DA:65,0
DA:66,0
DA:69,1
DA:70,1
DA:71,1
DA:72,1
DA:73,1
LF:24
LH:19
end_of_record
SF:/home/runner/work/figmage/figmage/lib/src/data/util/converters/color_conversion_x.dart
DA:6,0
DA:7,0
DA:8,0
DA:9,0
DA:10,0
DA:11,0
DA:12,0
DA:14,0
LF:8
LH:0
end_of_record
SF:/home/runner/work/figmage/figmage/lib/src/data/util/converters/string_dart_conversion_x.dart
DA:5,6
DA:6,24
DA:10,6
DA:11,24
DA:16,18
DA:19,6
DA:20,19
DA:24,6
DA:26,30
DA:27,24
DA:28,1
DA:34,0
DA:35,12
DA:36,12
DA:37,9
LF:15
LH:14
end_of_record
SF:/home/runner/work/figmage/figmage/lib/src/data/util/converters/type_style_conversion_x.dart
DA:9,0
DA:10,0
DA:11,0
DA:12,0
DA:13,0
DA:14,0
DA:15,0
DA:16,0
DA:21,0
DA:23,0
DA:24,0
DA:25,0
DA:26,0
DA:33,0
DA:38,0
LF:15
LH:0
end_of_record
SF:/home/runner/work/figmage/figmage/lib/src/domain/models/config/config.dart
DA:28,31
DA:44,4
DA:91,2
DA:92,18
DA:97,4
DA:98,12
DA:101,2
DA:103,5
DA:104,5
DA:105,5
DA:106,5
DA:107,5
DA:108,5
DA:109,5
DA:110,5
DA:111,5
DA:112,5
DA:113,5
DA:114,5
DA:115,5
DA:116,5
DA:127,48
DA:133,2
DA:134,2
DA:143,2
DA:145,5
DA:146,15
DA:157,47
DA:164,2
DA:165,2
DA:172,1
DA:173,1
DA:175,5
DA:176,15
LF:34
LH:34
end_of_record
SF:/home/runner/work/figmage/figmage/lib/src/domain/models/config/config.g.dart
DA:9,4
DA:12,2
DA:13,2
DA:14,2
DA:15,2
DA:16,4
DA:18,4
DA:19,4
DA:20,2
DA:22,2
DA:24,2
DA:25,2
DA:27,2
DA:29,2
DA:30,2
DA:32,2
DA:34,2
DA:35,2
DA:37,2
DA:39,2
DA:40,2
DA:42,2
DA:44,1
DA:45,2
DA:47,2
DA:49,2
DA:50,2
DA:52,2
DA:54,2
DA:55,2
DA:57,2
DA:59,2
DA:66,2
DA:67,1
DA:68,1
DA:69,1
DA:70,1
DA:71,2
DA:72,2
DA:73,2
DA:74,2
DA:75,2
DA:76,2
DA:77,2
DA:78,2
DA:81,4
DA:84,2
DA:85,2
DA:86,4
DA:87,2
DA:89,2
DA:90,4
DA:97,1
DA:98,1
DA:99,1
DA:100,2
DA:103,2
DA:104,2
DA:107,2
DA:108,2
DA:109,4
DA:110,2
DA:112,2
DA:113,4
DA:116,4
DA:122,1
DA:124,1
DA:125,1
DA:126,2
DA:127,1
LF:70
LH:70
end_of_record
SF:/home/runner/work/figmage/figmage/lib/src/domain/models/style/design_style.dart
DA:13,3
DA:25,0
DA:26,0
DA:31,1
DA:32,1
DA:33,2
DA:36,0
DA:37,0
DA:39,0
DA:48,3
DA:60,2
LF:11
LH:6
end_of_record
SF:/home/runner/work/figmage/figmage/lib/src/domain/models/tokens_by_file_type/tokens_by_type.dart
DA:24,3
LF:1
LH:1
end_of_record
SF:/home/runner/work/figmage/figmage/lib/src/domain/models/typography/typography.dart
DA:49,3
LF:1
LH:1
end_of_record
SF:/home/runner/work/figmage/figmage/lib/src/domain/models/variable/alias_or/alias_or.dart
DA:21,8
DA:35,8
DA:36,3
DA:37,8
LF:4
LH:4
end_of_record
SF:/home/runner/work/figmage/figmage/lib/src/domain/models/variable/variable.dart
DA:27,6
DA:79,2
DA:80,2
DA:81,3
DA:82,6
DA:85,0
DA:86,0
DA:87,0
DA:88,0
DA:89,0
DA:90,0
DA:91,0
DA:92,0
DA:93,0
DA:94,0
DA:95,0
DA:96,0
DA:97,0
DA:98,0
DA:101,0
DA:110,4
DA:135,4
DA:160,4
DA:185,5
LF:24
LH:9
end_of_record
SF:/home/runner/work/figmage/figmage/lib/src/domain/providers/config_providers.dart
DA:11,4
DA:12,5
DA:13,2
DA:14,2
LF:4
LH:4
end_of_record
SF:/home/runner/work/figmage/figmage/lib/src/domain/providers/design_token_providers.dart
DA:14,6
DA:15,4
DA:18,4
DA:20,0
DA:25,4
DA:27,0
DA:30,2
DA:31,1
DA:32,1
DA:34,1
DA:39,1
DA:41,1
DA:42,2
DA:44,1
DA:45,2
DA:47,1
DA:48,2
DA:50,1
DA:51,2
DA:53,1
DA:54,2
DA:62,2
DA:63,1
DA:64,1
DA:65,2
DA:66,2
DA:67,1
DA:69,1
DA:74,1
DA:75,1
DA:76,1
DA:79,1
DA:82,3
DA:85,1
DA:86,3
DA:89,2
DA:98,2
DA:99,1
DA:100,1
DA:101,2
DA:102,2
DA:103,1
DA:105,1
DA:110,1
DA:111,1
DA:112,1
DA:115,1
DA:118,3
DA:121,1
DA:122,3
DA:125,2
LF:51
LH:49
end_of_record
SF:/home/runner/work/figmage/figmage/lib/src/domain/providers/figmage_package_generator_providers.dart
DA:11,2
DA:12,1
DA:16,4
DA:17,2
DA:18,0
DA:20,0
DA:21,0
DA:23,0
DA:25,0
DA:26,0
DA:27,0
DA:28,0
DA:29,0
DA:30,0
DA:31,0
DA:32,0
DA:33,0
DA:34,0
DA:35,0
DA:38,0
DA:41,0
DA:42,0
DA:44,0
DA:45,0
DA:57,0
DA:58,0
DA:61,0
LF:27
LH:4
end_of_record
SF:/home/runner/work/figmage/figmage/lib/src/domain/providers/file_writer_providers.dart
DA:8,2
DA:9,1
DA:10,0
DA:11,0
DA:12,0
DA:13,0
DA:15,0
DA:16,0
DA:19,0
LF:9
LH:2
end_of_record
SF:/home/runner/work/figmage/figmage/lib/src/domain/providers/generator_providers.dart
DA:22,4
DA:23,2
DA:24,2
DA:25,4
DA:27,8
DA:28,8
DA:30,2
DA:31,2
DA:32,2
DA:35,2
DA:36,4
DA:39,2
DA:40,4
DA:41,1
DA:43,1
DA:44,3
DA:46,1
DA:47,1
DA:48,2
DA:51,1
DA:52,3
DA:54,1
DA:55,1
DA:57,2
DA:58,2
DA:61,1
DA:62,3
DA:64,1
DA:65,1
DA:66,2
DA:69,1
DA:72,1
DA:73,1
DA:74,1
DA:75,1
DA:76,1
DA:78,2
DA:81,1
DA:84,1
DA:85,1
DA:86,1
DA:87,1
DA:88,1
DA:90,2
DA:92,1
DA:93,1
DA:94,1
DA:99,2
DA:100,2
DA:101,2
DA:102,1
DA:104,2
DA:105,4
DA:112,2
DA:113,2
LF:55
LH:55
end_of_record
SF:/home/runner/work/figmage/figmage/lib/src/domain/providers/logger_providers.dart
DA:5,18
LF:1
LH:1
end_of_record
SF:/home/runner/work/figmage/figmage/lib/src/domain/providers/post_generation_providers.dart
DA:11,2
DA:12,3
DA:13,2
DA:14,2
DA:15,1
DA:17,1
DA:18,1
DA:21,0
LF:8
LH:7
end_of_record
SF:/home/runner/work/figmage/figmage/lib/src/domain/providers/pub_updater_providers.dart
DA:5,3
LF:1
LH:1
end_of_record
SF:/home/runner/work/figmage/figmage/lib/src/domain/repositories/config_repository.dart
DA:9,4
DA:10,2
LF:2
LH:2
end_of_record
SF:/home/runner/work/figmage/figmage/lib/src/domain/repositories/file_writer_repository.dart
DA:7,0
DA:8,0
LF:2
LH:0
end_of_record
SF:/home/runner/work/figmage/figmage/lib/src/domain/repositories/post_generation_repository.dart
DA:9,3
DA:10,1
LF:2
LH:2
end_of_record
SF:/home/runner/work/figmage/figmage/lib/src/domain/repositories/styles_repository.dart
DA:6,2
DA:7,1
DA:26,23
DA:37,22
DA:39,0
DA:50,1
LF:6
LH:5
end_of_record
SF:/home/runner/work/figmage/figmage/lib/src/domain/repositories/variables_repository.dart
DA:10,6
DA:11,3
DA:71,1
DA:82,0
DA:98,1
LF:5
LH:4
end_of_record
SF:/home/runner/work/figmage/figmage/lib/src/domain/util/token_filter_x.dart
DA:8,4
DA:9,2
DA:10,4
DA:11,4
DA:17,2
DA:18,4
DA:19,8
DA:20,2
DA:21,4
DA:22,2
DA:23,2
DA:24,4
DA:25,2
DA:26,4
DA:27,6
LF:15
LH:15
end_of_record
